<?xml version="1.0" encoding="UTF-8"?>
<!-- Generated by org.testng.reporters.JUnitReportReporter -->
<testsuite hostname="LTCH-5CD105HTG9" name="restassured.automation.ETTestcases.Restassured_Automation_ETRolesUser" tests="3" failures="0" timestamp="6 May 2021 14:30:25 GMT" time="4.782" errors="0">
  <testcase name="PortalRoles_GetQueryForUsers_Status400" time="0.908" classname="restassured.automation.ETTestcases.Restassured_Automation_ETRolesUser"/>
  <testcase name="PortalRoles_GetQueryForUsers_Status200" time="3.407" classname="restassured.automation.ETTestcases.Restassured_Automation_ETRolesUser"/>
  <testcase name="PortalRoles_GetUserWithRoles_Status200" time="0.467" classname="restassured.automation.ETTestcases.Restassured_Automation_ETRolesUser"/>
</testsuite> <!-- restassured.automation.ETTestcases.Restassured_Automation_ETRolesUser -->
