<?xml version="1.0" encoding="UTF-8"?>
<!-- Generated by org.testng.reporters.JUnitReportReporter -->
<testsuite hostname="LTCH-5CD105HTG9" name="restassured.automation.testcases.Restassured_Automation_ProcedureGroups" tests="12" failures="1" timestamp="9 Jun 2021 08:12:52 GMT" time="304.729" errors="0">
  <testcase name="ProcedureGroupTree_DeleteCreateAProcedureGroupTree_status400" time="27.647" classname="restassured.automation.testcases.Restassured_Automation_ProcedureGroups"/>
  <testcase name="ProcedureGroup_PostCreateAProcedureGroup_status400" time="24.473" classname="restassured.automation.testcases.Restassured_Automation_ProcedureGroups"/>
  <testcase name="ProcedureGroup_PutCreateAProcedureGroup_status400" time="23.144" classname="restassured.automation.testcases.Restassured_Automation_ProcedureGroups"/>
  <testcase name="ProcedureGroup_PostCreateAProcedureGroup_status200" time="23.243" classname="restassured.automation.testcases.Restassured_Automation_ProcedureGroups"/>
  <testcase name="ProcedureGroup_PostCreateAProcedureGroup_status409" time="26.420" classname="restassured.automation.testcases.Restassured_Automation_ProcedureGroups">
    <failure type="java.lang.AssertionError" message="expected [409] but found [200]">
      <![CDATA[java.lang.AssertionError: expected [409] but found [200]
	at org.testng.Assert.fail(Assert.java:94)
	at org.testng.Assert.failNotEquals(Assert.java:513)
	at org.testng.Assert.assertEqualsImpl(Assert.java:135)
	at org.testng.Assert.assertEquals(Assert.java:116)
	at org.testng.Assert.assertEquals(Assert.java:389)
	at org.testng.Assert.assertEquals(Assert.java:399)
	at restassured.automation.testcases.Restassured_Automation_ProcedureGroups.ProcedureGroup_PostCreateAProcedureGroup_status409(Restassured_Automation_ProcedureGroups.java:1262)
	at sun.reflect.NativeMethodAccessorImpl.invoke0(Native Method)
	at sun.reflect.NativeMethodAccessorImpl.invoke(Unknown Source)
	at sun.reflect.DelegatingMethodAccessorImpl.invoke(Unknown Source)
	at java.lang.reflect.Method.invoke(Unknown Source)
	at org.testng.internal.MethodInvocationHelper.invokeMethod(MethodInvocationHelper.java:86)
	at org.testng.internal.Invoker.invokeMethod(Invoker.java:645)
	at org.testng.internal.Invoker.invokeTestMethod(Invoker.java:822)
	at org.testng.internal.Invoker.invokeTestMethods(Invoker.java:1130)
	at org.testng.internal.TestMethodWorker.invokeTestMethods(TestMethodWorker.java:129)
	at org.testng.internal.TestMethodWorker.run(TestMethodWorker.java:112)
	at org.testng.TestRunner.privateRun(TestRunner.java:782)
	at org.testng.TestRunner.run(TestRunner.java:632)
	at org.testng.SuiteRunner.runTest(SuiteRunner.java:366)
	at org.testng.SuiteRunner.runSequentially(SuiteRunner.java:361)
	at org.testng.SuiteRunner.privateRun(SuiteRunner.java:319)
	at org.testng.SuiteRunner.run(SuiteRunner.java:268)
	at org.testng.SuiteRunnerWorker.runSuite(SuiteRunnerWorker.java:52)
	at org.testng.SuiteRunnerWorker.run(SuiteRunnerWorker.java:86)
	at org.testng.TestNG.runSuitesSequentially(TestNG.java:1244)
	at org.testng.TestNG.runSuitesLocally(TestNG.java:1169)
	at org.testng.TestNG.run(TestNG.java:1064)
	at org.testng.remote.RemoteTestNG.run(RemoteTestNG.java:113)
	at org.testng.remote.RemoteTestNG.initAndRun(RemoteTestNG.java:206)
	at org.testng.remote.RemoteTestNG.main(RemoteTestNG.java:177)
]]>
    </failure>
  </testcase> <!-- ProcedureGroup_PostCreateAProcedureGroup_status409 -->
  <testcase name="ProcedureGroupTree_PostCreateAProcedureGroupTree_status400" time="26.172" classname="restassured.automation.testcases.Restassured_Automation_ProcedureGroups"/>
  <testcase name="ProcedureGroupTree_PutCreateAProcedureGroupTree_status400" time="25.358" classname="restassured.automation.testcases.Restassured_Automation_ProcedureGroups"/>
  <testcase name="ProcedureGroup_GetCreateAProcedureGroup_status200" time="23.857" classname="restassured.automation.testcases.Restassured_Automation_ProcedureGroups"/>
  <testcase name="ProcedureGroupTree_PostCreateAProcedureGroupTree_status204" time="26.357" classname="restassured.automation.testcases.Restassured_Automation_ProcedureGroups"/>
  <testcase name="ProcedureGroupTree_PutCreateAProcedureGroupTree_status204" time="27.376" classname="restassured.automation.testcases.Restassured_Automation_ProcedureGroups"/>
  <testcase name="ProcedureGroup_PutCreateAProcedureGroup_status200" time="24.981" classname="restassured.automation.testcases.Restassured_Automation_ProcedureGroups"/>
  <testcase name="ProcedureGroupTree_DeleteCreateAProcedureGroupTree_status204" time="25.701" classname="restassured.automation.testcases.Restassured_Automation_ProcedureGroups"/>
</testsuite> <!-- restassured.automation.testcases.Restassured_Automation_ProcedureGroups -->
