<?xml version="1.0" encoding="UTF-8"?>
<!-- Generated by org.testng.reporters.JUnitReportReporter -->
<testsuite skipped="0" hostname="LT-CHN-33875" name="restassured.automation.ETTestcases.Restassured_Automation_ETMethodology" tests="1" failures="0" timestamp="20 May 2021 15:55:49 GMT" time="3.743" errors="0">
  <testcase name="ETMethodology_GetAMethodologyForAnEngagement_Status200" time="3.743" classname="restassured.automation.ETTestcases.Restassured_Automation_ETMethodology"/>
</testsuite> <!-- restassured.automation.ETTestcases.Restassured_Automation_ETMethodology -->
