<?xml version="1.0" encoding="UTF-8"?>
<!-- Generated by org.testng.reporters.JUnitReportReporter -->
<testsuite hostname="LTCH-5CD105HTG9" name="restassured.automation.testcases.Restassured_Automation_ItemSelectQuestion" tests="27" failures="0" timestamp="14 Jun 2021 11:56:07 GMT" time="220.371" errors="0">
  <testcase name="ItemSelectQuestion_MoveASelectQuestionFromItemOption_status200" time="8.576" classname="restassured.automation.testcases.Restassured_Automation_ItemSelectQuestion"/>
  <testcase name="ItemSelectQuestion_PostCreateANewOptionForAnItemSelectQuestion_status200" time="5.841" classname="restassured.automation.testcases.Restassured_Automation_ItemSelectQuestion"/>
  <testcase name="ItemSelectQuestion_UpdateASelectQuestionItemOptionGroup_404" time="9.210" classname="restassured.automation.testcases.Restassured_Automation_ItemSelectQuestion"/>
  <testcase name="ItemSelectQuestion_CreateANewOptionGroupForAnItemSelectQuestionStatus_404" time="7.727" classname="restassured.automation.testcases.Restassured_Automation_ItemSelectQuestion"/>
  <testcase name="ItemSelectQuestion_PutSafelyInitializeNewOptionsForASelectQuestion_status400" time="5.885" classname="restassured.automation.testcases.Restassured_Automation_ItemSelectQuestion"/>
  <testcase name="ItemSelectQuestion_PatchUpdateASelectQuestionItemOption_status400" time="7.081" classname="restassured.automation.testcases.Restassured_Automation_ItemSelectQuestion"/>
  <testcase name="ItemSelectQuestion_PutSafelyInitializeNewOptionsForASelectQuestion_status404" time="6.501" classname="restassured.automation.testcases.Restassured_Automation_ItemSelectQuestion"/>
  <testcase name="ItemSelectQuestion_GetOptionsForASpecificItemSelectQuestionMethodologyItem_status400" time="6.484" classname="restassured.automation.testcases.Restassured_Automation_ItemSelectQuestion"/>
  <testcase name="ItemSelectQuestion_GetOptionsForASpecificItemSelectQuestionMethodologyItem_status200" time="6.063" classname="restassured.automation.testcases.Restassured_Automation_ItemSelectQuestion"/>
  <testcase name="ItemSelectQuestion_DeleteAnOptionFromAnItemSelectQuestion_status404" time="6.857" classname="restassured.automation.testcases.Restassured_Automation_ItemSelectQuestion"/>
  <testcase name="ItemSelectQuestion_DeleteAnOptionFromAnItemSelectQuestion_Status400" time="12.490" classname="restassured.automation.testcases.Restassured_Automation_ItemSelectQuestion"/>
  <testcase name="ItemSelectQuestion_PostCreateANewOptionForAnItemSelectQuestion_status400" time="5.947" classname="restassured.automation.testcases.Restassured_Automation_ItemSelectQuestion"/>
  <testcase name="ItemSelectQuestion_MoveASelectQuestionFromItemOption_status400" time="8.352" classname="restassured.automation.testcases.Restassured_Automation_ItemSelectQuestion"/>
  <testcase name="ItemSelectQuestion_DeleteAnOptionGroupFromAnItemSelectQuestion_404" time="11.081" classname="restassured.automation.testcases.Restassured_Automation_ItemSelectQuestion"/>
  <testcase name="ItemSelectQuestion_PostCreateANewOptionForAnItemSelectQuestion_status404" time="6.495" classname="restassured.automation.testcases.Restassured_Automation_ItemSelectQuestion"/>
  <testcase name="ItemSelectQuestion_DeleteAnOptionGroupFromAnItemSelectQuestion_400" time="12.469" classname="restassured.automation.testcases.Restassured_Automation_ItemSelectQuestion"/>
  <testcase name="ItemSelectQuestion_DeleteAnOptionGroupFromAnItemSelectQuestion_204" time="9.595" classname="restassured.automation.testcases.Restassured_Automation_ItemSelectQuestion"/>
  <testcase name="ItemSelectQuestion_CreateANewOptionGroupForAnItemSelectQuestionStatus_200" time="8.395" classname="restassured.automation.testcases.Restassured_Automation_ItemSelectQuestion"/>
  <testcase name="ItemSelectQuestion_PatchUpdateASelectQuestionItemOption_status404" time="7.165" classname="restassured.automation.testcases.Restassured_Automation_ItemSelectQuestion"/>
  <testcase name="ItemSelectQuestion_CreateANewOptionGroupForAnItemSelectQuestionStatus_400" time="6.969" classname="restassured.automation.testcases.Restassured_Automation_ItemSelectQuestion"/>
  <testcase name="ItemSelectQuestion_UpdateASelectQuestionItemOptionGroup_204" time="9.520" classname="restassured.automation.testcases.Restassured_Automation_ItemSelectQuestion"/>
  <testcase name="ItemSelectQuestion_DeleteAnOptionFromAnItemSelectQuestion_status200" time="7.870" classname="restassured.automation.testcases.Restassured_Automation_ItemSelectQuestion"/>
  <testcase name="ItemSelectQuestion_PutSafelyInitializeNewOptionsForASelectQuestion_status200" time="5.995" classname="restassured.automation.testcases.Restassured_Automation_ItemSelectQuestion"/>
  <testcase name="ItemSelectQuestion_GetOptionsForASpecificItemSelectQuestionMethodologyItem_status404" time="10.561" classname="restassured.automation.testcases.Restassured_Automation_ItemSelectQuestion"/>
  <testcase name="ItemSelectQuestion_MoveASelectQuestionFromItemOption_status404" time="8.902" classname="restassured.automation.testcases.Restassured_Automation_ItemSelectQuestion"/>
  <testcase name="ItemSelectQuestion_UpdateASelectQuestionItemOptionGroup_400" time="9.422" classname="restassured.automation.testcases.Restassured_Automation_ItemSelectQuestion"/>
  <testcase name="ItemSelectQuestion_PatchUpdateASelectQuestionItemOption_status200" time="8.918" classname="restassured.automation.testcases.Restassured_Automation_ItemSelectQuestion"/>
</testsuite> <!-- restassured.automation.testcases.Restassured_Automation_ItemSelectQuestion -->
