<?xml version="1.0" encoding="UTF-8"?>
<!-- Generated by org.testng.reporters.JUnitReportReporter -->
<testsuite hostname="LTCH-5CD105HTG9" name="restassured.automation.ETTestcases.Restassured_Automation_ETPortalRoles" tests="1" failures="0" timestamp="6 May 2021 15:55:39 GMT" time="2.910" errors="0">
  <testcase name="PortalRoles_PatchRolesPortal_Status204" time="2.910" classname="restassured.automation.ETTestcases.Restassured_Automation_ETPortalRoles"/>
</testsuite> <!-- restassured.automation.ETTestcases.Restassured_Automation_ETPortalRoles -->
