<?xml version="1.0" encoding="UTF-8"?>
<!-- Generated by org.testng.reporters.JUnitReportReporter -->
<testsuite hostname="LTCH-5CD105HTG9" name="restassured.automation.testcases.Restassured_Automation_OrgRoles" tests="3" failures="0" timestamp="4 May 2021 08:53:28 GMT" time="8.875" errors="0">
  <testcase name="OrganisationRoles_GetTheListOfRoleDefinationsForTheOrganization_status200" time="0.527" classname="restassured.automation.testcases.Restassured_Automation_OrgRoles"/>
  <testcase name="OrganisationRoles_GetSuperUserFuntionGetAListOfAllPremissionForAUser_status200" time="7.227" classname="restassured.automation.testcases.Restassured_Automation_OrgRoles"/>
  <testcase name="OrganisationRoles_LoadAllRolesInformationForAnOrganizationWithStatus_200" time="1.121" classname="restassured.automation.testcases.Restassured_Automation_OrgRoles"/>
</testsuite> <!-- restassured.automation.testcases.Restassured_Automation_OrgRoles -->
