<?xml version="1.0" encoding="UTF-8"?>
<!-- Generated by org.testng.reporters.JUnitReportReporter -->
<testsuite skipped="0" hostname="LT-CHN-33875" name="restassured.automation.testcases.Restassured_Automation_ItemSelectQuestion" tests="27" failures="0" timestamp="13 Jun 2021 05:54:56 GMT" time="559.868" errors="0">
  <testcase name="ItemSelectQuestion_UpdateASelectQuestionItemOptionGroup_404" time="24.161" classname="restassured.automation.testcases.Restassured_Automation_ItemSelectQuestion"/>
  <testcase name="ItemSelectQuestion_DeleteAnOptionFromAnItemSelectQuestion_Status400" time="26.727" classname="restassured.automation.testcases.Restassured_Automation_ItemSelectQuestion"/>
  <testcase name="ItemSelectQuestion_CreateANewOptionGroupForAnItemSelectQuestionStatus_400" time="19.023" classname="restassured.automation.testcases.Restassured_Automation_ItemSelectQuestion"/>
  <testcase name="ItemSelectQuestion_GetOptionsForASpecificItemSelectQuestionMethodologyItem_status400" time="18.557" classname="restassured.automation.testcases.Restassured_Automation_ItemSelectQuestion"/>
  <testcase name="ItemSelectQuestion_PatchUpdateASelectQuestionItemOption_status200" time="20.680" classname="restassured.automation.testcases.Restassured_Automation_ItemSelectQuestion"/>
  <testcase name="ItemSelectQuestion_GetOptionsForASpecificItemSelectQuestionMethodologyItem_status404" time="20.480" classname="restassured.automation.testcases.Restassured_Automation_ItemSelectQuestion"/>
  <testcase name="ItemSelectQuestion_PatchUpdateASelectQuestionItemOption_status400" time="16.793" classname="restassured.automation.testcases.Restassured_Automation_ItemSelectQuestion"/>
  <testcase name="ItemSelectQuestion_PostCreateANewOptionForAnItemSelectQuestion_status400" time="14.903" classname="restassured.automation.testcases.Restassured_Automation_ItemSelectQuestion"/>
  <testcase name="ItemSelectQuestion_PutSafelyInitializeNewOptionsForASelectQuestion_status404" time="14.528" classname="restassured.automation.testcases.Restassured_Automation_ItemSelectQuestion"/>
  <testcase name="ItemSelectQuestion_CreateANewOptionGroupForAnItemSelectQuestionStatus_404" time="23.102" classname="restassured.automation.testcases.Restassured_Automation_ItemSelectQuestion"/>
  <testcase name="ItemSelectQuestion_PatchUpdateASelectQuestionItemOption_status404" time="18.736" classname="restassured.automation.testcases.Restassured_Automation_ItemSelectQuestion"/>
  <testcase name="ItemSelectQuestion_DeleteAnOptionGroupFromAnItemSelectQuestion_204" time="31.843" classname="restassured.automation.testcases.Restassured_Automation_ItemSelectQuestion"/>
  <testcase name="ItemSelectQuestion_DeleteAnOptionFromAnItemSelectQuestion_status404" time="20.774" classname="restassured.automation.testcases.Restassured_Automation_ItemSelectQuestion"/>
  <testcase name="ItemSelectQuestion_UpdateASelectQuestionItemOptionGroup_400" time="25.421" classname="restassured.automation.testcases.Restassured_Automation_ItemSelectQuestion"/>
  <testcase name="ItemSelectQuestion_MoveASelectQuestionFromItemOption_status200" time="25.494" classname="restassured.automation.testcases.Restassured_Automation_ItemSelectQuestion"/>
  <testcase name="ItemSelectQuestion_DeleteAnOptionGroupFromAnItemSelectQuestion_404" time="26.676" classname="restassured.automation.testcases.Restassured_Automation_ItemSelectQuestion"/>
  <testcase name="ItemSelectQuestion_UpdateASelectQuestionItemOptionGroup_204" time="23.641" classname="restassured.automation.testcases.Restassured_Automation_ItemSelectQuestion"/>
  <testcase name="ItemSelectQuestion_PutSafelyInitializeNewOptionsForASelectQuestion_status400" time="14.436" classname="restassured.automation.testcases.Restassured_Automation_ItemSelectQuestion"/>
  <testcase name="ItemSelectQuestion_PostCreateANewOptionForAnItemSelectQuestion_status404" time="15.329" classname="restassured.automation.testcases.Restassured_Automation_ItemSelectQuestion"/>
  <testcase name="ItemSelectQuestion_MoveASelectQuestionFromItemOption_status400" time="18.328" classname="restassured.automation.testcases.Restassured_Automation_ItemSelectQuestion"/>
  <testcase name="ItemSelectQuestion_GetOptionsForASpecificItemSelectQuestionMethodologyItem_status200" time="15.787" classname="restassured.automation.testcases.Restassured_Automation_ItemSelectQuestion"/>
  <testcase name="ItemSelectQuestion_DeleteAnOptionFromAnItemSelectQuestion_status200" time="18.062" classname="restassured.automation.testcases.Restassured_Automation_ItemSelectQuestion"/>
  <testcase name="ItemSelectQuestion_CreateANewOptionGroupForAnItemSelectQuestionStatus_200" time="27.677" classname="restassured.automation.testcases.Restassured_Automation_ItemSelectQuestion"/>
  <testcase name="ItemSelectQuestion_PostCreateANewOptionForAnItemSelectQuestion_status200" time="14.231" classname="restassured.automation.testcases.Restassured_Automation_ItemSelectQuestion"/>
  <testcase name="ItemSelectQuestion_DeleteAnOptionGroupFromAnItemSelectQuestion_400" time="30.002" classname="restassured.automation.testcases.Restassured_Automation_ItemSelectQuestion"/>
  <testcase name="ItemSelectQuestion_MoveASelectQuestionFromItemOption_status404" time="19.251" classname="restassured.automation.testcases.Restassured_Automation_ItemSelectQuestion"/>
  <testcase name="ItemSelectQuestion_PutSafelyInitializeNewOptionsForASelectQuestion_status200" time="15.226" classname="restassured.automation.testcases.Restassured_Automation_ItemSelectQuestion"/>
</testsuite> <!-- restassured.automation.testcases.Restassured_Automation_ItemSelectQuestion -->
