<?xml version="1.0" encoding="UTF-8"?>
<!-- Generated by org.testng.reporters.JUnitReportReporter -->
<testsuite hostname="LTCH-5CD105HTG9" name="restassured.automation.testcases.Restassured_Automation_OrgRoles" tests="6" failures="0" timestamp="11 Jun 2021 11:10:27 GMT" time="19.912" errors="0">
  <testcase name="OrganisationRoles_GetTheListOfRoleDefinationsForTheOrganization_status200" time="1.444" classname="restassured.automation.testcases.Restassured_Automation_OrgRoles"/>
  <testcase name="OrganisationRoles_GetSuperUserFuntionGetAListOfAllPremissionForAUser_status200" time="6.111" classname="restassured.automation.testcases.Restassured_Automation_OrgRoles"/>
  <testcase name="OrganisationRoles_SUPER_USE_ENDPOINT_UpdateARolePermissionWithStatus_400" time="2.964" classname="restassured.automation.testcases.Restassured_Automation_OrgRoles"/>
  <testcase name="OrganisationRoles_LoadAllRolesInformationForAnOrganizationWithStatus_200" time="3.048" classname="restassured.automation.testcases.Restassured_Automation_OrgRoles"/>
  <testcase name="OrganisationRoles_SUPER_USE_ENDPOINT_UpdateARolePermissionWithStatus_409" time="3.274" classname="restassured.automation.testcases.Restassured_Automation_OrgRoles"/>
  <testcase name="OrganisationRoles_SUPER_USE_ENDPOINT_UpdateARolePermissionWithStatus_204" time="3.071" classname="restassured.automation.testcases.Restassured_Automation_OrgRoles"/>
</testsuite> <!-- restassured.automation.testcases.Restassured_Automation_OrgRoles -->
