<?xml version="1.0" encoding="UTF-8"?>
<!-- Generated by org.testng.reporters.JUnitReportReporter -->
<testsuite hostname="LTCH-5CD105HTG9" name="restassured.automation.ETTestcases.Restassured_Automation_ETMethodology" tests="3" failures="0" timestamp="26 May 2021 06:37:51 GMT" time="9.682" errors="0">
  <testcase name="ETMethodology_GetMethodologyManifest_Status200" time="1.480" classname="restassured.automation.ETTestcases.Restassured_Automation_ETMethodology"/>
  <testcase name="ETMethodology_GetMethodologyTranslations_Status200" time="5.736" classname="restassured.automation.ETTestcases.Restassured_Automation_ETMethodology"/>
  <testcase name="ETMethodology_GetMethodologyForAnEngagements_Status200" time="2.466" classname="restassured.automation.ETTestcases.Restassured_Automation_ETMethodology"/>
</testsuite> <!-- restassured.automation.ETTestcases.Restassured_Automation_ETMethodology -->
