<?xml version="1.0" encoding="UTF-8"?>
<!-- Generated by org.testng.reporters.JUnitReportReporter -->
<testsuite hostname="LTCH-5CD105HTG9" name="restassured.automation.testcases.Restassured_Automation_MethodologItem" tests="21" failures="1" timestamp="4 May 2021 08:53:28 GMT" time="53.908" errors="0">
  <testcase name="MethodologyItem_PostCreateANewMethodologyItemWithinTheMethodologyTree_status400" time="1.636" classname="restassured.automation.testcases.Restassured_Automation_MethodologItem"/>
  <testcase name="MethodologyItem_EndToEnd_Scenario" time="3.924" classname="restassured.automation.testcases.Restassured_Automation_MethodologItem"/>
  <testcase name="MethodologyItem_PatchUpdateAMethodologyItemForTheRevision_status400" time="2.198" classname="restassured.automation.testcases.Restassured_Automation_MethodologItem"/>
  <testcase name="MethodologyItem_PostCreateANewMethodologyItemWithinTheMethodologyTree_status200" time="1.784" classname="restassured.automation.testcases.Restassured_Automation_MethodologItem"/>
  <testcase name="MethodologyItem_PostInitialiseAWorkProgram_status400" time="2.211" classname="restassured.automation.testcases.Restassured_Automation_MethodologItem"/>
  <testcase name="MethodologyItem_PutMoveATreeItemToAFolderAtSpecifiedIndex_status400" time="2.177" classname="restassured.automation.testcases.Restassured_Automation_MethodologItem"/>
  <testcase name="MethodologyItem_PostInitialiseAWorkProgram_status204" time="2.297" classname="restassured.automation.testcases.Restassured_Automation_MethodologItem"/>
  <testcase name="MethodologyItem_DeleteMarkAnItemAsDeleted_status200" time="2.512" classname="restassured.automation.testcases.Restassured_Automation_MethodologItem"/>
  <testcase name="MethodologyItem_UpdateItemsWorkFlowWithStatus_400" time="4.083" classname="restassured.automation.testcases.Restassured_Automation_MethodologItem"/>
  <testcase name="MethodologyItem_UpdateItemsWorkFlowWithStatus_204" time="3.557" classname="restassured.automation.testcases.Restassured_Automation_MethodologItem"/>
  <testcase name="MethodologyItem_GetAllMethodologyItemsForARevision_status200" time="3.015" classname="restassured.automation.testcases.Restassured_Automation_MethodologItem"/>
  <testcase name="MethodologyItem_DeleteMarkAnItemAsDeleted_status400" time="3.088" classname="restassured.automation.testcases.Restassured_Automation_MethodologItem"/>
  <testcase name="MethodologyItem_PatchUpdateAMethodologyItemForTheRevision_status404" time="2.204" classname="restassured.automation.testcases.Restassured_Automation_MethodologItem"/>
  <testcase name="MethodologyItem_PostCreateANewMethodologyItemWithinTheMethodologyTree_status404" time="1.642" classname="restassured.automation.testcases.Restassured_Automation_MethodologItem"/>
  <testcase name="MethodologyItem_getAllMethodologyItemsForARevision_status404" time="1.668" classname="restassured.automation.testcases.Restassured_Automation_MethodologItem"/>
  <testcase name="MethodologyItem_UpdateItemsWorkFlowWithStatus_404" time="4.066" classname="restassured.automation.testcases.Restassured_Automation_MethodologItem"/>
  <testcase name="MethodologyItem_PostInitialiseAWorkProgram_status404" time="2.204" classname="restassured.automation.testcases.Restassured_Automation_MethodologItem"/>
  <testcase name="MethodologyItem_PatchUpdateAMethodologyItemForTheRevision_status204" time="2.697" classname="restassured.automation.testcases.Restassured_Automation_MethodologItem"/>
  <testcase name="MethodologyItem_PutMoveATreeItemToAFolderAtSpecifiedIndex_status204" time="2.733" classname="restassured.automation.testcases.Restassured_Automation_MethodologItem"/>
  <testcase name="MethodologyItem_PutMoveATreeItemToAFolderAtSpecifiedIndex_status409" time="2.572" classname="restassured.automation.testcases.Restassured_Automation_MethodologItem"/>
  <testcase name="MethodologyItem_GetAllMethodologyItemsForARevision_status400" time="1.640" classname="restassured.automation.testcases.Restassured_Automation_MethodologItem">
    <failure type="java.lang.AssertionError" message="expected [400] but found [500]">
      <![CDATA[java.lang.AssertionError: expected [400] but found [500]
	at org.testng.Assert.fail(Assert.java:94)
	at org.testng.Assert.failNotEquals(Assert.java:513)
	at org.testng.Assert.assertEqualsImpl(Assert.java:135)
	at org.testng.Assert.assertEquals(Assert.java:116)
	at org.testng.Assert.assertEquals(Assert.java:389)
	at org.testng.Assert.assertEquals(Assert.java:399)
	at restassured.automation.testcases.Restassured_Automation_MethodologItem.MethodologyItem_GetAllMethodologyItemsForARevision_status400(Restassured_Automation_MethodologItem.java:152)
	at sun.reflect.NativeMethodAccessorImpl.invoke0(Native Method)
	at sun.reflect.NativeMethodAccessorImpl.invoke(Unknown Source)
	at sun.reflect.DelegatingMethodAccessorImpl.invoke(Unknown Source)
	at java.lang.reflect.Method.invoke(Unknown Source)
	at org.testng.internal.MethodInvocationHelper.invokeMethod(MethodInvocationHelper.java:86)
	at org.testng.internal.Invoker.invokeMethod(Invoker.java:645)
	at org.testng.internal.Invoker.invokeTestMethod(Invoker.java:822)
	at org.testng.internal.Invoker.invokeTestMethods(Invoker.java:1130)
	at org.testng.internal.TestMethodWorker.invokeTestMethods(TestMethodWorker.java:129)
	at org.testng.internal.TestMethodWorker.run(TestMethodWorker.java:112)
	at org.testng.TestRunner.privateRun(TestRunner.java:782)
	at org.testng.TestRunner.run(TestRunner.java:632)
	at org.testng.SuiteRunner.runTest(SuiteRunner.java:366)
	at org.testng.SuiteRunner.runSequentially(SuiteRunner.java:361)
	at org.testng.SuiteRunner.privateRun(SuiteRunner.java:319)
	at org.testng.SuiteRunner.run(SuiteRunner.java:268)
	at org.testng.SuiteRunnerWorker.runSuite(SuiteRunnerWorker.java:52)
	at org.testng.SuiteRunnerWorker.run(SuiteRunnerWorker.java:86)
	at org.testng.TestNG.runSuitesSequentially(TestNG.java:1244)
	at org.testng.TestNG.runSuitesLocally(TestNG.java:1169)
	at org.testng.TestNG.run(TestNG.java:1064)
	at org.testng.remote.RemoteTestNG.run(RemoteTestNG.java:113)
	at org.testng.remote.RemoteTestNG.initAndRun(RemoteTestNG.java:206)
	at org.testng.remote.RemoteTestNG.main(RemoteTestNG.java:177)
]]>
    </failure>
  </testcase> <!-- MethodologyItem_GetAllMethodologyItemsForARevision_status400 -->
</testsuite> <!-- restassured.automation.testcases.Restassured_Automation_MethodologItem -->
