<?xml version="1.0" encoding="UTF-8"?>
<!-- Generated by org.testng.reporters.JUnitReportReporter -->
<testsuite hostname="LTCH-5CD105HTG9" name="restassured.automation.testcases.Restassured_Automation_Methodology" tests="6" failures="0" timestamp="7 Apr 2021 14:00:14 GMT" time="10.329" errors="0">
  <testcase name="Methodology_PatchUpdateASpecificMethodologiesWith_Status_400" time="1.506" classname="restassured.automation.testcases.Restassured_Automation_Methodology"/>
  <testcase name="Methodology_GetDetialsAboutASpecificMethodology_status200" time="1.621" classname="restassured.automation.testcases.Restassured_Automation_Methodology"/>
  <testcase name="Methodology_GetListAllMethodologiesTheUserHasAccessTo_Status200" time="1.004" classname="restassured.automation.testcases.Restassured_Automation_Methodology"/>
  <testcase name="Methodology_PatchUpdateAMethodology_status400" time="2.619" classname="restassured.automation.testcases.Restassured_Automation_Methodology"/>
  <testcase name="Methodology_GetASpecificRevisionItemTree_status200" time="1.533" classname="restassured.automation.testcases.Restassured_Automation_Methodology"/>
  <testcase name="Methodology_getASpecificRevisionItemTree_status404" time="2.046" classname="restassured.automation.testcases.Restassured_Automation_Methodology"/>
</testsuite> <!-- restassured.automation.testcases.Restassured_Automation_Methodology -->
