<?xml version="1.0" encoding="UTF-8"?>
<!-- Generated by org.testng.reporters.JUnitReportReporter -->
<testsuite hostname="LTCH-5CD105HTG9" name="restassured.automation.testcases.Restassured_Automation_MethodologyItemFsliFilters" tests="1" failures="0" timestamp="2 Jun 2021 12:51:27 GMT" time="17.212" errors="0">
  <testcase name="MethodologyItem_FsliFliters_DeleteFinancialStatementFilters_404" time="17.212" classname="restassured.automation.testcases.Restassured_Automation_MethodologyItemFsliFilters"/>
</testsuite> <!-- restassured.automation.testcases.Restassured_Automation_MethodologyItemFsliFilters -->
