<?xml version="1.0" encoding="UTF-8"?>
<!-- Generated by org.testng.reporters.JUnitReportReporter -->
<testsuite hostname="LTCH-5CD105HTG9" name="restassured.automation.ETTestcases.Restassured_Automation_ETResponses" tests="1" failures="0" timestamp="6 May 2021 10:21:16 GMT" time="4.117" errors="0">
  <testcase name="ETResponses_PutResponses_Status200" time="4.117" classname="restassured.automation.ETTestcases.Restassured_Automation_ETResponses"/>
</testsuite> <!-- restassured.automation.ETTestcases.Restassured_Automation_ETResponses -->
