<?xml version="1.0" encoding="UTF-8"?>
<!-- Generated by org.testng.reporters.JUnitReportReporter -->
<testsuite hostname="LTCH-5CD105HTG9" name="restassured.automation.ETTestcases.Restassured_Automation_ETReviewNotes" tests="6" failures="0" timestamp="9 Jun 2021 07:34:17 GMT" time="10.126" errors="0">
  <testcase name="ETReviewNotes_CreateAnNewReviewNotes_Status200" time="1.945" classname="restassured.automation.ETTestcases.Restassured_Automation_ETReviewNotes"/>
  <testcase name="ETReviewNotes_GetReviewNotesByKey_Status200" time="1.560" classname="restassured.automation.ETTestcases.Restassured_Automation_ETReviewNotes"/>
  <testcase name="ETReviewNotes_GetSpecificReviewNotes_Status200" time="1.714" classname="restassured.automation.ETTestcases.Restassured_Automation_ETReviewNotes"/>
  <testcase name="ETReviewNotes_DeleteSpecificReviewNotes_Status200" time="1.841" classname="restassured.automation.ETTestcases.Restassured_Automation_ETReviewNotes"/>
  <testcase name="ETReviewNotes_UpdateSpecificReviewNotes_Status200" time="1.839" classname="restassured.automation.ETTestcases.Restassured_Automation_ETReviewNotes"/>
  <testcase name="ETReviewNotes_GetAllReviewNotes_Status200" time="1.227" classname="restassured.automation.ETTestcases.Restassured_Automation_ETReviewNotes"/>
</testsuite> <!-- restassured.automation.ETTestcases.Restassured_Automation_ETReviewNotes -->
