<?xml version="1.0" encoding="UTF-8"?>
<!-- Generated by org.testng.reporters.JUnitReportReporter -->
<testsuite hostname="LTCH-5CD105HTG9" name="restassured.automation.ETTestcases.Restassured_Automation_ETMethodology" tests="3" failures="0" timestamp="9 Jun 2021 07:34:17 GMT" time="3.070" errors="0">
  <testcase name="ETMethodology_GetMethodologyTranslations_Status200" time="1.230" classname="restassured.automation.ETTestcases.Restassured_Automation_ETMethodology"/>
  <testcase name="ETMethodology_GetMethodologyManifest_Status200" time="0.594" classname="restassured.automation.ETTestcases.Restassured_Automation_ETMethodology"/>
  <testcase name="ETMethodology_GetMethodologyForAnEngagements_Status200" time="1.246" classname="restassured.automation.ETTestcases.Restassured_Automation_ETMethodology"/>
</testsuite> <!-- restassured.automation.ETTestcases.Restassured_Automation_ETMethodology -->
