<?xml version="1.0" encoding="UTF-8"?>
<!-- Generated by org.testng.reporters.JUnitReportReporter -->
<testsuite hostname="LTCH-5CD105HTG9" name="restassured.automation.testcases.Restassured_Automation_Publish" tests="1" failures="0" timestamp="9 Apr 2021 08:22:45 GMT" time="13.186" errors="0">
  <testcase name="MethodologyItemRelation_DeleteLinkedMethodologyItem_status200" time="13.186" classname="restassured.automation.testcases.Restassured_Automation_Publish"/>
</testsuite> <!-- restassured.automation.testcases.Restassured_Automation_Publish -->
