<?xml version="1.0" encoding="UTF-8"?>
<!-- Generated by org.testng.reporters.JUnitReportReporter -->
<testsuite skipped="0" hostname="LT-CHN-33875" name="restassured.automation.testcases.Restassured_Automation_Publish" tests="2" failures="0" timestamp="21 Apr 2021 11:54:35 GMT" time="9.793" errors="0">
  <testcase name="postPublish_status200" time="5.570" classname="restassured.automation.testcases.Restassured_Automation_Publish"/>
  <testcase name="postValidate_status200" time="4.223" classname="restassured.automation.testcases.Restassured_Automation_Publish"/>
</testsuite> <!-- restassured.automation.testcases.Restassured_Automation_Publish -->
