<?xml version="1.0" encoding="UTF-8"?>
<!-- Generated by org.testng.reporters.JUnitReportReporter -->
<testsuite skipped="0" hostname="LT-CHN-33875" name="restassured.automation.testcases.Restassured_Automation_ItemSelectQuestion" tests="28" failures="3" timestamp="12 May 2021 06:54:25 GMT" time="188.361" errors="0">
  <testcase name="ItemSelectQuestion_DeleteAnOptionGroupFromAnItemSelectQuestion_404" time="8.526" classname="restassured.automation.testcases.Restassured_Automation_ItemSelectQuestion"/>
  <testcase name="ItemSelectQuestion_CreateANewOptionGroupForAnItemSelectQuestionStatus_400" time="6.237" classname="restassured.automation.testcases.Restassured_Automation_ItemSelectQuestion"/>
  <testcase name="ItemSelectQuestion_DeleteAnOptionGroupFromAnItemSelectQuestion_400" time="9.665" classname="restassured.automation.testcases.Restassured_Automation_ItemSelectQuestion">
    <failure type="java.lang.AssertionError" message="expected [400] but found [500]">
      <![CDATA[java.lang.AssertionError: expected [400] but found [500]
at org.testng.Assert.fail(Assert.java:96)
at org.testng.Assert.failNotEquals(Assert.java:776)
at org.testng.Assert.assertEqualsImpl(Assert.java:137)
at org.testng.Assert.assertEquals(Assert.java:118)
at org.testng.Assert.assertEquals(Assert.java:652)
at org.testng.Assert.assertEquals(Assert.java:662)
at restassured.automation.testcases.Restassured_Automation_ItemSelectQuestion.ItemSelectQuestion_DeleteAnOptionGroupFromAnItemSelectQuestion_400(Restassured_Automation_ItemSelectQuestion.java:1742)
at sun.reflect.NativeMethodAccessorImpl.invoke0(Native Method)
at sun.reflect.NativeMethodAccessorImpl.invoke(Unknown Source)
at sun.reflect.DelegatingMethodAccessorImpl.invoke(Unknown Source)
at java.lang.reflect.Method.invoke(Unknown Source)
at org.testng.internal.MethodInvocationHelper.invokeMethod(MethodInvocationHelper.java:124)
at org.testng.internal.Invoker.invokeMethod(Invoker.java:583)
at org.testng.internal.Invoker.invokeTestMethod(Invoker.java:719)
at org.testng.internal.Invoker.invokeTestMethods(Invoker.java:989)
at org.testng.internal.TestMethodWorker.invokeTestMethods(TestMethodWorker.java:125)
at org.testng.internal.TestMethodWorker.run(TestMethodWorker.java:109)
at org.testng.TestRunner.privateRun(TestRunner.java:648)
at org.testng.TestRunner.run(TestRunner.java:505)
at org.testng.SuiteRunner.runTest(SuiteRunner.java:455)
at org.testng.SuiteRunner.runSequentially(SuiteRunner.java:450)
at org.testng.SuiteRunner.privateRun(SuiteRunner.java:415)
at org.testng.SuiteRunner.run(SuiteRunner.java:364)
at org.testng.SuiteRunnerWorker.runSuite(SuiteRunnerWorker.java:52)
at org.testng.SuiteRunnerWorker.run(SuiteRunnerWorker.java:84)
at org.testng.TestNG.runSuitesSequentially(TestNG.java:1208)
at org.testng.TestNG.runSuitesLocally(TestNG.java:1137)
at org.testng.TestNG.runSuites(TestNG.java:1049)
at org.testng.TestNG.run(TestNG.java:1017)
at org.testng.remote.AbstractRemoteTestNG.run(AbstractRemoteTestNG.java:114)
at org.testng.remote.RemoteTestNG.initAndRun(RemoteTestNG.java:251)
at org.testng.remote.RemoteTestNG.main(RemoteTestNG.java:77)
]]>
    </failure>
  </testcase> <!-- ItemSelectQuestion_DeleteAnOptionGroupFromAnItemSelectQuestion_400 -->
  <testcase name="ItemSelectQuestion_UpdateASelectQuestionItemOptionGroup_400" time="8.406" classname="restassured.automation.testcases.Restassured_Automation_ItemSelectQuestion"/>
  <testcase name="ItemSelectQuestion_PutSafelyInitializeNewOptionsForASelectQuestion_status404" time="5.086" classname="restassured.automation.testcases.Restassured_Automation_ItemSelectQuestion"/>
  <testcase name="ItemSelectQuestion_UpdateASelectQuestionItemOptionGroup_204" time="8.502" classname="restassured.automation.testcases.Restassured_Automation_ItemSelectQuestion">
    <failure type="java.lang.AssertionError" message="expected [204] but found [400]">
      <![CDATA[java.lang.AssertionError: expected [204] but found [400]
at org.testng.Assert.fail(Assert.java:96)
at org.testng.Assert.failNotEquals(Assert.java:776)
at org.testng.Assert.assertEqualsImpl(Assert.java:137)
at org.testng.Assert.assertEquals(Assert.java:118)
at org.testng.Assert.assertEquals(Assert.java:652)
at org.testng.Assert.assertEquals(Assert.java:662)
at restassured.automation.testcases.Restassured_Automation_ItemSelectQuestion.ItemSelectQuestion_UpdateASelectQuestionItemOptionGroup_204(Restassured_Automation_ItemSelectQuestion.java:1302)
at sun.reflect.NativeMethodAccessorImpl.invoke0(Native Method)
at sun.reflect.NativeMethodAccessorImpl.invoke(Unknown Source)
at sun.reflect.DelegatingMethodAccessorImpl.invoke(Unknown Source)
at java.lang.reflect.Method.invoke(Unknown Source)
at org.testng.internal.MethodInvocationHelper.invokeMethod(MethodInvocationHelper.java:124)
at org.testng.internal.Invoker.invokeMethod(Invoker.java:583)
at org.testng.internal.Invoker.invokeTestMethod(Invoker.java:719)
at org.testng.internal.Invoker.invokeTestMethods(Invoker.java:989)
at org.testng.internal.TestMethodWorker.invokeTestMethods(TestMethodWorker.java:125)
at org.testng.internal.TestMethodWorker.run(TestMethodWorker.java:109)
at org.testng.TestRunner.privateRun(TestRunner.java:648)
at org.testng.TestRunner.run(TestRunner.java:505)
at org.testng.SuiteRunner.runTest(SuiteRunner.java:455)
at org.testng.SuiteRunner.runSequentially(SuiteRunner.java:450)
at org.testng.SuiteRunner.privateRun(SuiteRunner.java:415)
at org.testng.SuiteRunner.run(SuiteRunner.java:364)
at org.testng.SuiteRunnerWorker.runSuite(SuiteRunnerWorker.java:52)
at org.testng.SuiteRunnerWorker.run(SuiteRunnerWorker.java:84)
at org.testng.TestNG.runSuitesSequentially(TestNG.java:1208)
at org.testng.TestNG.runSuitesLocally(TestNG.java:1137)
at org.testng.TestNG.runSuites(TestNG.java:1049)
at org.testng.TestNG.run(TestNG.java:1017)
at org.testng.remote.AbstractRemoteTestNG.run(AbstractRemoteTestNG.java:114)
at org.testng.remote.RemoteTestNG.initAndRun(RemoteTestNG.java:251)
at org.testng.remote.RemoteTestNG.main(RemoteTestNG.java:77)
]]>
    </failure>
  </testcase> <!-- ItemSelectQuestion_UpdateASelectQuestionItemOptionGroup_204 -->
  <testcase name="ItemSelectQuestion_CreateANewOptionGroupForAnItemSelectQuestionStatus_200" time="6.609" classname="restassured.automation.testcases.Restassured_Automation_ItemSelectQuestion"/>
  <testcase name="ItemSelectQuestion_GetOptionsForASpecificItemSelectQuestionMethodologyItem_status400" time="5.066" classname="restassured.automation.testcases.Restassured_Automation_ItemSelectQuestion"/>
  <testcase name="ItemSelectQuestion_PatchUpdateASelectQuestionItemOption_status400" time="6.093" classname="restassured.automation.testcases.Restassured_Automation_ItemSelectQuestion"/>
  <testcase name="ItemSelectQuestion_UpdateASelectQuestionItemOptionGroup_404" time="8.426" classname="restassured.automation.testcases.Restassured_Automation_ItemSelectQuestion"/>
  <testcase name="ItemSelectQuestion_MoveASelectQuestionFromItemOption_status404" time="7.294" classname="restassured.automation.testcases.Restassured_Automation_ItemSelectQuestion"/>
  <testcase name="ItemSelectQuestion_GetOptionsForASpecificItemSelectQuestionMethodologyItem_status404" time="5.247" classname="restassured.automation.testcases.Restassured_Automation_ItemSelectQuestion"/>
  <testcase name="ItemSelectQuestion_GetOptionsForASpecificItemSelectQuestionMethodologyItem_status200" time="5.042" classname="restassured.automation.testcases.Restassured_Automation_ItemSelectQuestion"/>
  <testcase name="ItemSelectQuestion_DeleteAnOptionFromAnItemSelectQuestion_status200" time="6.524" classname="restassured.automation.testcases.Restassured_Automation_ItemSelectQuestion"/>
  <testcase name="ItemSelectQuestion_DeleteAnOptionFromAnItemSelectQuestion_status404" time="6.400" classname="restassured.automation.testcases.Restassured_Automation_ItemSelectQuestion"/>
  <testcase name="ItemSelectQuestion_DeleteAnOptionGroupFromAnItemSelectQuestion_204" time="8.747" classname="restassured.automation.testcases.Restassured_Automation_ItemSelectQuestion"/>
  <testcase name="ItemSelectQuestion_DeleteAnOptionFromAnItemSelectQuestion_Status400" time="8.997" classname="restassured.automation.testcases.Restassured_Automation_ItemSelectQuestion">
    <failure type="java.lang.AssertionError" message="expected [400] but found [204]">
      <![CDATA[java.lang.AssertionError: expected [400] but found [204]
at org.testng.Assert.fail(Assert.java:96)
at org.testng.Assert.failNotEquals(Assert.java:776)
at org.testng.Assert.assertEqualsImpl(Assert.java:137)
at org.testng.Assert.assertEquals(Assert.java:118)
at org.testng.Assert.assertEquals(Assert.java:652)
at org.testng.Assert.assertEquals(Assert.java:662)
at restassured.automation.testcases.Restassured_Automation_ItemSelectQuestion.ItemSelectQuestion_DeleteAnOptionFromAnItemSelectQuestion_Status400(Restassured_Automation_ItemSelectQuestion.java:887)
at sun.reflect.NativeMethodAccessorImpl.invoke0(Native Method)
at sun.reflect.NativeMethodAccessorImpl.invoke(Unknown Source)
at sun.reflect.DelegatingMethodAccessorImpl.invoke(Unknown Source)
at java.lang.reflect.Method.invoke(Unknown Source)
at org.testng.internal.MethodInvocationHelper.invokeMethod(MethodInvocationHelper.java:124)
at org.testng.internal.Invoker.invokeMethod(Invoker.java:583)
at org.testng.internal.Invoker.invokeTestMethod(Invoker.java:719)
at org.testng.internal.Invoker.invokeTestMethods(Invoker.java:989)
at org.testng.internal.TestMethodWorker.invokeTestMethods(TestMethodWorker.java:125)
at org.testng.internal.TestMethodWorker.run(TestMethodWorker.java:109)
at org.testng.TestRunner.privateRun(TestRunner.java:648)
at org.testng.TestRunner.run(TestRunner.java:505)
at org.testng.SuiteRunner.runTest(SuiteRunner.java:455)
at org.testng.SuiteRunner.runSequentially(SuiteRunner.java:450)
at org.testng.SuiteRunner.privateRun(SuiteRunner.java:415)
at org.testng.SuiteRunner.run(SuiteRunner.java:364)
at org.testng.SuiteRunnerWorker.runSuite(SuiteRunnerWorker.java:52)
at org.testng.SuiteRunnerWorker.run(SuiteRunnerWorker.java:84)
at org.testng.TestNG.runSuitesSequentially(TestNG.java:1208)
at org.testng.TestNG.runSuitesLocally(TestNG.java:1137)
at org.testng.TestNG.runSuites(TestNG.java:1049)
at org.testng.TestNG.run(TestNG.java:1017)
at org.testng.remote.AbstractRemoteTestNG.run(AbstractRemoteTestNG.java:114)
at org.testng.remote.RemoteTestNG.initAndRun(RemoteTestNG.java:251)
at org.testng.remote.RemoteTestNG.main(RemoteTestNG.java:77)
]]>
    </failure>
  </testcase> <!-- ItemSelectQuestion_DeleteAnOptionFromAnItemSelectQuestion_Status400 -->
  <testcase name="ItemSelectQuestion_MoveASelectQuestionFromItemOption_status400" time="7.529" classname="restassured.automation.testcases.Restassured_Automation_ItemSelectQuestion"/>
  <testcase name="ItemSelectQuestion_MoveASelectQuestionFromItemOption_status200" time="6.266" classname="restassured.automation.testcases.Restassured_Automation_ItemSelectQuestion"/>
  <testcase name="ItemSelectQuestion_EndToEnd_Scenario" time="8.659" classname="restassured.automation.testcases.Restassured_Automation_ItemSelectQuestion"/>
  <testcase name="ItemSelectQuestion_PostCreateANewOptionForAnItemSelectQuestion_status400" time="4.982" classname="restassured.automation.testcases.Restassured_Automation_ItemSelectQuestion"/>
  <testcase name="ItemSelectQuestion_PutSafelyInitializeNewOptionsForASelectQuestion_status200" time="5.117" classname="restassured.automation.testcases.Restassured_Automation_ItemSelectQuestion"/>
  <testcase name="ItemSelectQuestion_PostCreateANewOptionForAnItemSelectQuestion_status200" time="5.089" classname="restassured.automation.testcases.Restassured_Automation_ItemSelectQuestion"/>
  <testcase name="ItemSelectQuestion_PutSafelyInitializeNewOptionsForASelectQuestion_status400" time="5.073" classname="restassured.automation.testcases.Restassured_Automation_ItemSelectQuestion"/>
  <testcase name="ItemSelectQuestion_PostCreateANewOptionForAnItemSelectQuestion_status404" time="4.958" classname="restassured.automation.testcases.Restassured_Automation_ItemSelectQuestion"/>
  <testcase name="ItemSelectQuestion_PatchUpdateASelectQuestionItemOption_status200" time="7.381" classname="restassured.automation.testcases.Restassured_Automation_ItemSelectQuestion"/>
  <testcase name="ItemSelectQuestion_CreateANewOptionGroupForAnItemSelectQuestionStatus_404" time="6.269" classname="restassured.automation.testcases.Restassured_Automation_ItemSelectQuestion"/>
  <testcase name="ItemSelectQuestion_PatchUpdateASelectQuestionItemOption_status404" time="6.171" classname="restassured.automation.testcases.Restassured_Automation_ItemSelectQuestion"/>
</testsuite> <!-- restassured.automation.testcases.Restassured_Automation_ItemSelectQuestion -->
