<?xml version="1.0" encoding="UTF-8"?>
<!-- Generated by org.testng.reporters.JUnitReportReporter -->
<testsuite hostname="LTCH-5CD105HTG9" name="restassured.automation.testcases.Restassured_Automation_Organizations" tests="6" failures="0" timestamp="14 Jun 2021 11:56:08 GMT" time="17.567" errors="0">
  <testcase name="Organisation_CreatePublishedStoreMethodologyFromOrganizationsHiddenMethodologyList" time="6.449" classname="restassured.automation.testcases.Restassured_Automation_Organizations"/>
  <testcase name="Organisation_GetQueryForUsers_status400" time="1.102" classname="restassured.automation.testcases.Restassured_Automation_Organizations"/>
  <testcase name="Organisation_RemovePublishedStoreMethodologyFromOrganizationsHiddenMethodologyList" time="4.481" classname="restassured.automation.testcases.Restassured_Automation_Organizations"/>
  <testcase name="Organisation_GetQueryForUsers_status200" time="3.331" classname="restassured.automation.testcases.Restassured_Automation_Organizations"/>
  <testcase name="Organisation_GetTheListOfOrganization" time="1.099" classname="restassured.automation.testcases.Restassured_Automation_Organizations"/>
  <testcase name="Organisation_GetThePermissionForTheAuthUser" time="1.105" classname="restassured.automation.testcases.Restassured_Automation_Organizations"/>
</testsuite> <!-- restassured.automation.testcases.Restassured_Automation_Organizations -->
