<?xml version="1.0" encoding="UTF-8"?>
<!-- Generated by org.testng.reporters.JUnitReportReporter -->
<testsuite hostname="LTCH-5CD105HTG9" name="restassured.automation.testcases.Restassured_Automation_Methodology" tests="6" failures="0" timestamp="9 Apr 2021 07:02:10 GMT" time="11.652" errors="0">
  <testcase name="Methodology_GetListAllMethodologiesTheUserHasAccessTo_Status200" time="1.098" classname="restassured.automation.testcases.Restassured_Automation_Methodology"/>
  <testcase name="Methodology_PatchUpdateAMethodology_status400" time="1.648" classname="restassured.automation.testcases.Restassured_Automation_Methodology"/>
  <testcase name="Methodology_GetASpecificRevisionItemTree_status200" time="3.199" classname="restassured.automation.testcases.Restassured_Automation_Methodology"/>
  <testcase name="Methodology_PatchUpdateASpecificMethodologiesWith_Status_400" time="1.631" classname="restassured.automation.testcases.Restassured_Automation_Methodology"/>
  <testcase name="Methodology_GetDetialsAboutASpecificMethodology_status200" time="1.810" classname="restassured.automation.testcases.Restassured_Automation_Methodology"/>
  <testcase name="Methodology_getASpecificRevisionItemTree_status404" time="2.266" classname="restassured.automation.testcases.Restassured_Automation_Methodology"/>
</testsuite> <!-- restassured.automation.testcases.Restassured_Automation_Methodology -->
