<?xml version="1.0" encoding="UTF-8"?>
<!-- Generated by org.testng.reporters.JUnitReportReporter -->
<testsuite skipped="0" hostname="LT-CHN-33875" name="restassured.automation.testcases.Restassured_Automation_Publish" tests="2" failures="0" timestamp="13 Jun 2021 05:33:13 GMT" time="70.553" errors="0">
  <testcase name="Publish_PostPublish_status200" time="37.439" classname="restassured.automation.testcases.Restassured_Automation_Publish"/>
  <testcase name="Publish_PostValidate_status200" time="33.114" classname="restassured.automation.testcases.Restassured_Automation_Publish"/>
</testsuite> <!-- restassured.automation.testcases.Restassured_Automation_Publish -->
