<?xml version="1.0" encoding="UTF-8"?>
<!-- Generated by org.testng.reporters.JUnitReportReporter -->
<testsuite hostname="LTCH-5CD105HTG9" name="restassured.automation.testcases.Restassured_Automation_MethodologyItemFinancialStatment" tests="1" failures="0" timestamp="2 Jun 2021 11:37:03 GMT" time="25.574" errors="0">
  <testcase name="MethodologyItem_FinancialStatement_MoveFinancialStatementForAWorkProgramStatus_404" time="25.574" classname="restassured.automation.testcases.Restassured_Automation_MethodologyItemFinancialStatment"/>
</testsuite> <!-- restassured.automation.testcases.Restassured_Automation_MethodologyItemFinancialStatment -->
