<?xml version="1.0" encoding="UTF-8"?>
<!-- Generated by org.testng.reporters.JUnitReportReporter -->
<testsuite hostname="LTCH-5CD105HTG9" name="restassured.automation.testcases.Restassured_Automation_FinancialStatements" tests="11" failures="0" timestamp="14 Jun 2021 11:56:08 GMT" time="34.882" errors="0">
  <testcase name="FinancialStatements_PatchTheFinancialStatementsLineItems_Status400" time="3.322" classname="restassured.automation.testcases.Restassured_Automation_FinancialStatements"/>
  <testcase name="FinancialStatements_createAnNewFinancialStatementsForTheStore_Status200" time="2.262" classname="restassured.automation.testcases.Restassured_Automation_FinancialStatements"/>
  <testcase name="FinancialStatements_MoveFinancialStatementsLineItems_Status404" time="3.309" classname="restassured.automation.testcases.Restassured_Automation_FinancialStatements"/>
  <testcase name="FinancialStatements_LoadTheFinancialStatementsForTheStore_Status200" time="2.222" classname="restassured.automation.testcases.Restassured_Automation_FinancialStatements"/>
  <testcase name="FinancialStatements_PatchTheFinancialStatementsLineItems_Status404" time="3.361" classname="restassured.automation.testcases.Restassured_Automation_FinancialStatements"/>
  <testcase name="FinancialStatements_GetFinancialStatementsForTheRevision_Status200" time="3.517" classname="restassured.automation.testcases.Restassured_Automation_FinancialStatements"/>
  <testcase name="FinancialStatements_createAnNewFinancialStatementsForTheStore_Status409" time="3.326" classname="restassured.automation.testcases.Restassured_Automation_FinancialStatements"/>
  <testcase name="FinancialStatements_PatchFinancialStatementsForTheRevision_Status400" time="4.667" classname="restassured.automation.testcases.Restassured_Automation_FinancialStatements"/>
  <testcase name="FinancialStatements_PatchTheFinancialStatementsLineItems_Status409" time="3.351" classname="restassured.automation.testcases.Restassured_Automation_FinancialStatements"/>
  <testcase name="FinancialStatements_createAnNewFinancialStatementsForTheStore_Status400" time="2.177" classname="restassured.automation.testcases.Restassured_Automation_FinancialStatements"/>
  <testcase name="FinancialStatements_PatchTheFinancialStatementsLineItems_Status200" time="3.368" classname="restassured.automation.testcases.Restassured_Automation_FinancialStatements"/>
</testsuite> <!-- restassured.automation.testcases.Restassured_Automation_FinancialStatements -->
