<?xml version="1.0" encoding="UTF-8"?>
<!-- Generated by org.testng.reporters.JUnitReportReporter -->
<testsuite hostname="LTCH-5CD105HTG9" name="restassured.automation.ETTestcases.Restassured_Automation_ETFinancialStatement" tests="4" failures="0" timestamp="8 Jun 2021 14:26:52 GMT" time="15.288" errors="0">
  <testcase name="ETEngagement_DeleteFsli_Status204" time="2.996" classname="restassured.automation.ETTestcases.Restassured_Automation_ETFinancialStatement"/>
  <testcase name="ETEngagement_PatchFsli_Status204" time="2.931" classname="restassured.automation.ETTestcases.Restassured_Automation_ETFinancialStatement"/>
  <testcase name="ETEngagement_CreateAnNewFsliItem_Status204" time="6.191" classname="restassured.automation.ETTestcases.Restassured_Automation_ETFinancialStatement"/>
  <testcase name="ETEngagement_PutFsli_Status204" time="3.170" classname="restassured.automation.ETTestcases.Restassured_Automation_ETFinancialStatement"/>
</testsuite> <!-- restassured.automation.ETTestcases.Restassured_Automation_ETFinancialStatement -->
