<?xml version="1.0" encoding="UTF-8"?>
<!-- Generated by org.testng.reporters.JUnitReportReporter -->
<testsuite hostname="LTCH-5CD105HTG9" name="restassured.automation.ETTestcases.Restassured_Automation_ETEngagementTeam" tests="1" failures="0" timestamp="6 May 2021 15:40:22 GMT" time="4.273" errors="0">
  <testcase name="ETEngagement_DeleteEngagementTeamMember_Status200" time="4.273" classname="restassured.automation.ETTestcases.Restassured_Automation_ETEngagementTeam"/>
</testsuite> <!-- restassured.automation.ETTestcases.Restassured_Automation_ETEngagementTeam -->
