<?xml version="1.0" encoding="UTF-8"?>
<!-- Generated by org.testng.reporters.JUnitReportReporter -->
<testsuite skipped="0" hostname="LT-CHN-33875" name="restassured.automation.testcases.SampleExtentReport" tests="4" failures="0" timestamp="18 Feb 2021 12:23:45 GMT" time="6.653" errors="0">
  <testcase name="createEngagement" time="0.951" classname="restassured.automation.testcases.SampleExtentReport"/>
  <testcase name="updateExcelFieds" time="3.567" classname="restassured.automation.testcases.SampleExtentReport"/>
  <testcase name="createEngagement" time="1.012" classname="restassured.automation.testcases.SampleExtentReport"/>
  <testcase name="createEngagement" time="1.123" classname="restassured.automation.testcases.SampleExtentReport"/>
</testsuite> <!-- restassured.automation.testcases.SampleExtentReport -->
