<?xml version="1.0" encoding="UTF-8"?>
<!-- Generated by org.testng.reporters.JUnitReportReporter -->
<testsuite skipped="0" hostname="LT-CHN-33875" name="restassured.automation.testcases.Restassured_Automation_EngagementTeamRoles" tests="1" failures="0" timestamp="13 Jun 2021 06:26:37 GMT" time="6.136" errors="0">
  <testcase name="EngagementTeamRoles_GetLoadAllEngagementRolesInformationForAnOrganization_status200" time="6.136" classname="restassured.automation.testcases.Restassured_Automation_EngagementTeamRoles"/>
</testsuite> <!-- restassured.automation.testcases.Restassured_Automation_EngagementTeamRoles -->
