<?xml version="1.0" encoding="UTF-8"?>
<!-- Generated by org.testng.reporters.JUnitReportReporter -->
<testsuite hostname="LTCH-5CD105HTG9" name="restassured.automation.testcases.Restassured_Automation_Organizations" tests="6" failures="0" timestamp="11 Jun 2021 11:10:27 GMT" time="24.149" errors="0">
  <testcase name="Organisation_RemovePublishedStoreMethodologyFromOrganizationsHiddenMethodologyList" time="6.066" classname="restassured.automation.testcases.Restassured_Automation_Organizations"/>
  <testcase name="Organisation_GetThePermissionForTheAuthUser" time="1.514" classname="restassured.automation.testcases.Restassured_Automation_Organizations"/>
  <testcase name="Organisation_GetQueryForUsers_status200" time="4.482" classname="restassured.automation.testcases.Restassured_Automation_Organizations"/>
  <testcase name="Organisation_GetQueryForUsers_status400" time="1.535" classname="restassured.automation.testcases.Restassured_Automation_Organizations"/>
  <testcase name="Organisation_GetTheListOfOrganization" time="1.450" classname="restassured.automation.testcases.Restassured_Automation_Organizations"/>
  <testcase name="Organisation_CreatePublishedStoreMethodologyFromOrganizationsHiddenMethodologyList" time="9.102" classname="restassured.automation.testcases.Restassured_Automation_Organizations"/>
</testsuite> <!-- restassured.automation.testcases.Restassured_Automation_Organizations -->
