<?xml version="1.0" encoding="UTF-8"?>
<!-- Generated by org.testng.reporters.JUnitReportReporter -->
<testsuite hostname="LTCH-5CD105HTG9" name="restassured.automation.ETTestcases.Restassured_Automation_ETBasePage" tests="1" failures="0" timestamp="19 May 2021 12:03:37 GMT" time="3.374" errors="1">
  <testcase name="updateExcelSheet" time="3.374" classname="restassured.automation.ETTestcases.Restassured_Automation_ETBasePage">
    <error type="java.lang.StackOverflowError">
      <![CDATA[java.lang.StackOverflowError
	at java.lang.ClassLoader.getPackage(Unknown Source)
	at java.lang.Package.getPackage(Unknown Source)
	at java.lang.Class.getPackage(Unknown Source)
	at org.json.JSONObject.wrap(JSONObject.java:1753)
	at org.json.JSONArray.<init>(JSONArray.java:176)
	at org.json.JSONObject.wrap(JSONObject.java:1747)
	at org.json.JSONObject.populateMap(JSONObject.java:1167)
	at org.json.JSONObject.<init>(JSONObject.java:277)
	at org.json.JSONObject.wrap(JSONObject.java:1761)
	at org.json.JSONObject.populateMap(JSONObject.java:1167)
	at org.json.JSONObject.<init>(JSONObject.java:277)
	at org.json.JSONObject.wrap(JSONObject.java:1761)
	at org.json.JSONArray.<init>(JSONArray.java:176)
	at org.json.JSONObject.wrap(JSONObject.java:1747)
	at org.json.JSONObject.populateMap(JSONObject.java:1167)
	at org.json.JSONObject.<init>(JSONObject.java:277)
	at org.json.JSONObject.wrap(JSONObject.java:1761)
	at org.json.JSONObject.populateMap(JSONObject.java:1167)
	at org.json.JSONObject.<init>(JSONObject.java:277)
	at org.json.JSONObject.wrap(JSONObject.java:1761)
	at org.json.JSONArray.<init>(JSONArray.java:176)
	at org.json.JSONObject.wrap(JSONObject.java:1747)
	at org.json.JSONObject.populateMap(JSONObject.java:1167)
	at org.json.JSONObject.<init>(JSONObject.java:277)
	at org.json.JSONObject.wrap(JSONObject.java:1761)
	at org.json.JSONObject.populateMap(JSONObject.java:1167)
	at org.json.JSONObject.<init>(JSONObject.java:277)
	at org.json.JSONObject.wrap(JSONObject.java:1761)
	at org.json.JSONArray.<init>(JSONArray.java:176)
	at org.json.JSONObject.wrap(JSONObject.java:1747)
	at org.json.JSONObject.populateMap(JSONObject.java:1167)
	at org.json.JSONObject.<init>(JSONObject.java:277)
	at org.json.JSONObject.wrap(JSONObject.java:1761)
	at org.json.JSONObject.populateMap(JSONObject.java:1167)
	at org.json.JSONObject.<init>(JSONObject.java:277)
	at org.json.JSONObject.wrap(JSONObject.java:1761)
	at org.json.JSONArray.<init>(JSONArray.java:176)
	at org.json.JSONObject.wrap(JSONObject.java:1747)
	at org.json.JSONObject.populateMap(JSONObject.java:1167)
	at org.json.JSONObject.<init>(JSONObject.java:277)
	at org.json.JSONObject.wrap(JSONObject.java:1761)
	at org.json.JSONObject.populateMap(JSONObject.java:1167)
	at org.json.JSONObject.<init>(JSONObject.java:277)
	at org.json.JSONObject.wrap(JSONObject.java:1761)
	at org.json.JSONArray.<init>(JSONArray.java:176)
	at org.json.JSONObject.wrap(JSONObject.java:1747)
	at org.json.JSONObject.populateMap(JSONObject.java:1167)
	at org.json.JSONObject.<init>(JSONObject.java:277)
	at org.json.JSONObject.wrap(JSONObject.java:1761)
	at org.json.JSONObject.populateMap(JSONObject.java:1167)
	at org.json.JSONObject.<init>(JSONObject.java:277)
	at org.json.JSONObject.wrap(JSONObject.java:1761)
	at org.json.JSONArray.<init>(JSONArray.java:176)
	at org.json.JSONObject.wrap(JSONObject.java:1747)
	at org.json.JSONObject.populateMap(JSONObject.java:1167)
	at org.json.JSONObject.<init>(JSONObject.java:277)
	at org.json.JSONObject.wrap(JSONObject.java:1761)
	at org.json.JSONObject.populateMap(JSONObject.java:1167)
	at org.json.JSONObject.<init>(JSONObject.java:277)
	at org.json.JSONObject.wrap(JSONObject.java:1761)
	at org.json.JSONArray.<init>(JSONArray.java:176)
	at org.json.JSONObject.wrap(JSONObject.java:1747)
	at org.json.JSONObject.populateMap(JSONObject.java:1167)
	at org.json.JSONObject.<init>(JSONObject.java:277)
	at org.json.JSONObject.wrap(JSONObject.java:1761)
	at org.json.JSONObject.populateMap(JSONObject.java:1167)
	at org.json.JSONObject.<init>(JSONObject.java:277)
	at org.json.JSONObject.wrap(JSONObject.java:1761)
	at org.json.JSONArray.<init>(JSONArray.java:176)
	at org.json.JSONObject.wrap(JSONObject.java:1747)
	at org.json.JSONObject.populateMap(JSONObject.java:1167)
	at org.json.JSONObject.<init>(JSONObject.java:277)
	at org.json.JSONObject.wrap(JSONObject.java:1761)
	at org.json.JSONObject.populateMap(JSONObject.java:1167)
	at org.json.JSONObject.<init>(JSONObject.java:277)
	at org.json.JSONObject.wrap(JSONObject.java:1761)
	at org.json.JSONArray.<init>(JSONArray.java:176)
	at org.json.JSONObject.wrap(JSONObject.java:1747)
	at org.json.JSONObject.populateMap(JSONObject.java:1167)
	at org.json.JSONObject.<init>(JSONObject.java:277)
	at org.json.JSONObject.wrap(JSONObject.java:1761)
	at org.json.JSONObject.populateMap(JSONObject.java:1167)
	at org.json.JSONObject.<init>(JSONObject.java:277)
	at org.json.JSONObject.wrap(JSONObject.java:1761)
	at org.json.JSONArray.<init>(JSONArray.java:176)
	at org.json.JSONObject.wrap(JSONObject.java:1747)
	at org.json.JSONObject.populateMap(JSONObject.java:1167)
	at org.json.JSONObject.<init>(JSONObject.java:277)
	at org.json.JSONObject.wrap(JSONObject.java:1761)
	at org.json.JSONObject.populateMap(JSONObject.java:1167)
	at org.json.JSONObject.<init>(JSONObject.java:277)
	at org.json.JSONObject.wrap(JSONObject.java:1761)
	at org.json.JSONArray.<init>(JSONArray.java:176)
	at org.json.JSONObject.wrap(JSONObject.java:1747)
	at org.json.JSONObject.populateMap(JSONObject.java:1167)
	at org.json.JSONObject.<init>(JSONObject.java:277)
	at org.json.JSONObject.wrap(JSONObject.java:1761)
	at org.json.JSONObject.populateMap(JSONObject.java:1167)
	at org.json.JSONObject.<init>(JSONObject.java:277)
	at org.json.JSONObject.wrap(JSONObject.java:1761)
	at org.json.JSONArray.<init>(JSONArray.java:176)
	at org.json.JSONObject.wrap(JSONObject.java:1747)
	at org.json.JSONObject.populateMap(JSONObject.java:1167)
	at org.json.JSONObject.<init>(JSONObject.java:277)
	at org.json.JSONObject.wrap(JSONObject.java:1761)
	at org.json.JSONObject.populateMap(JSONObject.java:1167)
	at org.json.JSONObject.<init>(JSONObject.java:277)
	at org.json.JSONObject.wrap(JSONObject.java:1761)
	at org.json.JSONArray.<init>(JSONArray.java:176)
	at org.json.JSONObject.wrap(JSONObject.java:1747)
	at org.json.JSONObject.populateMap(JSONObject.java:1167)
	at org.json.JSONObject.<init>(JSONObject.java:277)
	at org.json.JSONObject.wrap(JSONObject.java:1761)
	at org.json.JSONObject.populateMap(JSONObject.java:1167)
	at org.json.JSONObject.<init>(JSONObject.java:277)
	at org.json.JSONObject.wrap(JSONObject.java:1761)
	at org.json.JSONArray.<init>(JSONArray.java:176)
	at org.json.JSONObject.wrap(JSONObject.java:1747)
	at org.json.JSONObject.populateMap(JSONObject.java:1167)
	at org.json.JSONObject.<init>(JSONObject.java:277)
	at org.json.JSONObject.wrap(JSONObject.java:1761)
	at org.json.JSONObject.populateMap(JSONObject.java:1167)
	at org.json.JSONObject.<init>(JSONObject.java:277)
	at org.json.JSONObject.wrap(JSONObject.java:1761)
	at org.json.JSONArray.<init>(JSONArray.java:176)
	at org.json.JSONObject.wrap(JSONObject.java:1747)
	at org.json.JSONObject.populateMap(JSONObject.java:1167)
	at org.json.JSONObject.<init>(JSONObject.java:277)
	at org.json.JSONObject.wrap(JSONObject.java:1761)
	at org.json.JSONObject.populateMap(JSONObject.java:1167)
	at org.json.JSONObject.<init>(JSONObject.java:277)
	at org.json.JSONObject.wrap(JSONObject.java:1761)
	at org.json.JSONArray.<init>(JSONArray.java:176)
	at org.json.JSONObject.wrap(JSONObject.java:1747)
	at org.json.JSONObject.populateMap(JSONObject.java:1167)
	at org.json.JSONObject.<init>(JSONObject.java:277)
	at org.json.JSONObject.wrap(JSONObject.java:1761)
	at org.json.JSONObject.populateMap(JSONObject.java:1167)
	at org.json.JSONObject.<init>(JSONObject.java:277)
	at org.json.JSONObject.wrap(JSONObject.java:1761)
	at org.json.JSONArray.<init>(JSONArray.java:176)
	at org.json.JSONObject.wrap(JSONObject.java:1747)
	at org.json.JSONObject.populateMap(JSONObject.java:1167)
	at org.json.JSONObject.<init>(JSONObject.java:277)
	at org.json.JSONObject.wrap(JSONObject.java:1761)
	at org.json.JSONObject.populateMap(JSONObject.java:1167)
	at org.json.JSONObject.<init>(JSONObject.java:277)
	at org.json.JSONObject.wrap(JSONObject.java:1761)
	at org.json.JSONArray.<init>(JSONArray.java:176)
	at org.json.JSONObject.wrap(JSONObject.java:1747)
	at org.json.JSONObject.populateMap(JSONObject.java:1167)
	at org.json.JSONObject.<init>(JSONObject.java:277)
	at org.json.JSONObject.wrap(JSONObject.java:1761)
	at org.json.JSONObject.populateMap(JSONObject.java:1167)
	at org.json.JSONObject.<init>(JSONObject.java:277)
	at org.json.JSONObject.wrap(JSONObject.java:1761)
	at org.json.JSONArray.<init>(JSONArray.java:176)
	at org.json.JSONObject.wrap(JSONObject.java:1747)
	at org.json.JSONObject.populateMap(JSONObject.java:1167)
	at org.json.JSONObject.<init>(JSONObject.java:277)
	at org.json.JSONObject.wrap(JSONObject.java:1761)
	at org.json.JSONObject.populateMap(JSONObject.java:1167)
	at org.json.JSONObject.<init>(JSONObject.java:277)
	at org.json.JSONObject.wrap(JSONObject.java:1761)
	at org.json.JSONArray.<init>(JSONArray.java:176)
	at org.json.JSONObject.wrap(JSONObject.java:1747)
	at org.json.JSONObject.populateMap(JSONObject.java:1167)
	at org.json.JSONObject.<init>(JSONObject.java:277)
	at org.json.JSONObject.wrap(JSONObject.java:1761)
	at org.json.JSONObject.populateMap(JSONObject.java:1167)
	at org.json.JSONObject.<init>(JSONObject.java:277)
	at org.json.JSONObject.wrap(JSONObject.java:1761)
	at org.json.JSONArray.<init>(JSONArray.java:176)
	at org.json.JSONObject.wrap(JSONObject.java:1747)
	at org.json.JSONObject.populateMap(JSONObject.java:1167)
	at org.json.JSONObject.<init>(JSONObject.java:277)
	at org.json.JSONObject.wrap(JSONObject.java:1761)
	at org.json.JSONObject.populateMap(JSONObject.java:1167)
	at org.json.JSONObject.<init>(JSONObject.java:277)
	at org.json.JSONObject.wrap(JSONObject.java:1761)
	at org.json.JSONArray.<init>(JSONArray.java:176)
	at org.json.JSONObject.wrap(JSONObject.java:1747)
	at org.json.JSONObject.populateMap(JSONObject.java:1167)
	at org.json.JSONObject.<init>(JSONObject.java:277)
	at org.json.JSONObject.wrap(JSONObject.java:1761)
	at org.json.JSONObject.populateMap(JSONObject.java:1167)
	at org.json.JSONObject.<init>(JSONObject.java:277)
	at org.json.JSONObject.wrap(JSONObject.java:1761)
	at org.json.JSONArray.<init>(JSONArray.java:176)
	at org.json.JSONObject.wrap(JSONObject.java:1747)
	at org.json.JSONObject.populateMap(JSONObject.java:1167)
	at org.json.JSONObject.<init>(JSONObject.java:277)
	at org.json.JSONObject.wrap(JSONObject.java:1761)
	at org.json.JSONObject.populateMap(JSONObject.java:1167)
	at org.json.JSONObject.<init>(JSONObject.java:277)
	at org.json.JSONObject.wrap(JSONObject.java:1761)
	at org.json.JSONArray.<init>(JSONArray.java:176)
	at org.json.JSONObject.wrap(JSONObject.java:1747)
	at org.json.JSONObject.populateMap(JSONObject.java:1167)
	at org.json.JSONObject.<init>(JSONObject.java:277)
	at org.json.JSONObject.wrap(JSONObject.java:1761)
	at org.json.JSONObject.populateMap(JSONObject.java:1167)
	at org.json.JSONObject.<init>(JSONObject.java:277)
	at org.json.JSONObject.wrap(JSONObject.java:1761)
	at org.json.JSONArray.<init>(JSONArray.java:176)
	at org.json.JSONObject.wrap(JSONObject.java:1747)
	at org.json.JSONObject.populateMap(JSONObject.java:1167)
	at org.json.JSONObject.<init>(JSONObject.java:277)
	at org.json.JSONObject.wrap(JSONObject.java:1761)
	at org.json.JSONObject.populateMap(JSONObject.java:1167)
	at org.json.JSONObject.<init>(JSONObject.java:277)
	at org.json.JSONObject.wrap(JSONObject.java:1761)
	at org.json.JSONArray.<init>(JSONArray.java:176)
	at org.json.JSONObject.wrap(JSONObject.java:1747)
	at org.json.JSONObject.populateMap(JSONObject.java:1167)
	at org.json.JSONObject.<init>(JSONObject.java:277)
	at org.json.JSONObject.wrap(JSONObject.java:1761)
	at org.json.JSONObject.populateMap(JSONObject.java:1167)
	at org.json.JSONObject.<init>(JSONObject.java:277)
	at org.json.JSONObject.wrap(JSONObject.java:1761)
	at org.json.JSONArray.<init>(JSONArray.java:176)
	at org.json.JSONObject.wrap(JSONObject.java:1747)
	at org.json.JSONObject.populateMap(JSONObject.java:1167)
	at org.json.JSONObject.<init>(JSONObject.java:277)
	at org.json.JSONObject.wrap(JSONObject.java:1761)
	at org.json.JSONObject.populateMap(JSONObject.java:1167)
	at org.json.JSONObject.<init>(JSONObject.java:277)
	at org.json.JSONObject.wrap(JSONObject.java:1761)
	at org.json.JSONArray.<init>(JSONArray.java:176)
	at org.json.JSONObject.wrap(JSONObject.java:1747)
	at org.json.JSONObject.populateMap(JSONObject.java:1167)
	at org.json.JSONObject.<init>(JSONObject.java:277)
	at org.json.JSONObject.wrap(JSONObject.java:1761)
	at org.json.JSONObject.populateMap(JSONObject.java:1167)
	at org.json.JSONObject.<init>(JSONObject.java:277)
	at org.json.JSONObject.wrap(JSONObject.java:1761)
	at org.json.JSONArray.<init>(JSONArray.java:176)
	at org.json.JSONObject.wrap(JSONObject.java:1747)
	at org.json.JSONObject.populateMap(JSONObject.java:1167)
	at org.json.JSONObject.<init>(JSONObject.java:277)
	at org.json.JSONObject.wrap(JSONObject.java:1761)
	at org.json.JSONObject.populateMap(JSONObject.java:1167)
	at org.json.JSONObject.<init>(JSONObject.java:277)
	at org.json.JSONObject.wrap(JSONObject.java:1761)
	at org.json.JSONArray.<init>(JSONArray.java:176)
	at org.json.JSONObject.wrap(JSONObject.java:1747)
	at org.json.JSONObject.populateMap(JSONObject.java:1167)
	at org.json.JSONObject.<init>(JSONObject.java:277)
	at org.json.JSONObject.wrap(JSONObject.java:1761)
	at org.json.JSONObject.populateMap(JSONObject.java:1167)
	at org.json.JSONObject.<init>(JSONObject.java:277)
	at org.json.JSONObject.wrap(JSONObject.java:1761)
	at org.json.JSONArray.<init>(JSONArray.java:176)
	at org.json.JSONObject.wrap(JSONObject.java:1747)
	at org.json.JSONObject.populateMap(JSONObject.java:1167)
	at org.json.JSONObject.<init>(JSONObject.java:277)
	at org.json.JSONObject.wrap(JSONObject.java:1761)
	at org.json.JSONObject.populateMap(JSONObject.java:1167)
	at org.json.JSONObject.<init>(JSONObject.java:277)
	at org.json.JSONObject.wrap(JSONObject.java:1761)
	at org.json.JSONArray.<init>(JSONArray.java:176)
	at org.json.JSONObject.wrap(JSONObject.java:1747)
	at org.json.JSONObject.populateMap(JSONObject.java:1167)
	at org.json.JSONObject.<init>(JSONObject.java:277)
	at org.json.JSONObject.wrap(JSONObject.java:1761)
	at org.json.JSONObject.populateMap(JSONObject.java:1167)
	at org.json.JSONObject.<init>(JSONObject.java:277)
	at org.json.JSONObject.wrap(JSONObject.java:1761)
	at org.json.JSONArray.<init>(JSONArray.java:176)
	at org.json.JSONObject.wrap(JSONObject.java:1747)
	at org.json.JSONObject.populateMap(JSONObject.java:1167)
	at org.json.JSONObject.<init>(JSONObject.java:277)
	at org.json.JSONObject.wrap(JSONObject.java:1761)
	at org.json.JSONObject.populateMap(JSONObject.java:1167)
	at org.json.JSONObject.<init>(JSONObject.java:277)
	at org.json.JSONObject.wrap(JSONObject.java:1761)
	at org.json.JSONArray.<init>(JSONArray.java:176)
	at org.json.JSONObject.wrap(JSONObject.java:1747)
	at org.json.JSONObject.populateMap(JSONObject.java:1167)
	at org.json.JSONObject.<init>(JSONObject.java:277)
	at org.json.JSONObject.wrap(JSONObject.java:1761)
	at org.json.JSONObject.populateMap(JSONObject.java:1167)
	at org.json.JSONObject.<init>(JSONObject.java:277)
	at org.json.JSONObject.wrap(JSONObject.java:1761)
	at org.json.JSONArray.<init>(JSONArray.java:176)
	at org.json.JSONObject.wrap(JSONObject.java:1747)
	at org.json.JSONObject.populateMap(JSONObject.java:1167)
	at org.json.JSONObject.<init>(JSONObject.java:277)
	at org.json.JSONObject.wrap(JSONObject.java:1761)
	at org.json.JSONObject.populateMap(JSONObject.java:1167)
	at org.json.JSONObject.<init>(JSONObject.java:277)
	at org.json.JSONObject.wrap(JSONObject.java:1761)
	at org.json.JSONArray.<init>(JSONArray.java:176)
	at org.json.JSONObject.wrap(JSONObject.java:1747)
	at org.json.JSONObject.populateMap(JSONObject.java:1167)
	at org.json.JSONObject.<init>(JSONObject.java:277)
	at org.json.JSONObject.wrap(JSONObject.java:1761)
	at org.json.JSONObject.populateMap(JSONObject.java:1167)
	at org.json.JSONObject.<init>(JSONObject.java:277)
	at org.json.JSONObject.wrap(JSONObject.java:1761)
	at org.json.JSONArray.<init>(JSONArray.java:176)
	at org.json.JSONObject.wrap(JSONObject.java:1747)
	at org.json.JSONObject.populateMap(JSONObject.java:1167)
	at org.json.JSONObject.<init>(JSONObject.java:277)
	at org.json.JSONObject.wrap(JSONObject.java:1761)
	at org.json.JSONObject.populateMap(JSONObject.java:1167)
	at org.json.JSONObject.<init>(JSONObject.java:277)
	at org.json.JSONObject.wrap(JSONObject.java:1761)
	at org.json.JSONArray.<init>(JSONArray.java:176)
	at org.json.JSONObject.wrap(JSONObject.java:1747)
	at org.json.JSONObject.populateMap(JSONObject.java:1167)
	at org.json.JSONObject.<init>(JSONObject.java:277)
	at org.json.JSONObject.wrap(JSONObject.java:1761)
	at org.json.JSONObject.populateMap(JSONObject.java:1167)
	at org.json.JSONObject.<init>(JSONObject.java:277)
	at org.json.JSONObject.wrap(JSONObject.java:1761)
	at org.json.JSONArray.<init>(JSONArray.java:176)
	at org.json.JSONObject.wrap(JSONObject.java:1747)
	at org.json.JSONObject.populateMap(JSONObject.java:1167)
	at org.json.JSONObject.<init>(JSONObject.java:277)
	at org.json.JSONObject.wrap(JSONObject.java:1761)
	at org.json.JSONObject.populateMap(JSONObject.java:1167)
	at org.json.JSONObject.<init>(JSONObject.java:277)
	at org.json.JSONObject.wrap(JSONObject.java:1761)
	at org.json.JSONArray.<init>(JSONArray.java:176)
	at org.json.JSONObject.wrap(JSONObject.java:1747)
	at org.json.JSONObject.populateMap(JSONObject.java:1167)
	at org.json.JSONObject.<init>(JSONObject.java:277)
	at org.json.JSONObject.wrap(JSONObject.java:1761)
	at org.json.JSONObject.populateMap(JSONObject.java:1167)
	at org.json.JSONObject.<init>(JSONObject.java:277)
	at org.json.JSONObject.wrap(JSONObject.java:1761)
	at org.json.JSONArray.<init>(JSONArray.java:176)
	at org.json.JSONObject.wrap(JSONObject.java:1747)
	at org.json.JSONObject.populateMap(JSONObject.java:1167)
	at org.json.JSONObject.<init>(JSONObject.java:277)
	at org.json.JSONObject.wrap(JSONObject.java:1761)
	at org.json.JSONObject.populateMap(JSONObject.java:1167)
	at org.json.JSONObject.<init>(JSONObject.java:277)
	at org.json.JSONObject.wrap(JSONObject.java:1761)
	at org.json.JSONArray.<init>(JSONArray.java:176)
	at org.json.JSONObject.wrap(JSONObject.java:1747)
	at org.json.JSONObject.populateMap(JSONObject.java:1167)
	at org.json.JSONObject.<init>(JSONObject.java:277)
	at org.json.JSONObject.wrap(JSONObject.java:1761)
	at org.json.JSONObject.populateMap(JSONObject.java:1167)
	at org.json.JSONObject.<init>(JSONObject.java:277)
	at org.json.JSONObject.wrap(JSONObject.java:1761)
	at org.json.JSONArray.<init>(JSONArray.java:176)
	at org.json.JSONObject.wrap(JSONObject.java:1747)
	at org.json.JSONObject.populateMap(JSONObject.java:1167)
	at org.json.JSONObject.<init>(JSONObject.java:277)
	at org.json.JSONObject.wrap(JSONObject.java:1761)
	at org.json.JSONObject.populateMap(JSONObject.java:1167)
	at org.json.JSONObject.<init>(JSONObject.java:277)
	at org.json.JSONObject.wrap(JSONObject.java:1761)
	at org.json.JSONArray.<init>(JSONArray.java:176)
	at org.json.JSONObject.wrap(JSONObject.java:1747)
	at org.json.JSONObject.populateMap(JSONObject.java:1167)
	at org.json.JSONObject.<init>(JSONObject.java:277)
	at org.json.JSONObject.wrap(JSONObject.java:1761)
	at org.json.JSONObject.populateMap(JSONObject.java:1167)
	at org.json.JSONObject.<init>(JSONObject.java:277)
	at org.json.JSONObject.wrap(JSONObject.java:1761)
	at org.json.JSONArray.<init>(JSONArray.java:176)
	at org.json.JSONObject.wrap(JSONObject.java:1747)
	at org.json.JSONObject.populateMap(JSONObject.java:1167)
	at org.json.JSONObject.<init>(JSONObject.java:277)
	at org.json.JSONObject.wrap(JSONObject.java:1761)
	at org.json.JSONObject.populateMap(JSONObject.java:1167)
	at org.json.JSONObject.<init>(JSONObject.java:277)
	at org.json.JSONObject.wrap(JSONObject.java:1761)
	at org.json.JSONArray.<init>(JSONArray.java:176)
	at org.json.JSONObject.wrap(JSONObject.java:1747)
	at org.json.JSONObject.populateMap(JSONObject.java:1167)
	at org.json.JSONObject.<init>(JSONObject.java:277)
	at org.json.JSONObject.wrap(JSONObject.java:1761)
	at org.json.JSONObject.populateMap(JSONObject.java:1167)
	at org.json.JSONObject.<init>(JSONObject.java:277)
	at org.json.JSONObject.wrap(JSONObject.java:1761)
	at org.json.JSONArray.<init>(JSONArray.java:176)
	at org.json.JSONObject.wrap(JSONObject.java:1747)
	at org.json.JSONObject.populateMap(JSONObject.java:1167)
	at org.json.JSONObject.<init>(JSONObject.java:277)
	at org.json.JSONObject.wrap(JSONObject.java:1761)
	at org.json.JSONObject.populateMap(JSONObject.java:1167)
	at org.json.JSONObject.<init>(JSONObject.java:277)
	at org.json.JSONObject.wrap(JSONObject.java:1761)
	at org.json.JSONArray.<init>(JSONArray.java:176)
	at org.json.JSONObject.wrap(JSONObject.java:1747)
	at org.json.JSONObject.populateMap(JSONObject.java:1167)
	at org.json.JSONObject.<init>(JSONObject.java:277)
	at org.json.JSONObject.wrap(JSONObject.java:1761)
	at org.json.JSONObject.populateMap(JSONObject.java:1167)
	at org.json.JSONObject.<init>(JSONObject.java:277)
	at org.json.JSONObject.wrap(JSONObject.java:1761)
	at org.json.JSONArray.<init>(JSONArray.java:176)
	at org.json.JSONObject.wrap(JSONObject.java:1747)
	at org.json.JSONObject.populateMap(JSONObject.java:1167)
	at org.json.JSONObject.<init>(JSONObject.java:277)
	at org.json.JSONObject.wrap(JSONObject.java:1761)
	at org.json.JSONObject.populateMap(JSONObject.java:1167)
	at org.json.JSONObject.<init>(JSONObject.java:277)
	at org.json.JSONObject.wrap(JSONObject.java:1761)
	at org.json.JSONArray.<init>(JSONArray.java:176)
	at org.json.JSONObject.wrap(JSONObject.java:1747)
	at org.json.JSONObject.populateMap(JSONObject.java:1167)
	at org.json.JSONObject.<init>(JSONObject.java:277)
	at org.json.JSONObject.wrap(JSONObject.java:1761)
	at org.json.JSONObject.populateMap(JSONObject.java:1167)
	at org.json.JSONObject.<init>(JSONObject.java:277)
	at org.json.JSONObject.wrap(JSONObject.java:1761)
	at org.json.JSONArray.<init>(JSONArray.java:176)
	at org.json.JSONObject.wrap(JSONObject.java:1747)
	at org.json.JSONObject.populateMap(JSONObject.java:1167)
	at org.json.JSONObject.<init>(JSONObject.java:277)
	at org.json.JSONObject.wrap(JSONObject.java:1761)
	at org.json.JSONObject.populateMap(JSONObject.java:1167)
	at org.json.JSONObject.<init>(JSONObject.java:277)
	at org.json.JSONObject.wrap(JSONObject.java:1761)
	at org.json.JSONArray.<init>(JSONArray.java:176)
	at org.json.JSONObject.wrap(JSONObject.java:1747)
	at org.json.JSONObject.populateMap(JSONObject.java:1167)
	at org.json.JSONObject.<init>(JSONObject.java:277)
	at org.json.JSONObject.wrap(JSONObject.java:1761)
	at org.json.JSONObject.populateMap(JSONObject.java:1167)
	at org.json.JSONObject.<init>(JSONObject.java:277)
	at org.json.JSONObject.wrap(JSONObject.java:1761)
	at org.json.JSONArray.<init>(JSONArray.java:176)
	at org.json.JSONObject.wrap(JSONObject.java:1747)
	at org.json.JSONObject.populateMap(JSONObject.java:1167)
	at org.json.JSONObject.<init>(JSONObject.java:277)
	at org.json.JSONObject.wrap(JSONObject.java:1761)
	at org.json.JSONObject.populateMap(JSONObject.java:1167)
	at org.json.JSONObject.<init>(JSONObject.java:277)
	at org.json.JSONObject.wrap(JSONObject.java:1761)
	at org.json.JSONArray.<init>(JSONArray.java:176)
	at org.json.JSONObject.wrap(JSONObject.java:1747)
	at org.json.JSONObject.populateMap(JSONObject.java:1167)
	at org.json.JSONObject.<init>(JSONObject.java:277)
	at org.json.JSONObject.wrap(JSONObject.java:1761)
	at org.json.JSONObject.populateMap(JSONObject.java:1167)
	at org.json.JSONObject.<init>(JSONObject.java:277)
	at org.json.JSONObject.wrap(JSONObject.java:1761)
	at org.json.JSONArray.<init>(JSONArray.java:176)
	at org.json.JSONObject.wrap(JSONObject.java:1747)
	at org.json.JSONObject.populateMap(JSONObject.java:1167)
	at org.json.JSONObject.<init>(JSONObject.java:277)
	at org.json.JSONObject.wrap(JSONObject.java:1761)
	at org.json.JSONObject.populateMap(JSONObject.java:1167)
	at org.json.JSONObject.<init>(JSONObject.java:277)
	at org.json.JSONObject.wrap(JSONObject.java:1761)
	at org.json.JSONArray.<init>(JSONArray.java:176)
	at org.json.JSONObject.wrap(JSONObject.java:1747)
	at org.json.JSONObject.populateMap(JSONObject.java:1167)
	at org.json.JSONObject.<init>(JSONObject.java:277)
	at org.json.JSONObject.wrap(JSONObject.java:1761)
	at org.json.JSONObject.populateMap(JSONObject.java:1167)
	at org.json.JSONObject.<init>(JSONObject.java:277)
	at org.json.JSONObject.wrap(JSONObject.java:1761)
	at org.json.JSONArray.<init>(JSONArray.java:176)
	at org.json.JSONObject.wrap(JSONObject.java:1747)
	at org.json.JSONObject.populateMap(JSONObject.java:1167)
	at org.json.JSONObject.<init>(JSONObject.java:277)
	at org.json.JSONObject.wrap(JSONObject.java:1761)
	at org.json.JSONObject.populateMap(JSONObject.java:1167)
	at org.json.JSONObject.<init>(JSONObject.java:277)
	at org.json.JSONObject.wrap(JSONObject.java:1761)
	at org.json.JSONArray.<init>(JSONArray.java:176)
	at org.json.JSONObject.wrap(JSONObject.java:1747)
	at org.json.JSONObject.populateMap(JSONObject.java:1167)
	at org.json.JSONObject.<init>(JSONObject.java:277)
	at org.json.JSONObject.wrap(JSONObject.java:1761)
	at org.json.JSONObject.populateMap(JSONObject.java:1167)
	at org.json.JSONObject.<init>(JSONObject.java:277)
	at org.json.JSONObject.wrap(JSONObject.java:1761)
	at org.json.JSONArray.<init>(JSONArray.java:176)
	at org.json.JSONObject.wrap(JSONObject.java:1747)
	at org.json.JSONObject.populateMap(JSONObject.java:1167)
	at org.json.JSONObject.<init>(JSONObject.java:277)
	at org.json.JSONObject.wrap(JSONObject.java:1761)
	at org.json.JSONObject.populateMap(JSONObject.java:1167)
	at org.json.JSONObject.<init>(JSONObject.java:277)
	at org.json.JSONObject.wrap(JSONObject.java:1761)
	at org.json.JSONArray.<init>(JSONArray.java:176)
	at org.json.JSONObject.wrap(JSONObject.java:1747)
	at org.json.JSONObject.populateMap(JSONObject.java:1167)
	at org.json.JSONObject.<init>(JSONObject.java:277)
	at org.json.JSONObject.wrap(JSONObject.java:1761)
	at org.json.JSONObject.populateMap(JSONObject.java:1167)
	at org.json.JSONObject.<init>(JSONObject.java:277)
	at org.json.JSONObject.wrap(JSONObject.java:1761)
	at org.json.JSONArray.<init>(JSONArray.java:176)
	at org.json.JSONObject.wrap(JSONObject.java:1747)
	at org.json.JSONObject.populateMap(JSONObject.java:1167)
	at org.json.JSONObject.<init>(JSONObject.java:277)
	at org.json.JSONObject.wrap(JSONObject.java:1761)
	at org.json.JSONObject.populateMap(JSONObject.java:1167)
	at org.json.JSONObject.<init>(JSONObject.java:277)
	at org.json.JSONObject.wrap(JSONObject.java:1761)
	at org.json.JSONArray.<init>(JSONArray.java:176)
	at org.json.JSONObject.wrap(JSONObject.java:1747)
	at org.json.JSONObject.populateMap(JSONObject.java:1167)
	at org.json.JSONObject.<init>(JSONObject.java:277)
	at org.json.JSONObject.wrap(JSONObject.java:1761)
	at org.json.JSONObject.populateMap(JSONObject.java:1167)
	at org.json.JSONObject.<init>(JSONObject.java:277)
	at org.json.JSONObject.wrap(JSONObject.java:1761)
	at org.json.JSONArray.<init>(JSONArray.java:176)
	at org.json.JSONObject.wrap(JSONObject.java:1747)
	at org.json.JSONObject.populateMap(JSONObject.java:1167)
	at org.json.JSONObject.<init>(JSONObject.java:277)
	at org.json.JSONObject.wrap(JSONObject.java:1761)
	at org.json.JSONObject.populateMap(JSONObject.java:1167)
	at org.json.JSONObject.<init>(JSONObject.java:277)
	at org.json.JSONObject.wrap(JSONObject.java:1761)
	at org.json.JSONArray.<init>(JSONArray.java:176)
	at org.json.JSONObject.wrap(JSONObject.java:1747)
	at org.json.JSONObject.populateMap(JSONObject.java:1167)
	at org.json.JSONObject.<init>(JSONObject.java:277)
	at org.json.JSONObject.wrap(JSONObject.java:1761)
	at org.json.JSONObject.populateMap(JSONObject.java:1167)
	at org.json.JSONObject.<init>(JSONObject.java:277)
	at org.json.JSONObject.wrap(JSONObject.java:1761)
	at org.json.JSONArray.<init>(JSONArray.java:176)
	at org.json.JSONObject.wrap(JSONObject.java:1747)
	at org.json.JSONObject.populateMap(JSONObject.java:1167)
	at org.json.JSONObject.<init>(JSONObject.java:277)
	at org.json.JSONObject.wrap(JSONObject.java:1761)
	at org.json.JSONObject.populateMap(JSONObject.java:1167)
	at org.json.JSONObject.<init>(JSONObject.java:277)
	at org.json.JSONObject.wrap(JSONObject.java:1761)
	at org.json.JSONArray.<init>(JSONArray.java:176)
	at org.json.JSONObject.wrap(JSONObject.java:1747)
	at org.json.JSONObject.populateMap(JSONObject.java:1167)
	at org.json.JSONObject.<init>(JSONObject.java:277)
	at org.json.JSONObject.wrap(JSONObject.java:1761)
	at org.json.JSONObject.populateMap(JSONObject.java:1167)
	at org.json.JSONObject.<init>(JSONObject.java:277)
	at org.json.JSONObject.wrap(JSONObject.java:1761)
	at org.json.JSONArray.<init>(JSONArray.java:176)
	at org.json.JSONObject.wrap(JSONObject.java:1747)
	at org.json.JSONObject.populateMap(JSONObject.java:1167)
	at org.json.JSONObject.<init>(JSONObject.java:277)
	at org.json.JSONObject.wrap(JSONObject.java:1761)
	at org.json.JSONObject.populateMap(JSONObject.java:1167)
	at org.json.JSONObject.<init>(JSONObject.java:277)
	at org.json.JSONObject.wrap(JSONObject.java:1761)
	at org.json.JSONArray.<init>(JSONArray.java:176)
	at org.json.JSONObject.wrap(JSONObject.java:1747)
	at org.json.JSONObject.populateMap(JSONObject.java:1167)
	at org.json.JSONObject.<init>(JSONObject.java:277)
	at org.json.JSONObject.wrap(JSONObject.java:1761)
	at org.json.JSONObject.populateMap(JSONObject.java:1167)
	at org.json.JSONObject.<init>(JSONObject.java:277)
	at org.json.JSONObject.wrap(JSONObject.java:1761)
	at org.json.JSONArray.<init>(JSONArray.java:176)
	at org.json.JSONObject.wrap(JSONObject.java:1747)
	at org.json.JSONObject.populateMap(JSONObject.java:1167)
	at org.json.JSONObject.<init>(JSONObject.java:277)
	at org.json.JSONObject.wrap(JSONObject.java:1761)
	at org.json.JSONObject.populateMap(JSONObject.java:1167)
	at org.json.JSONObject.<init>(JSONObject.java:277)
	at org.json.JSONObject.wrap(JSONObject.java:1761)
	at org.json.JSONArray.<init>(JSONArray.java:176)
	at org.json.JSONObject.wrap(JSONObject.java:1747)
	at org.json.JSONObject.populateMap(JSONObject.java:1167)
	at org.json.JSONObject.<init>(JSONObject.java:277)
	at org.json.JSONObject.wrap(JSONObject.java:1761)
	at org.json.JSONObject.populateMap(JSONObject.java:1167)
	at org.json.JSONObject.<init>(JSONObject.java:277)
	at org.json.JSONObject.wrap(JSONObject.java:1761)
	at org.json.JSONArray.<init>(JSONArray.java:176)
	at org.json.JSONObject.wrap(JSONObject.java:1747)
	at org.json.JSONObject.populateMap(JSONObject.java:1167)
	at org.json.JSONObject.<init>(JSONObject.java:277)
	at org.json.JSONObject.wrap(JSONObject.java:1761)
	at org.json.JSONObject.populateMap(JSONObject.java:1167)
	at org.json.JSONObject.<init>(JSONObject.java:277)
	at org.json.JSONObject.wrap(JSONObject.java:1761)
	at org.json.JSONArray.<init>(JSONArray.java:176)
	at org.json.JSONObject.wrap(JSONObject.java:1747)
	at org.json.JSONObject.populateMap(JSONObject.java:1167)
	at org.json.JSONObject.<init>(JSONObject.java:277)
	at org.json.JSONObject.wrap(JSONObject.java:1761)
	at org.json.JSONObject.populateMap(JSONObject.java:1167)
	at org.json.JSONObject.<init>(JSONObject.java:277)
	at org.json.JSONObject.wrap(JSONObject.java:1761)
	at org.json.JSONArray.<init>(JSONArray.java:176)
	at org.json.JSONObject.wrap(JSONObject.java:1747)
	at org.json.JSONObject.populateMap(JSONObject.java:1167)
	at org.json.JSONObject.<init>(JSONObject.java:277)
	at org.json.JSONObject.wrap(JSONObject.java:1761)
	at org.json.JSONObject.populateMap(JSONObject.java:1167)
	at org.json.JSONObject.<init>(JSONObject.java:277)
	at org.json.JSONObject.wrap(JSONObject.java:1761)
	at org.json.JSONArray.<init>(JSONArray.java:176)
	at org.json.JSONObject.wrap(JSONObject.java:1747)
	at org.json.JSONObject.populateMap(JSONObject.java:1167)
	at org.json.JSONObject.<init>(JSONObject.java:277)
	at org.json.JSONObject.wrap(JSONObject.java:1761)
	at org.json.JSONObject.populateMap(JSONObject.java:1167)
	at org.json.JSONObject.<init>(JSONObject.java:277)
	at org.json.JSONObject.wrap(JSONObject.java:1761)
	at org.json.JSONArray.<init>(JSONArray.java:176)
	at org.json.JSONObject.wrap(JSONObject.java:1747)
	at org.json.JSONObject.populateMap(JSONObject.java:1167)
	at org.json.JSONObject.<init>(JSONObject.java:277)
	at org.json.JSONObject.wrap(JSONObject.java:1761)
	at org.json.JSONObject.populateMap(JSONObject.java:1167)
	at org.json.JSONObject.<init>(JSONObject.java:277)
	at org.json.JSONObject.wrap(JSONObject.java:1761)
	at org.json.JSONArray.<init>(JSONArray.java:176)
	at org.json.JSONObject.wrap(JSONObject.java:1747)
	at org.json.JSONObject.populateMap(JSONObject.java:1167)
	at org.json.JSONObject.<init>(JSONObject.java:277)
	at org.json.JSONObject.wrap(JSONObject.java:1761)
	at org.json.JSONObject.populateMap(JSONObject.java:1167)
	at org.json.JSONObject.<init>(JSONObject.java:277)
	at org.json.JSONObject.wrap(JSONObject.java:1761)
	at org.json.JSONArray.<init>(JSONArray.java:176)
	at org.json.JSONObject.wrap(JSONObject.java:1747)
	at org.json.JSONObject.populateMap(JSONObject.java:1167)
	at org.json.JSONObject.<init>(JSONObject.java:277)
	at org.json.JSONObject.wrap(JSONObject.java:1761)
	at org.json.JSONObject.populateMap(JSONObject.java:1167)
	at org.json.JSONObject.<init>(JSONObject.java:277)
	at org.json.JSONObject.wrap(JSONObject.java:1761)
	at org.json.JSONArray.<init>(JSONArray.java:176)
	at org.json.JSONObject.wrap(JSONObject.java:1747)
	at org.json.JSONObject.populateMap(JSONObject.java:1167)
	at org.json.JSONObject.<init>(JSONObject.java:277)
	at org.json.JSONObject.wrap(JSONObject.java:1761)
	at org.json.JSONObject.populateMap(JSONObject.java:1167)
	at org.json.JSONObject.<init>(JSONObject.java:277)
	at org.json.JSONObject.wrap(JSONObject.java:1761)
	at org.json.JSONArray.<init>(JSONArray.java:176)
	at org.json.JSONObject.wrap(JSONObject.java:1747)
	at org.json.JSONObject.populateMap(JSONObject.java:1167)
	at org.json.JSONObject.<init>(JSONObject.java:277)
	at org.json.JSONObject.wrap(JSONObject.java:1761)
	at org.json.JSONObject.populateMap(JSONObject.java:1167)
	at org.json.JSONObject.<init>(JSONObject.java:277)
	at org.json.JSONObject.wrap(JSONObject.java:1761)
	at org.json.JSONArray.<init>(JSONArray.java:176)
	at org.json.JSONObject.wrap(JSONObject.java:1747)
	at org.json.JSONObject.populateMap(JSONObject.java:1167)
	at org.json.JSONObject.<init>(JSONObject.java:277)
	at org.json.JSONObject.wrap(JSONObject.java:1761)
	at org.json.JSONObject.populateMap(JSONObject.java:1167)
	at org.json.JSONObject.<init>(JSONObject.java:277)
	at org.json.JSONObject.wrap(JSONObject.java:1761)
	at org.json.JSONArray.<init>(JSONArray.java:176)
	at org.json.JSONObject.wrap(JSONObject.java:1747)
	at org.json.JSONObject.populateMap(JSONObject.java:1167)
	at org.json.JSONObject.<init>(JSONObject.java:277)
	at org.json.JSONObject.wrap(JSONObject.java:1761)
	at org.json.JSONObject.populateMap(JSONObject.java:1167)
	at org.json.JSONObject.<init>(JSONObject.java:277)
	at org.json.JSONObject.wrap(JSONObject.java:1761)
	at org.json.JSONArray.<init>(JSONArray.java:176)
	at org.json.JSONObject.wrap(JSONObject.java:1747)
	at org.json.JSONObject.populateMap(JSONObject.java:1167)
	at org.json.JSONObject.<init>(JSONObject.java:277)
	at org.json.JSONObject.wrap(JSONObject.java:1761)
	at org.json.JSONObject.populateMap(JSONObject.java:1167)
	at org.json.JSONObject.<init>(JSONObject.java:277)
	at org.json.JSONObject.wrap(JSONObject.java:1761)
	at org.json.JSONArray.<init>(JSONArray.java:176)
	at org.json.JSONObject.wrap(JSONObject.java:1747)
	at org.json.JSONObject.populateMap(JSONObject.java:1167)
	at org.json.JSONObject.<init>(JSONObject.java:277)
	at org.json.JSONObject.wrap(JSONObject.java:1761)
	at org.json.JSONObject.populateMap(JSONObject.java:1167)
	at org.json.JSONObject.<init>(JSONObject.java:277)
	at org.json.JSONObject.wrap(JSONObject.java:1761)
	at org.json.JSONArray.<init>(JSONArray.java:176)
	at org.json.JSONObject.wrap(JSONObject.java:1747)
	at org.json.JSONObject.populateMap(JSONObject.java:1167)
	at org.json.JSONObject.<init>(JSONObject.java:277)
	at org.json.JSONObject.wrap(JSONObject.java:1761)
	at org.json.JSONObject.populateMap(JSONObject.java:1167)
	at org.json.JSONObject.<init>(JSONObject.java:277)
	at org.json.JSONObject.wrap(JSONObject.java:1761)
	at org.json.JSONArray.<init>(JSONArray.java:176)
	at org.json.JSONObject.wrap(JSONObject.java:1747)
	at org.json.JSONObject.populateMap(JSONObject.java:1167)
	at org.json.JSONObject.<init>(JSONObject.java:277)
	at org.json.JSONObject.wrap(JSONObject.java:1761)
	at org.json.JSONObject.populateMap(JSONObject.java:1167)
	at org.json.JSONObject.<init>(JSONObject.java:277)
	at org.json.JSONObject.wrap(JSONObject.java:1761)
	at org.json.JSONArray.<init>(JSONArray.java:176)
	at org.json.JSONObject.wrap(JSONObject.java:1747)
	at org.json.JSONObject.populateMap(JSONObject.java:1167)
	at org.json.JSONObject.<init>(JSONObject.java:277)
	at org.json.JSONObject.wrap(JSONObject.java:1761)
	at org.json.JSONObject.populateMap(JSONObject.java:1167)
	at org.json.JSONObject.<init>(JSONObject.java:277)
	at org.json.JSONObject.wrap(JSONObject.java:1761)
	at org.json.JSONArray.<init>(JSONArray.java:176)
	at org.json.JSONObject.wrap(JSONObject.java:1747)
	at org.json.JSONObject.populateMap(JSONObject.java:1167)
	at org.json.JSONObject.<init>(JSONObject.java:277)
	at org.json.JSONObject.wrap(JSONObject.java:1761)
	at org.json.JSONObject.populateMap(JSONObject.java:1167)
	at org.json.JSONObject.<init>(JSONObject.java:277)
	at org.json.JSONObject.wrap(JSONObject.java:1761)
	at org.json.JSONArray.<init>(JSONArray.java:176)
	at org.json.JSONObject.wrap(JSONObject.java:1747)
	at org.json.JSONObject.populateMap(JSONObject.java:1167)
	at org.json.JSONObject.<init>(JSONObject.java:277)
	at org.json.JSONObject.wrap(JSONObject.java:1761)
	at org.json.JSONObject.populateMap(JSONObject.java:1167)
	at org.json.JSONObject.<init>(JSONObject.java:277)
	at org.json.JSONObject.wrap(JSONObject.java:1761)
	at org.json.JSONArray.<init>(JSONArray.java:176)
	at org.json.JSONObject.wrap(JSONObject.java:1747)
	at org.json.JSONObject.populateMap(JSONObject.java:1167)
	at org.json.JSONObject.<init>(JSONObject.java:277)
	at org.json.JSONObject.wrap(JSONObject.java:1761)
	at org.json.JSONObject.populateMap(JSONObject.java:1167)
	at org.json.JSONObject.<init>(JSONObject.java:277)
	at org.json.JSONObject.wrap(JSONObject.java:1761)
	at org.json.JSONArray.<init>(JSONArray.java:176)
	at org.json.JSONObject.wrap(JSONObject.java:1747)
	at org.json.JSONObject.populateMap(JSONObject.java:1167)
	at org.json.JSONObject.<init>(JSONObject.java:277)
	at org.json.JSONObject.wrap(JSONObject.java:1761)
	at org.json.JSONObject.populateMap(JSONObject.java:1167)
	at org.json.JSONObject.<init>(JSONObject.java:277)
	at org.json.JSONObject.wrap(JSONObject.java:1761)
	at org.json.JSONArray.<init>(JSONArray.java:176)
	at org.json.JSONObject.wrap(JSONObject.java:1747)
	at org.json.JSONObject.populateMap(JSONObject.java:1167)
	at org.json.JSONObject.<init>(JSONObject.java:277)
	at org.json.JSONObject.wrap(JSONObject.java:1761)
	at org.json.JSONObject.populateMap(JSONObject.java:1167)
	at org.json.JSONObject.<init>(JSONObject.java:277)
	at org.json.JSONObject.wrap(JSONObject.java:1761)
	at org.json.JSONArray.<init>(JSONArray.java:176)
	at org.json.JSONObject.wrap(JSONObject.java:1747)
	at org.json.JSONObject.populateMap(JSONObject.java:1167)
	at org.json.JSONObject.<init>(JSONObject.java:277)
	at org.json.JSONObject.wrap(JSONObject.java:1761)
	at org.json.JSONObject.populateMap(JSONObject.java:1167)
	at org.json.JSONObject.<init>(JSONObject.java:277)
	at org.json.JSONObject.wrap(JSONObject.java:1761)
	at org.json.JSONArray.<init>(JSONArray.java:176)
	at org.json.JSONObject.wrap(JSONObject.java:1747)
	at org.json.JSONObject.populateMap(JSONObject.java:1167)
	at org.json.JSONObject.<init>(JSONObject.java:277)
	at org.json.JSONObject.wrap(JSONObject.java:1761)
	at org.json.JSONObject.populateMap(JSONObject.java:1167)
	at org.json.JSONObject.<init>(JSONObject.java:277)
	at org.json.JSONObject.wrap(JSONObject.java:1761)
	at org.json.JSONArray.<init>(JSONArray.java:176)
	at org.json.JSONObject.wrap(JSONObject.java:1747)
	at org.json.JSONObject.populateMap(JSONObject.java:1167)
	at org.json.JSONObject.<init>(JSONObject.java:277)
	at org.json.JSONObject.wrap(JSONObject.java:1761)
	at org.json.JSONObject.populateMap(JSONObject.java:1167)
	at org.json.JSONObject.<init>(JSONObject.java:277)
	at org.json.JSONObject.wrap(JSONObject.java:1761)
	at org.json.JSONArray.<init>(JSONArray.java:176)
	at org.json.JSONObject.wrap(JSONObject.java:1747)
	at org.json.JSONObject.populateMap(JSONObject.java:1167)
	at org.json.JSONObject.<init>(JSONObject.java:277)
	at org.json.JSONObject.wrap(JSONObject.java:1761)
	at org.json.JSONObject.populateMap(JSONObject.java:1167)
	at org.json.JSONObject.<init>(JSONObject.java:277)
	at org.json.JSONObject.wrap(JSONObject.java:1761)
	at org.json.JSONArray.<init>(JSONArray.java:176)
	at org.json.JSONObject.wrap(JSONObject.java:1747)
	at org.json.JSONObject.populateMap(JSONObject.java:1167)
	at org.json.JSONObject.<init>(JSONObject.java:277)
	at org.json.JSONObject.wrap(JSONObject.java:1761)
	at org.json.JSONObject.populateMap(JSONObject.java:1167)
	at org.json.JSONObject.<init>(JSONObject.java:277)
	at org.json.JSONObject.wrap(JSONObject.java:1761)
	at org.json.JSONArray.<init>(JSONArray.java:176)
	at org.json.JSONObject.wrap(JSONObject.java:1747)
	at org.json.JSONObject.populateMap(JSONObject.java:1167)
	at org.json.JSONObject.<init>(JSONObject.java:277)
	at org.json.JSONObject.wrap(JSONObject.java:1761)
	at org.json.JSONObject.populateMap(JSONObject.java:1167)
	at org.json.JSONObject.<init>(JSONObject.java:277)
	at org.json.JSONObject.wrap(JSONObject.java:1761)
	at org.json.JSONArray.<init>(JSONArray.java:176)
	at org.json.JSONObject.wrap(JSONObject.java:1747)
	at org.json.JSONObject.populateMap(JSONObject.java:1167)
	at org.json.JSONObject.<init>(JSONObject.java:277)
	at org.json.JSONObject.wrap(JSONObject.java:1761)
	at org.json.JSONObject.populateMap(JSONObject.java:1167)
	at org.json.JSONObject.<init>(JSONObject.java:277)
	at org.json.JSONObject.wrap(JSONObject.java:1761)
	at org.json.JSONArray.<init>(JSONArray.java:176)
	at org.json.JSONObject.wrap(JSONObject.java:1747)
	at org.json.JSONObject.populateMap(JSONObject.java:1167)
	at org.json.JSONObject.<init>(JSONObject.java:277)
	at org.json.JSONObject.wrap(JSONObject.java:1761)
	at org.json.JSONObject.populateMap(JSONObject.java:1167)
	at org.json.JSONObject.<init>(JSONObject.java:277)
	at org.json.JSONObject.wrap(JSONObject.java:1761)
	at org.json.JSONArray.<init>(JSONArray.java:176)
	at org.json.JSONObject.wrap(JSONObject.java:1747)
	at org.json.JSONObject.populateMap(JSONObject.java:1167)
	at org.json.JSONObject.<init>(JSONObject.java:277)
	at org.json.JSONObject.wrap(JSONObject.java:1761)
	at org.json.JSONObject.populateMap(JSONObject.java:1167)
	at org.json.JSONObject.<init>(JSONObject.java:277)
	at org.json.JSONObject.wrap(JSONObject.java:1761)
	at org.json.JSONArray.<init>(JSONArray.java:176)
	at org.json.JSONObject.wrap(JSONObject.java:1747)
	at org.json.JSONObject.populateMap(JSONObject.java:1167)
	at org.json.JSONObject.<init>(JSONObject.java:277)
	at org.json.JSONObject.wrap(JSONObject.java:1761)
	at org.json.JSONObject.populateMap(JSONObject.java:1167)
	at org.json.JSONObject.<init>(JSONObject.java:277)
	at org.json.JSONObject.wrap(JSONObject.java:1761)
	at org.json.JSONArray.<init>(JSONArray.java:176)
	at org.json.JSONObject.wrap(JSONObject.java:1747)
	at org.json.JSONObject.populateMap(JSONObject.java:1167)
	at org.json.JSONObject.<init>(JSONObject.java:277)
	at org.json.JSONObject.wrap(JSONObject.java:1761)
	at org.json.JSONObject.populateMap(JSONObject.java:1167)
	at org.json.JSONObject.<init>(JSONObject.java:277)
	at org.json.JSONObject.wrap(JSONObject.java:1761)
	at org.json.JSONArray.<init>(JSONArray.java:176)
	at org.json.JSONObject.wrap(JSONObject.java:1747)
	at org.json.JSONObject.populateMap(JSONObject.java:1167)
	at org.json.JSONObject.<init>(JSONObject.java:277)
	at org.json.JSONObject.wrap(JSONObject.java:1761)
	at org.json.JSONObject.populateMap(JSONObject.java:1167)
	at org.json.JSONObject.<init>(JSONObject.java:277)
	at org.json.JSONObject.wrap(JSONObject.java:1761)
	at org.json.JSONArray.<init>(JSONArray.java:176)
	at org.json.JSONObject.wrap(JSONObject.java:1747)
	at org.json.JSONObject.populateMap(JSONObject.java:1167)
	at org.json.JSONObject.<init>(JSONObject.java:277)
	at org.json.JSONObject.wrap(JSONObject.java:1761)
	at org.json.JSONObject.populateMap(JSONObject.java:1167)
	at org.json.JSONObject.<init>(JSONObject.java:277)
	at org.json.JSONObject.wrap(JSONObject.java:1761)
	at org.json.JSONArray.<init>(JSONArray.java:176)
	at org.json.JSONObject.wrap(JSONObject.java:1747)
	at org.json.JSONObject.populateMap(JSONObject.java:1167)
	at org.json.JSONObject.<init>(JSONObject.java:277)
	at org.json.JSONObject.wrap(JSONObject.java:1761)
	at org.json.JSONObject.populateMap(JSONObject.java:1167)
	at org.json.JSONObject.<init>(JSONObject.java:277)
	at org.json.JSONObject.wrap(JSONObject.java:1761)
	at org.json.JSONArray.<init>(JSONArray.java:176)
	at org.json.JSONObject.wrap(JSONObject.java:1747)
	at org.json.JSONObject.populateMap(JSONObject.java:1167)
	at org.json.JSONObject.<init>(JSONObject.java:277)
	at org.json.JSONObject.wrap(JSONObject.java:1761)
	at org.json.JSONObject.populateMap(JSONObject.java:1167)
	at org.json.JSONObject.<init>(JSONObject.java:277)
	at org.json.JSONObject.wrap(JSONObject.java:1761)
	at org.json.JSONArray.<init>(JSONArray.java:176)
	at org.json.JSONObject.wrap(JSONObject.java:1747)
	at org.json.JSONObject.populateMap(JSONObject.java:1167)
	at org.json.JSONObject.<init>(JSONObject.java:277)
	at org.json.JSONObject.wrap(JSONObject.java:1761)
	at org.json.JSONObject.populateMap(JSONObject.java:1167)
	at org.json.JSONObject.<init>(JSONObject.java:277)
	at org.json.JSONObject.wrap(JSONObject.java:1761)
	at org.json.JSONArray.<init>(JSONArray.java:176)
	at org.json.JSONObject.wrap(JSONObject.java:1747)
	at org.json.JSONObject.populateMap(JSONObject.java:1167)
	at org.json.JSONObject.<init>(JSONObject.java:277)
	at org.json.JSONObject.wrap(JSONObject.java:1761)
	at org.json.JSONObject.populateMap(JSONObject.java:1167)
	at org.json.JSONObject.<init>(JSONObject.java:277)
	at org.json.JSONObject.wrap(JSONObject.java:1761)
	at org.json.JSONArray.<init>(JSONArray.java:176)
	at org.json.JSONObject.wrap(JSONObject.java:1747)
	at org.json.JSONObject.populateMap(JSONObject.java:1167)
	at org.json.JSONObject.<init>(JSONObject.java:277)
	at org.json.JSONObject.wrap(JSONObject.java:1761)
	at org.json.JSONObject.populateMap(JSONObject.java:1167)
	at org.json.JSONObject.<init>(JSONObject.java:277)
	at org.json.JSONObject.wrap(JSONObject.java:1761)
	at org.json.JSONArray.<init>(JSONArray.java:176)
	at org.json.JSONObject.wrap(JSONObject.java:1747)
	at org.json.JSONObject.populateMap(JSONObject.java:1167)
	at org.json.JSONObject.<init>(JSONObject.java:277)
	at org.json.JSONObject.wrap(JSONObject.java:1761)
	at org.json.JSONObject.populateMap(JSONObject.java:1167)
	at org.json.JSONObject.<init>(JSONObject.java:277)
	at org.json.JSONObject.wrap(JSONObject.java:1761)
	at org.json.JSONArray.<init>(JSONArray.java:176)
	at org.json.JSONObject.wrap(JSONObject.java:1747)
	at org.json.JSONObject.populateMap(JSONObject.java:1167)
	at org.json.JSONObject.<init>(JSONObject.java:277)
	at org.json.JSONObject.wrap(JSONObject.java:1761)
	at org.json.JSONObject.populateMap(JSONObject.java:1167)
	at org.json.JSONObject.<init>(JSONObject.java:277)
	at org.json.JSONObject.wrap(JSONObject.java:1761)
	at org.json.JSONArray.<init>(JSONArray.java:176)
	at org.json.JSONObject.wrap(JSONObject.java:1747)
	at org.json.JSONObject.populateMap(JSONObject.java:1167)
	at org.json.JSONObject.<init>(JSONObject.java:277)
	at org.json.JSONObject.wrap(JSONObject.java:1761)
	at org.json.JSONObject.populateMap(JSONObject.java:1167)
	at org.json.JSONObject.<init>(JSONObject.java:277)
	at org.json.JSONObject.wrap(JSONObject.java:1761)
	at org.json.JSONArray.<init>(JSONArray.java:176)
	at org.json.JSONObject.wrap(JSONObject.java:1747)
	at org.json.JSONObject.populateMap(JSONObject.java:1167)
	at org.json.JSONObject.<init>(JSONObject.java:277)
	at org.json.JSONObject.wrap(JSONObject.java:1761)
	at org.json.JSONObject.populateMap(JSONObject.java:1167)
	at org.json.JSONObject.<init>(JSONObject.java:277)
	at org.json.JSONObject.wrap(JSONObject.java:1761)
	at org.json.JSONArray.<init>(JSONArray.java:176)
	at org.json.JSONObject.wrap(JSONObject.java:1747)
	at org.json.JSONObject.populateMap(JSONObject.java:1167)
	at org.json.JSONObject.<init>(JSONObject.java:277)
	at org.json.JSONObject.wrap(JSONObject.java:1761)
	at org.json.JSONObject.populateMap(JSONObject.java:1167)
	at org.json.JSONObject.<init>(JSONObject.java:277)
	at org.json.JSONObject.wrap(JSONObject.java:1761)
	at org.json.JSONArray.<init>(JSONArray.java:176)
	at org.json.JSONObject.wrap(JSONObject.java:1747)
	at org.json.JSONObject.populateMap(JSONObject.java:1167)
	at org.json.JSONObject.<init>(JSONObject.java:277)
	at org.json.JSONObject.wrap(JSONObject.java:1761)
	at org.json.JSONObject.populateMap(JSONObject.java:1167)
	at org.json.JSONObject.<init>(JSONObject.java:277)
	at org.json.JSONObject.wrap(JSONObject.java:1761)
	at org.json.JSONArray.<init>(JSONArray.java:176)
	at org.json.JSONObject.wrap(JSONObject.java:1747)
	at org.json.JSONObject.populateMap(JSONObject.java:1167)
	at org.json.JSONObject.<init>(JSONObject.java:277)
	at org.json.JSONObject.wrap(JSONObject.java:1761)
	at org.json.JSONObject.populateMap(JSONObject.java:1167)
	at org.json.JSONObject.<init>(JSONObject.java:277)
	at org.json.JSONObject.wrap(JSONObject.java:1761)
	at org.json.JSONArray.<init>(JSONArray.java:176)
	at org.json.JSONObject.wrap(JSONObject.java:1747)
	at org.json.JSONObject.populateMap(JSONObject.java:1167)
	at org.json.JSONObject.<init>(JSONObject.java:277)
	at org.json.JSONObject.wrap(JSONObject.java:1761)
	at org.json.JSONObject.populateMap(JSONObject.java:1167)
	at org.json.JSONObject.<init>(JSONObject.java:277)
	at org.json.JSONObject.wrap(JSONObject.java:1761)
	at org.json.JSONArray.<init>(JSONArray.java:176)
	at org.json.JSONObject.wrap(JSONObject.java:1747)
	at org.json.JSONObject.populateMap(JSONObject.java:1167)
	at org.json.JSONObject.<init>(JSONObject.java:277)
	at org.json.JSONObject.wrap(JSONObject.java:1761)
	at org.json.JSONObject.populateMap(JSONObject.java:1167)
	at org.json.JSONObject.<init>(JSONObject.java:277)
	at org.json.JSONObject.wrap(JSONObject.java:1761)
	at org.json.JSONArray.<init>(JSONArray.java:176)
	at org.json.JSONObject.wrap(JSONObject.java:1747)
	at org.json.JSONObject.populateMap(JSONObject.java:1167)
	at org.json.JSONObject.<init>(JSONObject.java:277)
	at org.json.JSONObject.wrap(JSONObject.java:1761)
	at org.json.JSONObject.populateMap(JSONObject.java:1167)
	at org.json.JSONObject.<init>(JSONObject.java:277)
	at org.json.JSONObject.wrap(JSONObject.java:1761)
	at org.json.JSONArray.<init>(JSONArray.java:176)
	at org.json.JSONObject.wrap(JSONObject.java:1747)
	at org.json.JSONObject.populateMap(JSONObject.java:1167)
	at org.json.JSONObject.<init>(JSONObject.java:277)
	at org.json.JSONObject.wrap(JSONObject.java:1761)
	at org.json.JSONObject.populateMap(JSONObject.java:1167)
	at org.json.JSONObject.<init>(JSONObject.java:277)
	at org.json.JSONObject.wrap(JSONObject.java:1761)
	at org.json.JSONArray.<init>(JSONArray.java:176)
	at org.json.JSONObject.wrap(JSONObject.java:1747)
	at org.json.JSONObject.populateMap(JSONObject.java:1167)
	at org.json.JSONObject.<init>(JSONObject.java:277)
	at org.json.JSONObject.wrap(JSONObject.java:1761)
	at org.json.JSONObject.populateMap(JSONObject.java:1167)
	at org.json.JSONObject.<init>(JSONObject.java:277)
	at org.json.JSONObject.wrap(JSONObject.java:1761)
	at org.json.JSONArray.<init>(JSONArray.java:176)
	at org.json.JSONObject.wrap(JSONObject.java:1747)
	at org.json.JSONObject.populateMap(JSONObject.java:1167)
	at org.json.JSONObject.<init>(JSONObject.java:277)
	at org.json.JSONObject.wrap(JSONObject.java:1761)
	at org.json.JSONObject.populateMap(JSONObject.java:1167)
	at org.json.JSONObject.<init>(JSONObject.java:277)
	at org.json.JSONObject.wrap(JSONObject.java:1761)
	at org.json.JSONArray.<init>(JSONArray.java:176)
	at org.json.JSONObject.wrap(JSONObject.java:1747)
	at org.json.JSONObject.populateMap(JSONObject.java:1167)
	at org.json.JSONObject.<init>(JSONObject.java:277)
	at org.json.JSONObject.wrap(JSONObject.java:1761)
	at org.json.JSONObject.populateMap(JSONObject.java:1167)
	at org.json.JSONObject.<init>(JSONObject.java:277)
	at org.json.JSONObject.wrap(JSONObject.java:1761)
	at org.json.JSONArray.<init>(JSONArray.java:176)
	at org.json.JSONObject.wrap(JSONObject.java:1747)
	at org.json.JSONObject.populateMap(JSONObject.java:1167)
	at org.json.JSONObject.<init>(JSONObject.java:277)
	at org.json.JSONObject.wrap(JSONObject.java:1761)
	at org.json.JSONObject.populateMap(JSONObject.java:1167)
	at org.json.JSONObject.<init>(JSONObject.java:277)
	at org.json.JSONObject.wrap(JSONObject.java:1761)
	at org.json.JSONArray.<init>(JSONArray.java:176)
	at org.json.JSONObject.wrap(JSONObject.java:1747)
	at org.json.JSONObject.populateMap(JSONObject.java:1167)
	at org.json.JSONObject.<init>(JSONObject.java:277)
	at org.json.JSONObject.wrap(JSONObject.java:1761)
	at org.json.JSONObject.populateMap(JSONObject.java:1167)
	at org.json.JSONObject.<init>(JSONObject.java:277)
	at org.json.JSONObject.wrap(JSONObject.java:1761)
	at org.json.JSONArray.<init>(JSONArray.java:176)
	at org.json.JSONObject.wrap(JSONObject.java:1747)
	at org.json.JSONObject.populateMap(JSONObject.java:1167)
	at org.json.JSONObject.<init>(JSONObject.java:277)
	at org.json.JSONObject.wrap(JSONObject.java:1761)
	at org.json.JSONObject.populateMap(JSONObject.java:1167)
	at org.json.JSONObject.<init>(JSONObject.java:277)
	at org.json.JSONObject.wrap(JSONObject.java:1761)
	at org.json.JSONArray.<init>(JSONArray.java:176)
	at org.json.JSONObject.wrap(JSONObject.java:1747)
	at org.json.JSONObject.populateMap(JSONObject.java:1167)
	at org.json.JSONObject.<init>(JSONObject.java:277)
]]>
    </error>
  </testcase> <!-- updateExcelSheet -->
</testsuite> <!-- restassured.automation.ETTestcases.Restassured_Automation_ETBasePage -->
