<?xml version="1.0" encoding="UTF-8"?>
<!-- Generated by org.testng.reporters.JUnitReportReporter -->
<testsuite hostname="LT-34679A" name="restassured.automation.test.Restassured_Automation_Engagementtype" tests="1" failures="0" timestamp="8 Dec 2020 02:42:27 GMT" time="4.242" errors="0">
  <testcase name="Oraganization_Tests" time="4.242" classname="restassured.automation.test.Restassured_Automation_Engagementtype"/>
</testsuite> <!-- restassured.automation.test.Restassured_Automation_Engagementtype -->
