<?xml version="1.0" encoding="UTF-8"?>
<!-- Generated by org.testng.reporters.JUnitReportReporter -->
<testsuite hostname="LTCH-5CD105HTG9" name="restassured.automation.ETTestcases.Restassured_Automation_ETMethodology" tests="3" failures="0" timestamp="6 May 2021 14:31:13 GMT" time="4.389" errors="0">
  <testcase name="ETMethodology_GetMethodologyTranslations_Status200" time="0.898" classname="restassured.automation.ETTestcases.Restassured_Automation_ETMethodology"/>
  <testcase name="ETMethodology_GetMethodologyForAnEngagements_Status200" time="3.035" classname="restassured.automation.ETTestcases.Restassured_Automation_ETMethodology"/>
  <testcase name="ETMethodology_GetMethodologyManifest_Status200" time="0.456" classname="restassured.automation.ETTestcases.Restassured_Automation_ETMethodology"/>
</testsuite> <!-- restassured.automation.ETTestcases.Restassured_Automation_ETMethodology -->
