<?xml version="1.0" encoding="UTF-8"?>
<!-- Generated by org.testng.reporters.JUnitReportReporter -->
<testsuite hostname="LTCH-5CD105HTG9" name="restassured.automation.ETTestcases.Restassured_Automation_ETEngagementTeam" tests="6" failures="0" timestamp="26 May 2021 06:37:51 GMT" time="27.624" errors="0">
  <testcase name="ETEngagement_RemoveAccessManager_Status200" time="1.946" classname="restassured.automation.ETTestcases.Restassured_Automation_ETEngagementTeam"/>
  <testcase name="ETEngagement_GetEngagementHistory_Status200" time="2.557" classname="restassured.automation.ETTestcases.Restassured_Automation_ETEngagementTeam"/>
  <testcase name="ETEngagement_GetEngagementRoles_Status200" time="2.249" classname="restassured.automation.ETTestcases.Restassured_Automation_ETEngagementTeam"/>
  <testcase name="ETEngagement_DeleteEngagementTeamMember_Status200" time="13.664" classname="restassured.automation.ETTestcases.Restassured_Automation_ETEngagementTeam"/>
  <testcase name="ETEngagement_UpdateAccessManager_Status200" time="2.147" classname="restassured.automation.ETTestcases.Restassured_Automation_ETEngagementTeam"/>
  <testcase name="ETEngagement_UpdateEngagementTeamMember_Status200" time="5.061" classname="restassured.automation.ETTestcases.Restassured_Automation_ETEngagementTeam"/>
</testsuite> <!-- restassured.automation.ETTestcases.Restassured_Automation_ETEngagementTeam -->
