<?xml version="1.0" encoding="UTF-8"?>
<!-- Generated by org.testng.reporters.JUnitReportReporter -->
<testsuite skipped="0" hostname="LT-CHN-33875" name="restassured.automation.testcases.Restassured_Automation_Organizations" tests="6" failures="0" timestamp="26 May 2021 05:44:03 GMT" time="21.450" errors="0">
  <testcase name="Organisation_CreatePublishedStoreMethodologyFromOrganizationsHiddenMethodologyList" time="9.982" classname="restassured.automation.testcases.Restassured_Automation_Organizations"/>
  <testcase name="Organisation_RemovePublishedStoreMethodologyFromOrganizationsHiddenMethodologyList" time="4.600" classname="restassured.automation.testcases.Restassured_Automation_Organizations"/>
  <testcase name="Organisation_GetQueryForUsers_status400" time="1.144" classname="restassured.automation.testcases.Restassured_Automation_Organizations"/>
  <testcase name="Organisation_GetQueryForUsers_status200" time="3.429" classname="restassured.automation.testcases.Restassured_Automation_Organizations"/>
  <testcase name="Organisation_GetThePermissionForTheAuthUser" time="1.135" classname="restassured.automation.testcases.Restassured_Automation_Organizations"/>
  <testcase name="Organisation_GetTheListOfOrganization" time="1.160" classname="restassured.automation.testcases.Restassured_Automation_Organizations"/>
</testsuite> <!-- restassured.automation.testcases.Restassured_Automation_Organizations -->
