<?xml version="1.0" encoding="UTF-8"?>
<!-- Generated by org.testng.reporters.JUnitReportReporter -->
<testsuite hostname="LTCH-5CD105HTG9" name="restassured.automation.testcases.Restassured_Automation_FinancialStatements" tests="11" failures="0" timestamp="11 Jun 2021 11:10:27 GMT" time="48.111" errors="0">
  <testcase name="FinancialStatements_PatchTheFinancialStatementsLineItems_Status200" time="4.402" classname="restassured.automation.testcases.Restassured_Automation_FinancialStatements"/>
  <testcase name="FinancialStatements_LoadTheFinancialStatementsForTheStore_Status200" time="2.944" classname="restassured.automation.testcases.Restassured_Automation_FinancialStatements"/>
  <testcase name="FinancialStatements_PatchFinancialStatementsForTheRevision_Status400" time="6.038" classname="restassured.automation.testcases.Restassured_Automation_FinancialStatements"/>
  <testcase name="FinancialStatements_GetFinancialStatementsForTheRevision_Status200" time="5.044" classname="restassured.automation.testcases.Restassured_Automation_FinancialStatements"/>
  <testcase name="FinancialStatements_PatchTheFinancialStatementsLineItems_Status400" time="4.307" classname="restassured.automation.testcases.Restassured_Automation_FinancialStatements"/>
  <testcase name="FinancialStatements_createAnNewFinancialStatementsForTheStore_Status409" time="4.503" classname="restassured.automation.testcases.Restassured_Automation_FinancialStatements"/>
  <testcase name="FinancialStatements_createAnNewFinancialStatementsForTheStore_Status400" time="2.963" classname="restassured.automation.testcases.Restassured_Automation_FinancialStatements"/>
  <testcase name="FinancialStatements_PatchTheFinancialStatementsLineItems_Status409" time="4.401" classname="restassured.automation.testcases.Restassured_Automation_FinancialStatements"/>
  <testcase name="FinancialStatements_createAnNewFinancialStatementsForTheStore_Status200" time="3.079" classname="restassured.automation.testcases.Restassured_Automation_FinancialStatements"/>
  <testcase name="FinancialStatements_MoveFinancialStatementsLineItems_Status404" time="5.013" classname="restassured.automation.testcases.Restassured_Automation_FinancialStatements"/>
  <testcase name="FinancialStatements_PatchTheFinancialStatementsLineItems_Status404" time="5.417" classname="restassured.automation.testcases.Restassured_Automation_FinancialStatements"/>
</testsuite> <!-- restassured.automation.testcases.Restassured_Automation_FinancialStatements -->
