<?xml version="1.0" encoding="UTF-8"?>
<!-- Generated by org.testng.reporters.JUnitReportReporter -->
<testsuite hostname="LTCH-5CD105HTG9" name="restassured.automation.ETTestcases.Restassured_Automation_ETResponses" tests="3" failures="0" timestamp="26 May 2021 06:37:51 GMT" time="7.158" errors="0">
  <testcase name="ETResponses_deleteAddANewRowToAnItemizedWorkProgram_Status200" time="2.765" classname="restassured.automation.ETTestcases.Restassured_Automation_ETResponses"/>
  <testcase name="ETResponses_PostAddANewRowToAnItemizedWorkProgram_Status200" time="2.655" classname="restassured.automation.ETTestcases.Restassured_Automation_ETResponses"/>
  <testcase name="ETResponses_PutResponses_Status200" time="1.738" classname="restassured.automation.ETTestcases.Restassured_Automation_ETResponses"/>
</testsuite> <!-- restassured.automation.ETTestcases.Restassured_Automation_ETResponses -->
