<?xml version="1.0" encoding="UTF-8"?>
<!-- Generated by org.testng.reporters.JUnitReportReporter -->
<testsuite hostname="LTCH-5CD105HTG9" name="restassured.automation.ETTestcases.Restassured_Automation_ETEngagementBlobs" tests="1" failures="0" timestamp="9 Jun 2021 07:34:17 GMT" time="1.257" errors="0">
  <testcase name="ETEngagement_GetCurrentEngagementState_Status200" time="1.257" classname="restassured.automation.ETTestcases.Restassured_Automation_ETEngagementBlobs"/>
</testsuite> <!-- restassured.automation.ETTestcases.Restassured_Automation_ETEngagementBlobs -->
