<?xml version="1.0" encoding="UTF-8"?>
<!-- Generated by org.testng.reporters.JUnitReportReporter -->
<testsuite skipped="0" hostname="LT-CHN-33875" name="restassured.automation.testcases.Restassured_Automation_MethodologItem" tests="1" failures="0" timestamp="16 Feb 2021 14:48:16 GMT" time="3.918" errors="0">
  <testcase name="getAllMethodologyItemsForARevision_status200" time="3.918" classname="restassured.automation.testcases.Restassured_Automation_MethodologItem"/>
</testsuite> <!-- restassured.automation.testcases.Restassured_Automation_MethodologItem -->
