<?xml version="1.0" encoding="UTF-8"?>
<!-- Generated by org.testng.reporters.JUnitReportReporter -->
<testsuite skipped="0" hostname="LT-CHN-33875" name="restassured.automation.testcases.Restassured_Automation_MethodologyItemFinancialStatment" tests="13" failures="0" timestamp="13 Jun 2021 06:15:20 GMT" time="428.001" errors="1">
  <testcase name="MethodologyItem_FinancialStatement_DeleteFinancialStatementForAWorkProgramStatus_400" time="32.153" classname="restassured.automation.testcases.Restassured_Automation_MethodologyItemFinancialStatment"/>
  <testcase name="MethodologyItem_FinancialStatement_DeleteFinancialStatementForAWorkProgramStatus_404" time="35.017" classname="restassured.automation.testcases.Restassured_Automation_MethodologyItemFinancialStatment"/>
  <testcase name="MethodologyItem_FinancialStatement_UpdateFinancialStatementForAWorkProgramStatus_404" time="33.992" classname="restassured.automation.testcases.Restassured_Automation_MethodologyItemFinancialStatment"/>
  <testcase name="MethodologyItem_FinancialStatement_CreateANewFinancialStatementForAWorkProgramStatus_404" time="33.039" classname="restassured.automation.testcases.Restassured_Automation_MethodologyItemFinancialStatment"/>
  <testcase name="MethodologyItem_FinancialStatement_MoveFinancialStatementForAWorkProgramStatus_404" time="14.464" classname="restassured.automation.testcases.Restassured_Automation_MethodologyItemFinancialStatment">
    <error type="java.lang.StringIndexOutOfBoundsException" message="String index out of range: 38">
      <![CDATA[java.lang.StringIndexOutOfBoundsException: String index out of range: 38
at java.lang.String.substring(Unknown Source)
at restassured.automation.testcases.Restassured_Automation_MethodologyItemFinancialStatment.getRandomAlphaNum(Restassured_Automation_MethodologyItemFinancialStatment.java:44)
at restassured.automation.testcases.Restassured_Automation_MethodologyItemFinancialStatment.MethodologyItem_FinancialStatement_MoveFinancialStatementForAWorkProgramStatus_404(Restassured_Automation_MethodologyItemFinancialStatment.java:2063)
at sun.reflect.NativeMethodAccessorImpl.invoke0(Native Method)
at sun.reflect.NativeMethodAccessorImpl.invoke(Unknown Source)
at sun.reflect.DelegatingMethodAccessorImpl.invoke(Unknown Source)
at java.lang.reflect.Method.invoke(Unknown Source)
at org.testng.internal.MethodInvocationHelper.invokeMethod(MethodInvocationHelper.java:124)
at org.testng.internal.Invoker.invokeMethod(Invoker.java:583)
at org.testng.internal.Invoker.invokeTestMethod(Invoker.java:719)
at org.testng.internal.Invoker.invokeTestMethods(Invoker.java:989)
at org.testng.internal.TestMethodWorker.invokeTestMethods(TestMethodWorker.java:125)
at org.testng.internal.TestMethodWorker.run(TestMethodWorker.java:109)
at org.testng.TestRunner.privateRun(TestRunner.java:648)
at org.testng.TestRunner.run(TestRunner.java:505)
at org.testng.SuiteRunner.runTest(SuiteRunner.java:455)
at org.testng.SuiteRunner.runSequentially(SuiteRunner.java:450)
at org.testng.SuiteRunner.privateRun(SuiteRunner.java:415)
at org.testng.SuiteRunner.run(SuiteRunner.java:364)
at org.testng.SuiteRunnerWorker.runSuite(SuiteRunnerWorker.java:52)
at org.testng.SuiteRunnerWorker.run(SuiteRunnerWorker.java:84)
at org.testng.TestNG.runSuitesSequentially(TestNG.java:1208)
at org.testng.TestNG.runSuitesLocally(TestNG.java:1137)
at org.testng.TestNG.runSuites(TestNG.java:1049)
at org.testng.TestNG.run(TestNG.java:1017)
at org.testng.remote.AbstractRemoteTestNG.run(AbstractRemoteTestNG.java:114)
at org.testng.remote.RemoteTestNG.initAndRun(RemoteTestNG.java:251)
at org.testng.remote.RemoteTestNG.main(RemoteTestNG.java:77)
]]>
    </error>
  </testcase> <!-- MethodologyItem_FinancialStatement_MoveFinancialStatementForAWorkProgramStatus_404 -->
  <testcase name="MethodologyItem_FinancialStatement_UpdateFinancialStatementForAWorkProgramStatus_204" time="37.308" classname="restassured.automation.testcases.Restassured_Automation_MethodologyItemFinancialStatment"/>
  <testcase name="MethodologyItem_FinancialStatement_MoveFinancialStatementForAWorkProgramStatus_204" time="35.735" classname="restassured.automation.testcases.Restassured_Automation_MethodologyItemFinancialStatment"/>
  <testcase name="MethodologyItem_FinancialStatement_DeleteFinancialStatementForAWorkProgramStatus_204" time="33.579" classname="restassured.automation.testcases.Restassured_Automation_MethodologyItemFinancialStatment"/>
  <testcase name="MethodologyItem_FinancialStatement_UpdateFinancialStatementForAWorkProgramStatus_409" time="37.374" classname="restassured.automation.testcases.Restassured_Automation_MethodologyItemFinancialStatment"/>
  <testcase name="MethodologyItem_FinancialStatement_CreateANewFinancialStatementForAWorkProgramStatus_200" time="32.148" classname="restassured.automation.testcases.Restassured_Automation_MethodologyItemFinancialStatment"/>
  <testcase name="MethodologyItem_FinancialStatement_UpdateFinancialStatementForAWorkProgramStatus_400" time="35.468" classname="restassured.automation.testcases.Restassured_Automation_MethodologyItemFinancialStatment"/>
  <testcase name="MethodologyItem_FinancialStatement_CreateANewFinancialStatementForAWorkProgramStatus_400" time="33.112" classname="restassured.automation.testcases.Restassured_Automation_MethodologyItemFinancialStatment"/>
  <testcase name="MethodologyItem_FinancialStatement_MoveFinancialStatementForAWorkProgramStatus_400" time="34.612" classname="restassured.automation.testcases.Restassured_Automation_MethodologyItemFinancialStatment"/>
</testsuite> <!-- restassured.automation.testcases.Restassured_Automation_MethodologyItemFinancialStatment -->
