<?xml version="1.0" encoding="UTF-8"?>
<!-- Generated by org.testng.reporters.JUnitReportReporter -->
<testsuite skipped="0" hostname="LT-CHN-33875" name="restassured.automation.testcases.Restassured_Automation_EngagementType" tests="8" failures="0" timestamp="26 May 2021 05:44:03 GMT" time="21.746" errors="0">
  <testcase name="EngagementType_GetListAllEngagementType" time="2.297" classname="restassured.automation.testcases.Restassured_Automation_EngagementType"/>
  <testcase name="EngagementType_PostcreateANewEngagementType_status400" time="1.112" classname="restassured.automation.testcases.Restassured_Automation_EngagementType"/>
  <testcase name="EngagementType_InheritAnEngagementType400" time="3.567" classname="restassured.automation.testcases.Restassured_Automation_EngagementType"/>
  <testcase name="EngagementType_PostcreateANewEngagementType_status409" time="1.142" classname="restassured.automation.testcases.Restassured_Automation_EngagementType"/>
  <testcase name="EngagementType_PatchUpdateAnEngagementType_status400" time="4.539" classname="restassured.automation.testcases.Restassured_Automation_EngagementType"/>
  <testcase name="EngagementType_InheritAnEngagementType409" time="3.678" classname="restassured.automation.testcases.Restassured_Automation_EngagementType"/>
  <testcase name="EngagementType_PostcreateANewEngagementType_status200" time="1.975" classname="restassured.automation.testcases.Restassured_Automation_EngagementType"/>
  <testcase name="EngagementType_PatchUpdateAnEngagementType_status409" time="3.436" classname="restassured.automation.testcases.Restassured_Automation_EngagementType"/>
</testsuite> <!-- restassured.automation.testcases.Restassured_Automation_EngagementType -->
