<?xml version="1.0" encoding="UTF-8"?>
<!-- Generated by org.testng.reporters.JUnitReportReporter -->
<testsuite skipped="0" hostname="LT-CHN-33875" name="restassured.automation.testcases.Restassured_Automation_EngagementTeamRoles" tests="18" failures="2" timestamp="12 May 2021 10:36:46 GMT" time="64.747" errors="0">
  <testcase name="patchUpdateAnEngagementRoleForAMethodology_status400" time="4.492" classname="restassured.automation.testcases.Restassured_Automation_EngagementTeamRoles"/>
  <testcase name="patchUpdateAnEngagementRoleForAnOrganization_status204" time="3.445" classname="restassured.automation.testcases.Restassured_Automation_EngagementTeamRoles"/>
  <testcase name="deleteAnEngagementRoleForAMethodology_status204" time="4.967" classname="restassured.automation.testcases.Restassured_Automation_EngagementTeamRoles"/>
  <testcase name="postCreateAnEngagementRoleForAnOrganization_status409" time="2.319" classname="restassured.automation.testcases.Restassured_Automation_EngagementTeamRoles"/>
  <testcase name="deleteAnEngagementRoleForAMethodology_status400" time="5.931" classname="restassured.automation.testcases.Restassured_Automation_EngagementTeamRoles"/>
  <testcase name="deleteDeleteAnEngagementRoleForAnOrganization_status204" time="3.416" classname="restassured.automation.testcases.Restassured_Automation_EngagementTeamRoles"/>
  <testcase name="postCreateAnEngagementRoleForAMethodology_status400" time="3.422" classname="restassured.automation.testcases.Restassured_Automation_EngagementTeamRoles"/>
  <testcase name="patchUpdateAnEngagementRoleForAnOrganization_status400" time="3.349" classname="restassured.automation.testcases.Restassured_Automation_EngagementTeamRoles"/>
  <testcase name="postCreateAnEngagementRoleForAMethodology_status409" time="3.471" classname="restassured.automation.testcases.Restassured_Automation_EngagementTeamRoles"/>
  <testcase name="patchUpdateAnEngagementRoleForAnOrganization_status409" time="3.404" classname="restassured.automation.testcases.Restassured_Automation_EngagementTeamRoles">
    <failure type="java.lang.AssertionError" message="expected [409] but found [204]">
      <![CDATA[java.lang.AssertionError: expected [409] but found [204]
at org.testng.Assert.fail(Assert.java:96)
at org.testng.Assert.failNotEquals(Assert.java:776)
at org.testng.Assert.assertEqualsImpl(Assert.java:137)
at org.testng.Assert.assertEquals(Assert.java:118)
at org.testng.Assert.assertEquals(Assert.java:652)
at org.testng.Assert.assertEquals(Assert.java:662)
at restassured.automation.testcases.Restassured_Automation_EngagementTeamRoles.patchUpdateAnEngagementRoleForAnOrganization_status409(Restassured_Automation_EngagementTeamRoles.java:297)
at sun.reflect.NativeMethodAccessorImpl.invoke0(Native Method)
at sun.reflect.NativeMethodAccessorImpl.invoke(Unknown Source)
at sun.reflect.DelegatingMethodAccessorImpl.invoke(Unknown Source)
at java.lang.reflect.Method.invoke(Unknown Source)
at org.testng.internal.MethodInvocationHelper.invokeMethod(MethodInvocationHelper.java:124)
at org.testng.internal.Invoker.invokeMethod(Invoker.java:583)
at org.testng.internal.Invoker.invokeTestMethod(Invoker.java:719)
at org.testng.internal.Invoker.invokeTestMethods(Invoker.java:989)
at org.testng.internal.TestMethodWorker.invokeTestMethods(TestMethodWorker.java:125)
at org.testng.internal.TestMethodWorker.run(TestMethodWorker.java:109)
at org.testng.TestRunner.privateRun(TestRunner.java:648)
at org.testng.TestRunner.run(TestRunner.java:505)
at org.testng.SuiteRunner.runTest(SuiteRunner.java:455)
at org.testng.SuiteRunner.runSequentially(SuiteRunner.java:450)
at org.testng.SuiteRunner.privateRun(SuiteRunner.java:415)
at org.testng.SuiteRunner.run(SuiteRunner.java:364)
at org.testng.SuiteRunnerWorker.runSuite(SuiteRunnerWorker.java:52)
at org.testng.SuiteRunnerWorker.run(SuiteRunnerWorker.java:84)
at org.testng.TestNG.runSuitesSequentially(TestNG.java:1208)
at org.testng.TestNG.runSuitesLocally(TestNG.java:1137)
at org.testng.TestNG.runSuites(TestNG.java:1049)
at org.testng.TestNG.run(TestNG.java:1017)
at org.testng.remote.AbstractRemoteTestNG.run(AbstractRemoteTestNG.java:114)
at org.testng.remote.RemoteTestNG.initAndRun(RemoteTestNG.java:251)
at org.testng.remote.RemoteTestNG.main(RemoteTestNG.java:77)
]]>
    </failure>
  </testcase> <!-- patchUpdateAnEngagementRoleForAnOrganization_status409 -->
  <testcase name="deleteDeleteAnEngagementRoleForAnOrganization_status400" time="3.445" classname="restassured.automation.testcases.Restassured_Automation_EngagementTeamRoles"/>
  <testcase name="getLoadAllEngagementRolesInformationForAnOrganization_status200" time="2.259" classname="restassured.automation.testcases.Restassured_Automation_EngagementTeamRoles"/>
  <testcase name="patchUpdateAnEngagementRoleForAMethodology_status204" time="4.610" classname="restassured.automation.testcases.Restassured_Automation_EngagementTeamRoles"/>
  <testcase name="postCreateAnEngagementRoleForAMethodology_status200" time="3.521" classname="restassured.automation.testcases.Restassured_Automation_EngagementTeamRoles"/>
  <testcase name="patchUpdateAnEngagementRoleForAMethodology_status409" time="4.663" classname="restassured.automation.testcases.Restassured_Automation_EngagementTeamRoles">
    <failure type="java.lang.AssertionError" message="expected [409] but found [204]">
      <![CDATA[java.lang.AssertionError: expected [409] but found [204]
at org.testng.Assert.fail(Assert.java:96)
at org.testng.Assert.failNotEquals(Assert.java:776)
at org.testng.Assert.assertEqualsImpl(Assert.java:137)
at org.testng.Assert.assertEquals(Assert.java:118)
at org.testng.Assert.assertEquals(Assert.java:652)
at org.testng.Assert.assertEquals(Assert.java:662)
at restassured.automation.testcases.Restassured_Automation_EngagementTeamRoles.patchUpdateAnEngagementRoleForAMethodology_status409(Restassured_Automation_EngagementTeamRoles.java:778)
at sun.reflect.NativeMethodAccessorImpl.invoke0(Native Method)
at sun.reflect.NativeMethodAccessorImpl.invoke(Unknown Source)
at sun.reflect.DelegatingMethodAccessorImpl.invoke(Unknown Source)
at java.lang.reflect.Method.invoke(Unknown Source)
at org.testng.internal.MethodInvocationHelper.invokeMethod(MethodInvocationHelper.java:124)
at org.testng.internal.Invoker.invokeMethod(Invoker.java:583)
at org.testng.internal.Invoker.invokeTestMethod(Invoker.java:719)
at org.testng.internal.Invoker.invokeTestMethods(Invoker.java:989)
at org.testng.internal.TestMethodWorker.invokeTestMethods(TestMethodWorker.java:125)
at org.testng.internal.TestMethodWorker.run(TestMethodWorker.java:109)
at org.testng.TestRunner.privateRun(TestRunner.java:648)
at org.testng.TestRunner.run(TestRunner.java:505)
at org.testng.SuiteRunner.runTest(SuiteRunner.java:455)
at org.testng.SuiteRunner.runSequentially(SuiteRunner.java:450)
at org.testng.SuiteRunner.privateRun(SuiteRunner.java:415)
at org.testng.SuiteRunner.run(SuiteRunner.java:364)
at org.testng.SuiteRunnerWorker.runSuite(SuiteRunnerWorker.java:52)
at org.testng.SuiteRunnerWorker.run(SuiteRunnerWorker.java:84)
at org.testng.TestNG.runSuitesSequentially(TestNG.java:1208)
at org.testng.TestNG.runSuitesLocally(TestNG.java:1137)
at org.testng.TestNG.runSuites(TestNG.java:1049)
at org.testng.TestNG.run(TestNG.java:1017)
at org.testng.remote.AbstractRemoteTestNG.run(AbstractRemoteTestNG.java:114)
at org.testng.remote.RemoteTestNG.initAndRun(RemoteTestNG.java:251)
at org.testng.remote.RemoteTestNG.main(RemoteTestNG.java:77)
]]>
    </failure>
  </testcase> <!-- patchUpdateAnEngagementRoleForAMethodology_status409 -->
  <testcase name="getLoadAllEngagementRolesInformationForARevision_status200" time="3.392" classname="restassured.automation.testcases.Restassured_Automation_EngagementTeamRoles"/>
  <testcase name="postCreateAnEngagementRoleForAnOrganization_status400" time="2.278" classname="restassured.automation.testcases.Restassured_Automation_EngagementTeamRoles"/>
  <testcase name="postCreateAnEngagementRoleForAnOrganization_status200" time="2.363" classname="restassured.automation.testcases.Restassured_Automation_EngagementTeamRoles"/>
</testsuite> <!-- restassured.automation.testcases.Restassured_Automation_EngagementTeamRoles -->
