<?xml version="1.0" encoding="UTF-8"?>
<!-- Generated by org.testng.reporters.JUnitReportReporter -->
<testsuite skipped="0" hostname="LT-CHN-33875" name="restassured.automation.testcases.Restassured_Automation_EngagementType" tests="12" failures="0" timestamp="13 Jun 2021 06:15:20 GMT" time="89.889" errors="0">
  <testcase name="EngagementType_PostcreateANewEngagementType_status404" time="2.124" classname="restassured.automation.testcases.Restassured_Automation_EngagementType"/>
  <testcase name="EngagementType_PostcreateANewEngagementType_status400" time="1.827" classname="restassured.automation.testcases.Restassured_Automation_EngagementType"/>
  <testcase name="EngagementType_InheritAnEngagementType409" time="9.522" classname="restassured.automation.testcases.Restassured_Automation_EngagementType"/>
  <testcase name="EngagementType_PatchUpdateAnEngagementType_status404" time="8.023" classname="restassured.automation.testcases.Restassured_Automation_EngagementType"/>
  <testcase name="EngagementType_GetListAllEngagementType" time="4.880" classname="restassured.automation.testcases.Restassured_Automation_EngagementType"/>
  <testcase name="EngagementType_PatchUpdateAnEngagementType_status400" time="10.133" classname="restassured.automation.testcases.Restassured_Automation_EngagementType"/>
  <testcase name="EngagementType_InheritAnEngagementType400" time="9.006" classname="restassured.automation.testcases.Restassured_Automation_EngagementType"/>
  <testcase name="EngagementType_PatchUpdateAnEngagementType_status409" time="8.268" classname="restassured.automation.testcases.Restassured_Automation_EngagementType"/>
  <testcase name="EngagementType_PostcreateANewEngagementType_status409" time="8.480" classname="restassured.automation.testcases.Restassured_Automation_EngagementType"/>
  <testcase name="EngagementType_InheritAnEngagementType404" time="9.207" classname="restassured.automation.testcases.Restassured_Automation_EngagementType"/>
  <testcase name="EngagementType_DeleteAnEngagementType_status404" time="10.946" classname="restassured.automation.testcases.Restassured_Automation_EngagementType"/>
  <testcase name="EngagementType_PatchUpdateAnEngagementType_status200" time="7.473" classname="restassured.automation.testcases.Restassured_Automation_EngagementType"/>
</testsuite> <!-- restassured.automation.testcases.Restassured_Automation_EngagementType -->
