<?xml version="1.0" encoding="UTF-8"?>
<!-- Generated by org.testng.reporters.JUnitReportReporter -->
<testsuite hostname="LTCH-5CD105HTG9" name="restassured.automation.ETTestcases.Restassured_Automation_ETEngagementTeam" tests="6" failures="0" timestamp="9 Jun 2021 07:34:17 GMT" time="11.967" errors="0">
  <testcase name="ETEngagement_UpdateEngagementTeamMember_Status200" time="2.972" classname="restassured.automation.ETTestcases.Restassured_Automation_ETEngagementTeam"/>
  <testcase name="ETEngagement_GetEngagementRoles_Status200" time="1.220" classname="restassured.automation.ETTestcases.Restassured_Automation_ETEngagementTeam"/>
  <testcase name="ETEngagement_GetEngagementHistory_Status200" time="1.129" classname="restassured.automation.ETTestcases.Restassured_Automation_ETEngagementTeam"/>
  <testcase name="ETEngagement_DeleteEngagementTeamMember_Status200" time="2.964" classname="restassured.automation.ETTestcases.Restassured_Automation_ETEngagementTeam"/>
  <testcase name="ETEngagement_UpdateAccessManager_Status200" time="1.838" classname="restassured.automation.ETTestcases.Restassured_Automation_ETEngagementTeam"/>
  <testcase name="ETEngagement_RemoveAccessManager_Status200" time="1.844" classname="restassured.automation.ETTestcases.Restassured_Automation_ETEngagementTeam"/>
</testsuite> <!-- restassured.automation.ETTestcases.Restassured_Automation_ETEngagementTeam -->
