<?xml version="1.0" encoding="UTF-8"?>
<!-- Generated by org.testng.reporters.JUnitReportReporter -->
<testsuite hostname="LTCH-5CD105HTG9" name="restassured.automation.testcases.Restassured_Automation_EngagementType" tests="5" failures="0" timestamp="9 Apr 2021 07:02:10 GMT" time="5.426" errors="0">
  <testcase name="EngagementType_PostcreateANewEngagementType_status400" time="0.480" classname="restassured.automation.testcases.Restassured_Automation_EngagementType"/>
  <testcase name="EngagementType_GetListAllEngagementType" time="1.017" classname="restassured.automation.testcases.Restassured_Automation_EngagementType"/>
  <testcase name="EngagementType_PatchUpdateAnEngagementType_status409" time="1.609" classname="restassured.automation.testcases.Restassured_Automation_EngagementType"/>
  <testcase name="EngagementType_PatchUpdateAnEngagementType_status400" time="1.780" classname="restassured.automation.testcases.Restassured_Automation_EngagementType"/>
  <testcase name="EngagementType_PostcreateANewEngagementType_status409" time="0.540" classname="restassured.automation.testcases.Restassured_Automation_EngagementType"/>
</testsuite> <!-- restassured.automation.testcases.Restassured_Automation_EngagementType -->
