<?xml version="1.0" encoding="UTF-8"?>
<!-- Generated by org.testng.reporters.JUnitReportReporter -->
<testsuite skipped="0" hostname="LT-CHN-33875" name="restassured.automation.testcases.Restassured_Automation_Methodology" tests="1" failures="0" timestamp="17 Feb 2021 17:01:58 GMT" time="4.878" errors="0">
  <testcase name="PostAddANewMethodology_status200" time="4.878" classname="restassured.automation.testcases.Restassured_Automation_Methodology"/>
</testsuite> <!-- restassured.automation.testcases.Restassured_Automation_Methodology -->
