<?xml version="1.0" encoding="UTF-8"?>
<!-- Generated by org.testng.reporters.JUnitReportReporter -->
<testsuite hostname="LTCH-5CD105HTG9" name="restassured.automation.ETTestcases.Restassured_Automation_ETEngagement" tests="5" failures="0" timestamp="29 Apr 2021 11:21:06 GMT" time="6.058" errors="0">
  <testcase name="ETEngagement_GetEngagementById_Status200" time="3.216" classname="restassured.automation.ETTestcases.Restassured_Automation_ETEngagement"/>
  <testcase name="ETEngagement_GetTheUsersOwnEngagementPermissionsForTheSpecifiedEngagement_Status200" time="0.907" classname="restassured.automation.ETTestcases.Restassured_Automation_ETEngagement"/>
  <testcase name="ETEngagement_GetEngagementEvent_Status200" time="1.041" classname="restassured.automation.ETTestcases.Restassured_Automation_ETEngagement"/>
  <testcase name="ETEngagement_GetListOfAllEngagement_Status200" time="0.453" classname="restassured.automation.ETTestcases.Restassured_Automation_ETEngagement"/>
  <testcase name="ETEngagement_GetListOfMyEngagement_Status200" time="0.441" classname="restassured.automation.ETTestcases.Restassured_Automation_ETEngagement"/>
</testsuite> <!-- restassured.automation.ETTestcases.Restassured_Automation_ETEngagement -->
