<?xml version="1.0" encoding="UTF-8"?>
<!-- Generated by org.testng.reporters.JUnitReportReporter -->
<testsuite hostname="LTCH-5CD105HTG9" name="restassured.automation.testcases.Restassured_Automation_Publish" tests="2" failures="0" timestamp="21 Apr 2021 13:34:32 GMT" time="8.812" errors="0">
  <testcase name="postPublish_status200" time="4.947" classname="restassured.automation.testcases.Restassured_Automation_Publish"/>
  <testcase name="postValidate_status200" time="3.865" classname="restassured.automation.testcases.Restassured_Automation_Publish"/>
</testsuite> <!-- restassured.automation.testcases.Restassured_Automation_Publish -->
