<?xml version="1.0" encoding="UTF-8"?>
<!-- Generated by org.testng.reporters.JUnitReportReporter -->
<testsuite hostname="LTCH-5CD105HTG9" name="restassured.automation.ETTestcases.Restassured_Automation_ETFinancialStatement" tests="1" failures="0" timestamp="4 Jun 2021 14:36:08 GMT" time="10.653" errors="0">
  <testcase name="ETEngagement_GetEngagementEvent_Status200" time="10.653" classname="restassured.automation.ETTestcases.Restassured_Automation_ETFinancialStatement"/>
</testsuite> <!-- restassured.automation.ETTestcases.Restassured_Automation_ETFinancialStatement -->
