<?xml version="1.0" encoding="UTF-8"?>
<!-- Generated by org.testng.reporters.JUnitReportReporter -->
<testsuite hostname="LTCH-5CD105HTG9" name="restassured.automation.testcases.Restassured_Automation_EngagementType" tests="6" failures="0" timestamp="21 Apr 2021 13:34:32 GMT" time="7.799" errors="0">
  <testcase name="EngagementType_PatchUpdateAnEngagementType_status409" time="1.972" classname="restassured.automation.testcases.Restassured_Automation_EngagementType"/>
  <testcase name="EngagementType_PostcreateANewEngagementType_status200" time="0.950" classname="restassured.automation.testcases.Restassured_Automation_EngagementType"/>
  <testcase name="EngagementType_GetListAllEngagementType" time="1.319" classname="restassured.automation.testcases.Restassured_Automation_EngagementType"/>
  <testcase name="EngagementType_PostcreateANewEngagementType_status400" time="0.620" classname="restassured.automation.testcases.Restassured_Automation_EngagementType"/>
  <testcase name="EngagementType_PatchUpdateAnEngagementType_status400" time="2.385" classname="restassured.automation.testcases.Restassured_Automation_EngagementType"/>
  <testcase name="EngagementType_PostcreateANewEngagementType_status409" time="0.553" classname="restassured.automation.testcases.Restassured_Automation_EngagementType"/>
</testsuite> <!-- restassured.automation.testcases.Restassured_Automation_EngagementType -->
