<?xml version="1.0" encoding="UTF-8"?>
<!-- Generated by org.testng.reporters.JUnitReportReporter -->
<testsuite hostname="LTCH-5CD105HTG9" name="restassured.automation.ETTestcases.Restassured_Automation_ETPortalRoles" tests="7" failures="0" timestamp="9 Jun 2021 07:34:17 GMT" time="9.967" errors="0">
  <testcase name="PortalRoles_GetRolesPortalAssignments_Status200" time="0.674" classname="restassured.automation.ETTestcases.Restassured_Automation_ETPortalRoles"/>
  <testcase name="PortalRoles_PostRolesPortal_Status200" time="0.622" classname="restassured.automation.ETTestcases.Restassured_Automation_ETPortalRoles"/>
  <testcase name="PortalRoles_DeleteRolesPortal_Status204" time="4.928" classname="restassured.automation.ETTestcases.Restassured_Automation_ETPortalRoles"/>
  <testcase name="PortalRoles_GetRolesPortalMyPermission_Status200" time="0.546" classname="restassured.automation.ETTestcases.Restassured_Automation_ETPortalRoles"/>
  <testcase name="PortalRoles_GetRolesPortal_Status200" time="0.672" classname="restassured.automation.ETTestcases.Restassured_Automation_ETPortalRoles"/>
  <testcase name="PortalRoles_PatchRolesPortal_Status204" time="1.206" classname="restassured.automation.ETTestcases.Restassured_Automation_ETPortalRoles"/>
  <testcase name="PortalRoles_PutRolesPortalAssignments_Status204" time="1.319" classname="restassured.automation.ETTestcases.Restassured_Automation_ETPortalRoles"/>
</testsuite> <!-- restassured.automation.ETTestcases.Restassured_Automation_ETPortalRoles -->
