<?xml version="1.0" encoding="UTF-8"?>
<!-- Generated by org.testng.reporters.JUnitReportReporter -->
<testsuite hostname="LTCH-5CD105HTG9" name="restassured.automation.ETTestcases.Restassured_Automation_ETEngagementBlobs" tests="1" failures="0" timestamp="26 May 2021 06:37:51 GMT" time="1.423" errors="0">
  <testcase name="ETEngagement_GetCurrentEngagementState_Status200" time="1.423" classname="restassured.automation.ETTestcases.Restassured_Automation_ETEngagementBlobs"/>
</testsuite> <!-- restassured.automation.ETTestcases.Restassured_Automation_ETEngagementBlobs -->
