<?xml version="1.0" encoding="UTF-8"?>
<!-- Generated by org.testng.reporters.JUnitReportReporter -->
<testsuite hostname="LTCH-5CD105HTG9" name="restassured.automation.testcases.Restassured_Automation_Publish" tests="2" failures="0" timestamp="4 May 2021 08:53:28 GMT" time="8.246" errors="0">
  <testcase name="postValidate_status200" time="4.740" classname="restassured.automation.testcases.Restassured_Automation_Publish"/>
  <testcase name="postPublish_status200" time="3.506" classname="restassured.automation.testcases.Restassured_Automation_Publish"/>
</testsuite> <!-- restassured.automation.testcases.Restassured_Automation_Publish -->
