<?xml version="1.0" encoding="UTF-8"?>
<!-- Generated by org.testng.reporters.JUnitReportReporter -->
<testsuite skipped="0" hostname="LT-CHN-33875" name="restassured.automation.testcases.Restassured_Automation_ProcedureGroups" tests="12" failures="1" timestamp="26 Apr 2021 16:41:39 GMT" time="109.053" errors="1">
  <testcase name="postCreateAProcedureGroupTree_status204" time="9.374" classname="restassured.automation.testcases.Restassured_Automation_ProcedureGroups"/>
  <testcase name="putCreateAProcedureGroupTree_status204" time="9.594" classname="restassured.automation.testcases.Restassured_Automation_ProcedureGroups"/>
  <testcase name="postCreateAProcedureGroup_status400" time="7.785" classname="restassured.automation.testcases.Restassured_Automation_ProcedureGroups"/>
  <testcase name="putCreateAProcedureGroup_status200" time="8.584" classname="restassured.automation.testcases.Restassured_Automation_ProcedureGroups"/>
  <testcase name="getCreateAProcedureGroup_status200" time="8.149" classname="restassured.automation.testcases.Restassured_Automation_ProcedureGroups">
    <error type="java.lang.NullPointerException">
      <![CDATA[java.lang.NullPointerException
at restassured.automation.testcases.Restassured_Automation_ProcedureGroups.getCreateAProcedureGroup_status200(Restassured_Automation_ProcedureGroups.java:345)
at sun.reflect.NativeMethodAccessorImpl.invoke0(Native Method)
at sun.reflect.NativeMethodAccessorImpl.invoke(Unknown Source)
at sun.reflect.DelegatingMethodAccessorImpl.invoke(Unknown Source)
at java.lang.reflect.Method.invoke(Unknown Source)
at org.testng.internal.MethodInvocationHelper.invokeMethod(MethodInvocationHelper.java:124)
at org.testng.internal.Invoker.invokeMethod(Invoker.java:583)
at org.testng.internal.Invoker.invokeTestMethod(Invoker.java:719)
at org.testng.internal.Invoker.invokeTestMethods(Invoker.java:989)
at org.testng.internal.TestMethodWorker.invokeTestMethods(TestMethodWorker.java:125)
at org.testng.internal.TestMethodWorker.run(TestMethodWorker.java:109)
at org.testng.TestRunner.privateRun(TestRunner.java:648)
at org.testng.TestRunner.run(TestRunner.java:505)
at org.testng.SuiteRunner.runTest(SuiteRunner.java:455)
at org.testng.SuiteRunner.runSequentially(SuiteRunner.java:450)
at org.testng.SuiteRunner.privateRun(SuiteRunner.java:415)
at org.testng.SuiteRunner.run(SuiteRunner.java:364)
at org.testng.SuiteRunnerWorker.runSuite(SuiteRunnerWorker.java:52)
at org.testng.SuiteRunnerWorker.run(SuiteRunnerWorker.java:84)
at org.testng.TestNG.runSuitesSequentially(TestNG.java:1208)
at org.testng.TestNG.runSuitesLocally(TestNG.java:1137)
at org.testng.TestNG.runSuites(TestNG.java:1049)
at org.testng.TestNG.run(TestNG.java:1017)
at org.testng.remote.AbstractRemoteTestNG.run(AbstractRemoteTestNG.java:114)
at org.testng.remote.RemoteTestNG.initAndRun(RemoteTestNG.java:251)
at org.testng.remote.RemoteTestNG.main(RemoteTestNG.java:77)
]]>
    </error>
  </testcase> <!-- getCreateAProcedureGroup_status200 -->
  <testcase name="deleteCreateAProcedureGroupTree_status204" time="12.197" classname="restassured.automation.testcases.Restassured_Automation_ProcedureGroups"/>
  <testcase name="postCreateAProcedureGroup_status200" time="7.862" classname="restassured.automation.testcases.Restassured_Automation_ProcedureGroups"/>
  <testcase name="putCreateAProcedureGroup_status400" time="8.525" classname="restassured.automation.testcases.Restassured_Automation_ProcedureGroups"/>
  <testcase name="postCreateAProcedureGroupTree_status400" time="9.056" classname="restassured.automation.testcases.Restassured_Automation_ProcedureGroups"/>
  <testcase name="postCreateAProcedureGroup_status409" time="8.508" classname="restassured.automation.testcases.Restassured_Automation_ProcedureGroups">
    <failure type="java.lang.AssertionError" message="expected [409] but found [200]">
      <![CDATA[java.lang.AssertionError: expected [409] but found [200]
at org.testng.Assert.fail(Assert.java:96)
at org.testng.Assert.failNotEquals(Assert.java:776)
at org.testng.Assert.assertEqualsImpl(Assert.java:137)
at org.testng.Assert.assertEquals(Assert.java:118)
at org.testng.Assert.assertEquals(Assert.java:652)
at org.testng.Assert.assertEquals(Assert.java:662)
at restassured.automation.testcases.Restassured_Automation_ProcedureGroups.postCreateAProcedureGroup_status409(Restassured_Automation_ProcedureGroups.java:1260)
at sun.reflect.NativeMethodAccessorImpl.invoke0(Native Method)
at sun.reflect.NativeMethodAccessorImpl.invoke(Unknown Source)
at sun.reflect.DelegatingMethodAccessorImpl.invoke(Unknown Source)
at java.lang.reflect.Method.invoke(Unknown Source)
at org.testng.internal.MethodInvocationHelper.invokeMethod(MethodInvocationHelper.java:124)
at org.testng.internal.Invoker.invokeMethod(Invoker.java:583)
at org.testng.internal.Invoker.invokeTestMethod(Invoker.java:719)
at org.testng.internal.Invoker.invokeTestMethods(Invoker.java:989)
at org.testng.internal.TestMethodWorker.invokeTestMethods(TestMethodWorker.java:125)
at org.testng.internal.TestMethodWorker.run(TestMethodWorker.java:109)
at org.testng.TestRunner.privateRun(TestRunner.java:648)
at org.testng.TestRunner.run(TestRunner.java:505)
at org.testng.SuiteRunner.runTest(SuiteRunner.java:455)
at org.testng.SuiteRunner.runSequentially(SuiteRunner.java:450)
at org.testng.SuiteRunner.privateRun(SuiteRunner.java:415)
at org.testng.SuiteRunner.run(SuiteRunner.java:364)
at org.testng.SuiteRunnerWorker.runSuite(SuiteRunnerWorker.java:52)
at org.testng.SuiteRunnerWorker.run(SuiteRunnerWorker.java:84)
at org.testng.TestNG.runSuitesSequentially(TestNG.java:1208)
at org.testng.TestNG.runSuitesLocally(TestNG.java:1137)
at org.testng.TestNG.runSuites(TestNG.java:1049)
at org.testng.TestNG.run(TestNG.java:1017)
at org.testng.remote.AbstractRemoteTestNG.run(AbstractRemoteTestNG.java:114)
at org.testng.remote.RemoteTestNG.initAndRun(RemoteTestNG.java:251)
at org.testng.remote.RemoteTestNG.main(RemoteTestNG.java:77)
]]>
    </failure>
  </testcase> <!-- postCreateAProcedureGroup_status409 -->
  <testcase name="putCreateAProcedureGroupTree_status400" time="9.583" classname="restassured.automation.testcases.Restassured_Automation_ProcedureGroups"/>
  <testcase name="deleteCreateAProcedureGroupTree_status400" time="9.836" classname="restassured.automation.testcases.Restassured_Automation_ProcedureGroups"/>
</testsuite> <!-- restassured.automation.testcases.Restassured_Automation_ProcedureGroups -->
