<?xml version="1.0" encoding="UTF-8"?>
<!-- Generated by org.testng.reporters.JUnitReportReporter -->
<testsuite hostname="LTCH-5CD105HTG9" name="restassured.automation.ETTestcases.Restassured_Automation_ETResponses" tests="3" failures="0" timestamp="9 Jun 2021 07:34:17 GMT" time="5.723" errors="0">
  <testcase name="ETResponses_PutResponses_Status200" time="1.943" classname="restassured.automation.ETTestcases.Restassured_Automation_ETResponses"/>
  <testcase name="ETResponses_deleteAddANewRowToAnItemizedWorkProgram_Status200" time="1.840" classname="restassured.automation.ETTestcases.Restassured_Automation_ETResponses"/>
  <testcase name="ETResponses_PostAddANewRowToAnItemizedWorkProgram_Status200" time="1.940" classname="restassured.automation.ETTestcases.Restassured_Automation_ETResponses"/>
</testsuite> <!-- restassured.automation.ETTestcases.Restassured_Automation_ETResponses -->
