<?xml version="1.0" encoding="UTF-8"?>
<!-- Generated by org.testng.reporters.JUnitReportReporter -->
<testsuite hostname="LTCH-5CD105HTG9" name="restassured.automation.ETTestcases.Restassured_Automation_ETPortalRoles" tests="1" failures="0" timestamp="3 May 2021 06:35:09 GMT" time="3.295" errors="0">
  <testcase name="PortalRoles_PostRolesPortal_Status200" time="3.295" classname="restassured.automation.ETTestcases.Restassured_Automation_ETPortalRoles"/>
</testsuite> <!-- restassured.automation.ETTestcases.Restassured_Automation_ETPortalRoles -->
