<?xml version="1.0" encoding="UTF-8"?>
<!-- Generated by org.testng.reporters.JUnitReportReporter -->
<testsuite hostname="LTCH-5CD105HTG9" name="restassured.automation.testcases.Restassured_Automation_MethodologItem" tests="22" failures="1" timestamp="14 Jun 2021 11:56:08 GMT" time="127.977" errors="0">
  <testcase name="MethodologyItem_PatchUpdateAMethodologyItemForTheRevision_status409" time="6.295" classname="restassured.automation.testcases.Restassured_Automation_MethodologItem"/>
  <testcase name="MethodologyItem_UpdateItemsWorkFlowWithStatus_204" time="7.967" classname="restassured.automation.testcases.Restassured_Automation_MethodologItem"/>
  <testcase name="MethodologyItem_UpdateItemsWorkFlowWithStatus_400" time="14.476" classname="restassured.automation.testcases.Restassured_Automation_MethodologItem"/>
  <testcase name="MethodologyItem_PutMoveATreeItemToAFolderAtSpecifiedIndex_status409" time="5.371" classname="restassured.automation.testcases.Restassured_Automation_MethodologItem"/>
  <testcase name="MethodologyItem_PatchUpdateAMethodologyItemForTheRevision_status204" time="4.923" classname="restassured.automation.testcases.Restassured_Automation_MethodologItem"/>
  <testcase name="MethodologyItem_EndToEnd_Scenario" time="8.247" classname="restassured.automation.testcases.Restassured_Automation_MethodologItem"/>
  <testcase name="MethodologyItem_getAllMethodologyItemsForARevision_status404" time="3.523" classname="restassured.automation.testcases.Restassured_Automation_MethodologItem"/>
  <testcase name="MethodologyItem_PatchUpdateAMethodologyItemForTheRevision_status404" time="4.801" classname="restassured.automation.testcases.Restassured_Automation_MethodologItem"/>
  <testcase name="MethodologyItem_GetAllMethodologyItemsForARevision_status400" time="3.529" classname="restassured.automation.testcases.Restassured_Automation_MethodologItem">
    <failure type="java.lang.AssertionError" message="expected [400] but found [404]">
      <![CDATA[java.lang.AssertionError: expected [400] but found [404]
	at org.testng.Assert.fail(Assert.java:94)
	at org.testng.Assert.failNotEquals(Assert.java:513)
	at org.testng.Assert.assertEqualsImpl(Assert.java:135)
	at org.testng.Assert.assertEquals(Assert.java:116)
	at org.testng.Assert.assertEquals(Assert.java:389)
	at org.testng.Assert.assertEquals(Assert.java:399)
	at restassured.automation.testcases.Restassured_Automation_MethodologItem.MethodologyItem_GetAllMethodologyItemsForARevision_status400(Restassured_Automation_MethodologItem.java:148)
	at sun.reflect.NativeMethodAccessorImpl.invoke0(Native Method)
	at sun.reflect.NativeMethodAccessorImpl.invoke(Unknown Source)
	at sun.reflect.DelegatingMethodAccessorImpl.invoke(Unknown Source)
	at java.lang.reflect.Method.invoke(Unknown Source)
	at org.testng.internal.MethodInvocationHelper.invokeMethod(MethodInvocationHelper.java:86)
	at org.testng.internal.Invoker.invokeMethod(Invoker.java:645)
	at org.testng.internal.Invoker.invokeTestMethod(Invoker.java:822)
	at org.testng.internal.Invoker.invokeTestMethods(Invoker.java:1130)
	at org.testng.internal.TestMethodWorker.invokeTestMethods(TestMethodWorker.java:129)
	at org.testng.internal.TestMethodWorker.run(TestMethodWorker.java:112)
	at org.testng.TestRunner.privateRun(TestRunner.java:782)
	at org.testng.TestRunner.run(TestRunner.java:632)
	at org.testng.SuiteRunner.runTest(SuiteRunner.java:366)
	at org.testng.SuiteRunner.runSequentially(SuiteRunner.java:361)
	at org.testng.SuiteRunner.privateRun(SuiteRunner.java:319)
	at org.testng.SuiteRunner.run(SuiteRunner.java:268)
	at org.testng.SuiteRunnerWorker.runSuite(SuiteRunnerWorker.java:52)
	at org.testng.SuiteRunnerWorker.run(SuiteRunnerWorker.java:86)
	at org.testng.TestNG.runSuitesSequentially(TestNG.java:1244)
	at org.testng.TestNG.runSuitesLocally(TestNG.java:1169)
	at org.testng.TestNG.run(TestNG.java:1064)
	at org.testng.remote.RemoteTestNG.run(RemoteTestNG.java:113)
	at org.testng.remote.RemoteTestNG.initAndRun(RemoteTestNG.java:206)
	at org.testng.remote.RemoteTestNG.main(RemoteTestNG.java:177)
]]>
    </failure>
  </testcase> <!-- MethodologyItem_GetAllMethodologyItemsForARevision_status400 -->
  <testcase name="MethodologyItem_PostInitialiseAWorkProgram_status204" time="4.909" classname="restassured.automation.testcases.Restassured_Automation_MethodologItem"/>
  <testcase name="MethodologyItem_UpdateItemsWorkFlowWithStatus_404" time="7.128" classname="restassured.automation.testcases.Restassured_Automation_MethodologItem"/>
  <testcase name="MethodologyItem_DeleteMarkAnItemAsDeleted_status204" time="5.401" classname="restassured.automation.testcases.Restassured_Automation_MethodologItem"/>
  <testcase name="MethodologyItem_PutMoveATreeItemToAFolderAtSpecifiedIndex_status400" time="4.869" classname="restassured.automation.testcases.Restassured_Automation_MethodologItem"/>
  <testcase name="MethodologyItem_GetAllMethodologyItemsForARevision_status200" time="7.033" classname="restassured.automation.testcases.Restassured_Automation_MethodologItem"/>
  <testcase name="MethodologyItem_PostCreateANewMethodologyItemWithinTheMethodologyTree_status400" time="3.519" classname="restassured.automation.testcases.Restassured_Automation_MethodologItem"/>
  <testcase name="MethodologyItem_PutMoveATreeItemToAFolderAtSpecifiedIndex_status204" time="5.681" classname="restassured.automation.testcases.Restassured_Automation_MethodologItem"/>
  <testcase name="MethodologyItem_PostInitialiseAWorkProgram_status400" time="5.644" classname="restassured.automation.testcases.Restassured_Automation_MethodologItem"/>
  <testcase name="MethodologyItem_PostInitialiseAWorkProgram_status404" time="4.799" classname="restassured.automation.testcases.Restassured_Automation_MethodologItem"/>
  <testcase name="MethodologyItem_PostCreateANewMethodologyItemWithinTheMethodologyTree_status404" time="3.787" classname="restassured.automation.testcases.Restassured_Automation_MethodologItem"/>
  <testcase name="MethodologyItem_DeleteMarkAnItemAsDeleted_status400" time="7.505" classname="restassured.automation.testcases.Restassured_Automation_MethodologItem"/>
  <testcase name="MethodologyItem_PatchUpdateAMethodologyItemForTheRevision_status400" time="4.808" classname="restassured.automation.testcases.Restassured_Automation_MethodologItem"/>
  <testcase name="MethodologyItem_PostCreateANewMethodologyItemWithinTheMethodologyTree_status200" time="3.762" classname="restassured.automation.testcases.Restassured_Automation_MethodologItem"/>
</testsuite> <!-- restassured.automation.testcases.Restassured_Automation_MethodologItem -->
