<?xml version="1.0" encoding="UTF-8"?>
<!-- Generated by org.testng.reporters.JUnitReportReporter -->
<testsuite skipped="0" hostname="LT-CHN-33875" name="restassured.automation.testcases.Restassured_Automation_Publish" tests="2" failures="0" timestamp="18 Apr 2021 06:59:15 GMT" time="11.113" errors="0">
  <testcase name="postPublish_status200" time="6.839" classname="restassured.automation.testcases.Restassured_Automation_Publish"/>
  <testcase name="postValidate_status200" time="4.274" classname="restassured.automation.testcases.Restassured_Automation_Publish"/>
</testsuite> <!-- restassured.automation.testcases.Restassured_Automation_Publish -->
