<?xml version="1.0" encoding="UTF-8"?>
<!-- Generated by org.testng.reporters.JUnitReportReporter -->
<testsuite hostname="LTCH-5CD105HTG9" name="restassured.automation.testcases.Restassured_Automation_Methodology" tests="13" failures="1" timestamp="21 Apr 2021 13:34:32 GMT" time="63.211" errors="0">
  <testcase name="Methodology_GetDetialsAboutASpecificMethodology_status200" time="2.133" classname="restassured.automation.testcases.Restassured_Automation_Methodology"/>
  <testcase name="Methodology_GetCandidateRevisionWithStatus_404" time="1.808" classname="restassured.automation.testcases.Restassured_Automation_Methodology"/>
  <testcase name="Methodology_CreateANewCandidateRevisionWithStatus_400" time="7.456" classname="restassured.automation.testcases.Restassured_Automation_Methodology"/>
  <testcase name="Methodology_getASpecificRevisionItemTree_status404" time="2.404" classname="restassured.automation.testcases.Restassured_Automation_Methodology"/>
  <testcase name="Methodology_GetListAllMethodologiesTheUserHasAccessTo_Status200" time="1.325" classname="restassured.automation.testcases.Restassured_Automation_Methodology"/>
  <testcase name="Methodology_CreateANewCandidateRevisionWithStatus_409" time="9.576" classname="restassured.automation.testcases.Restassured_Automation_Methodology">
    <failure type="java.lang.AssertionError" message="expected [409] but found [200]">
      <![CDATA[java.lang.AssertionError: expected [409] but found [200]
	at org.testng.Assert.fail(Assert.java:94)
	at org.testng.Assert.failNotEquals(Assert.java:513)
	at org.testng.Assert.assertEqualsImpl(Assert.java:135)
	at org.testng.Assert.assertEquals(Assert.java:116)
	at org.testng.Assert.assertEquals(Assert.java:389)
	at org.testng.Assert.assertEquals(Assert.java:399)
	at restassured.automation.testcases.Restassured_Automation_Methodology.Methodology_CreateANewCandidateRevisionWithStatus_409(Restassured_Automation_Methodology.java:1169)
	at sun.reflect.NativeMethodAccessorImpl.invoke0(Native Method)
	at sun.reflect.NativeMethodAccessorImpl.invoke(Unknown Source)
	at sun.reflect.DelegatingMethodAccessorImpl.invoke(Unknown Source)
	at java.lang.reflect.Method.invoke(Unknown Source)
	at org.testng.internal.MethodInvocationHelper.invokeMethod(MethodInvocationHelper.java:86)
	at org.testng.internal.Invoker.invokeMethod(Invoker.java:645)
	at org.testng.internal.Invoker.invokeTestMethod(Invoker.java:822)
	at org.testng.internal.Invoker.invokeTestMethods(Invoker.java:1130)
	at org.testng.internal.TestMethodWorker.invokeTestMethods(TestMethodWorker.java:129)
	at org.testng.internal.TestMethodWorker.run(TestMethodWorker.java:112)
	at org.testng.TestRunner.privateRun(TestRunner.java:782)
	at org.testng.TestRunner.run(TestRunner.java:632)
	at org.testng.SuiteRunner.runTest(SuiteRunner.java:366)
	at org.testng.SuiteRunner.runSequentially(SuiteRunner.java:361)
	at org.testng.SuiteRunner.privateRun(SuiteRunner.java:319)
	at org.testng.SuiteRunner.run(SuiteRunner.java:268)
	at org.testng.SuiteRunnerWorker.runSuite(SuiteRunnerWorker.java:52)
	at org.testng.SuiteRunnerWorker.run(SuiteRunnerWorker.java:86)
	at org.testng.TestNG.runSuitesSequentially(TestNG.java:1244)
	at org.testng.TestNG.runSuitesLocally(TestNG.java:1169)
	at org.testng.TestNG.run(TestNG.java:1064)
	at org.testng.remote.RemoteTestNG.run(RemoteTestNG.java:113)
	at org.testng.remote.RemoteTestNG.initAndRun(RemoteTestNG.java:206)
	at org.testng.remote.RemoteTestNG.main(RemoteTestNG.java:177)
]]>
    </failure>
  </testcase> <!-- Methodology_CreateANewCandidateRevisionWithStatus_409 -->
  <testcase name="Methodology_GetCandidateRevisionWithStatus_200" time="1.957" classname="restassured.automation.testcases.Restassured_Automation_Methodology"/>
  <testcase name="Methodology_DeleteACandidateRevisionWithStatus_404" time="9.144" classname="restassured.automation.testcases.Restassured_Automation_Methodology"/>
  <testcase name="Methodology_PatchUpdateAMethodology_status400" time="1.889" classname="restassured.automation.testcases.Restassured_Automation_Methodology"/>
  <testcase name="Methodology_DeleteACandidateRevisionWithStatus_200" time="10.158" classname="restassured.automation.testcases.Restassured_Automation_Methodology"/>
  <testcase name="Methodology_PatchUpdateASpecificMethodologiesWith_Status_404" time="1.861" classname="restassured.automation.testcases.Restassured_Automation_Methodology"/>
  <testcase name="Methodology_GetASpecificRevisionItemTree_status200" time="2.290" classname="restassured.automation.testcases.Restassured_Automation_Methodology"/>
  <testcase name="Methodology_CreateANewCandidateRevisionWithStatus_200" time="11.210" classname="restassured.automation.testcases.Restassured_Automation_Methodology"/>
</testsuite> <!-- restassured.automation.testcases.Restassured_Automation_Methodology -->
