<?xml version="1.0" encoding="UTF-8"?>
<!-- Generated by org.testng.reporters.JUnitReportReporter -->
<testsuite hostname="LTCH-5CD105HTG9" name="restassured.automation.ETTestcases.Restassured_Automation_ETEngagement" tests="5" failures="0" timestamp="9 Jun 2021 07:34:17 GMT" time="5.437" errors="0">
  <testcase name="ETEngagement_GetEngagementById_Status200" time="1.273" classname="restassured.automation.ETTestcases.Restassured_Automation_ETEngagement"/>
  <testcase name="ETEngagement_GetListOfAllEngagement_Status200" time="0.612" classname="restassured.automation.ETTestcases.Restassured_Automation_ETEngagement"/>
  <testcase name="ETEngagement_GetTheUsersOwnEngagementPermissionsForTheSpecifiedEngagement_Status200" time="1.228" classname="restassured.automation.ETTestcases.Restassured_Automation_ETEngagement"/>
  <testcase name="ETEngagement_GetEngagementEvent_Status200" time="1.713" classname="restassured.automation.ETTestcases.Restassured_Automation_ETEngagement"/>
  <testcase name="ETEngagement_GetListOfMyEngagement_Status200" time="0.611" classname="restassured.automation.ETTestcases.Restassured_Automation_ETEngagement"/>
</testsuite> <!-- restassured.automation.ETTestcases.Restassured_Automation_ETEngagement -->
