<?xml version="1.0" encoding="UTF-8"?>
<!-- Generated by org.testng.reporters.JUnitReportReporter -->
<testsuite hostname="LTCH-5CD105HTG9" name="restassured.automation.testcases.Restassured_Automation_MethodologyItemFsliFilters" tests="10" failures="0" timestamp="9 Jun 2021 08:12:52 GMT" time="80.768" errors="0">
  <testcase name="MethodologyItem_FsliFliters_DeleteFinancialStatementFilters_404" time="8.639" classname="restassured.automation.testcases.Restassured_Automation_MethodologyItemFsliFilters"/>
  <testcase name="MethodologyItem_FsliFliters_CreateFinancialStatementFilters_404" time="6.858" classname="restassured.automation.testcases.Restassured_Automation_MethodologyItemFsliFilters"/>
  <testcase name="MethodologyItem_FsliFliters_CreateFinancialStatementFilters_200" time="6.333" classname="restassured.automation.testcases.Restassured_Automation_MethodologyItemFsliFilters"/>
  <testcase name="MethodologyItem_FsliFliters_PatchFinancialStatementFilters_204" time="8.103" classname="restassured.automation.testcases.Restassured_Automation_MethodologyItemFsliFilters"/>
  <testcase name="MethodologyItem_FsliFliters_CreateFinancialStatementFilters_400" time="7.272" classname="restassured.automation.testcases.Restassured_Automation_MethodologyItemFsliFilters"/>
  <testcase name="MethodologyItem_FsliFliters_CreateFinancialStatementFilters_409" time="8.702" classname="restassured.automation.testcases.Restassured_Automation_MethodologyItemFsliFilters"/>
  <testcase name="MethodologyItem_FsliFliters_DeleteFinancialStatementFilters_204" time="9.278" classname="restassured.automation.testcases.Restassured_Automation_MethodologyItemFsliFilters"/>
  <testcase name="MethodologyItem_FsliFliters_PatchFinancialStatementFilters_400" time="8.384" classname="restassured.automation.testcases.Restassured_Automation_MethodologyItemFsliFilters"/>
  <testcase name="MethodologyItem_FsliFliters_PatchFinancialStatementFilters_404" time="8.085" classname="restassured.automation.testcases.Restassured_Automation_MethodologyItemFsliFilters"/>
  <testcase name="MethodologyItem_FsliFliters_PatchFinancialStatementFilters_409" time="9.114" classname="restassured.automation.testcases.Restassured_Automation_MethodologyItemFsliFilters"/>
</testsuite> <!-- restassured.automation.testcases.Restassured_Automation_MethodologyItemFsliFilters -->
