<?xml version="1.0" encoding="UTF-8"?>
<!-- Generated by org.testng.reporters.JUnitReportReporter -->
<testsuite skipped="0" hostname="LT-CHN-33875" name="restassured.automation.testcases.Restassured_Automation_Organizations" tests="6" failures="0" timestamp="13 Jun 2021 06:26:37 GMT" time="40.632" errors="0">
  <testcase name="Organisation_GetQueryForUsers_status200" time="7.960" classname="restassured.automation.testcases.Restassured_Automation_Organizations"/>
  <testcase name="Organisation_GetThePermissionForTheAuthUser" time="2.861" classname="restassured.automation.testcases.Restassured_Automation_Organizations"/>
  <testcase name="Organisation_GetTheListOfOrganization" time="2.862" classname="restassured.automation.testcases.Restassured_Automation_Organizations"/>
  <testcase name="Organisation_RemovePublishedStoreMethodologyFromOrganizationsHiddenMethodologyList" time="11.013" classname="restassured.automation.testcases.Restassured_Automation_Organizations"/>
  <testcase name="Organisation_CreatePublishedStoreMethodologyFromOrganizationsHiddenMethodologyList" time="12.660" classname="restassured.automation.testcases.Restassured_Automation_Organizations"/>
  <testcase name="Organisation_GetQueryForUsers_status400" time="3.276" classname="restassured.automation.testcases.Restassured_Automation_Organizations"/>
</testsuite> <!-- restassured.automation.testcases.Restassured_Automation_Organizations -->
