<?xml version="1.0" encoding="UTF-8"?>
<!-- Generated by org.testng.reporters.JUnitReportReporter -->
<testsuite hostname="LTCH-5CD105HTG9" name="restassured.automation.testcases.Restassured_Automation_MethodologyItemFinancialStatment" tests="13" failures="1" timestamp="11 Jun 2021 11:10:27 GMT" time="241.009" errors="0">
  <testcase name="MethodologyItem_FinancialStatement_MoveFinancialStatementForAWorkProgramStatus_400" time="20.786" classname="restassured.automation.testcases.Restassured_Automation_MethodologyItemFinancialStatment"/>
  <testcase name="MethodologyItem_FinancialStatement_UpdateFinancialStatementForAWorkProgramStatus_204" time="18.430" classname="restassured.automation.testcases.Restassured_Automation_MethodologyItemFinancialStatment"/>
  <testcase name="MethodologyItem_FinancialStatement_DeleteFinancialStatementForAWorkProgramStatus_400" time="17.368" classname="restassured.automation.testcases.Restassured_Automation_MethodologyItemFinancialStatment">
    <failure type="java.lang.AssertionError" message="expected [400] but found [204]">
      <![CDATA[java.lang.AssertionError: expected [400] but found [204]
	at org.testng.Assert.fail(Assert.java:94)
	at org.testng.Assert.failNotEquals(Assert.java:513)
	at org.testng.Assert.assertEqualsImpl(Assert.java:135)
	at org.testng.Assert.assertEquals(Assert.java:116)
	at org.testng.Assert.assertEquals(Assert.java:389)
	at org.testng.Assert.assertEquals(Assert.java:399)
	at restassured.automation.testcases.Restassured_Automation_MethodologyItemFinancialStatment.MethodologyItem_FinancialStatement_DeleteFinancialStatementForAWorkProgramStatus_400(Restassured_Automation_MethodologyItemFinancialStatment.java:1678)
	at sun.reflect.NativeMethodAccessorImpl.invoke0(Native Method)
	at sun.reflect.NativeMethodAccessorImpl.invoke(Unknown Source)
	at sun.reflect.DelegatingMethodAccessorImpl.invoke(Unknown Source)
	at java.lang.reflect.Method.invoke(Unknown Source)
	at org.testng.internal.MethodInvocationHelper.invokeMethod(MethodInvocationHelper.java:86)
	at org.testng.internal.Invoker.invokeMethod(Invoker.java:645)
	at org.testng.internal.Invoker.invokeTestMethod(Invoker.java:822)
	at org.testng.internal.Invoker.invokeTestMethods(Invoker.java:1130)
	at org.testng.internal.TestMethodWorker.invokeTestMethods(TestMethodWorker.java:129)
	at org.testng.internal.TestMethodWorker.run(TestMethodWorker.java:112)
	at org.testng.TestRunner.privateRun(TestRunner.java:782)
	at org.testng.TestRunner.run(TestRunner.java:632)
	at org.testng.SuiteRunner.runTest(SuiteRunner.java:366)
	at org.testng.SuiteRunner.runSequentially(SuiteRunner.java:361)
	at org.testng.SuiteRunner.privateRun(SuiteRunner.java:319)
	at org.testng.SuiteRunner.run(SuiteRunner.java:268)
	at org.testng.SuiteRunnerWorker.runSuite(SuiteRunnerWorker.java:52)
	at org.testng.SuiteRunnerWorker.run(SuiteRunnerWorker.java:86)
	at org.testng.TestNG.runSuitesSequentially(TestNG.java:1244)
	at org.testng.TestNG.runSuitesLocally(TestNG.java:1169)
	at org.testng.TestNG.run(TestNG.java:1064)
	at org.testng.remote.RemoteTestNG.run(RemoteTestNG.java:113)
	at org.testng.remote.RemoteTestNG.initAndRun(RemoteTestNG.java:206)
	at org.testng.remote.RemoteTestNG.main(RemoteTestNG.java:177)
]]>
    </failure>
  </testcase> <!-- MethodologyItem_FinancialStatement_DeleteFinancialStatementForAWorkProgramStatus_400 -->
  <testcase name="MethodologyItem_FinancialStatement_MoveFinancialStatementForAWorkProgramStatus_204" time="18.225" classname="restassured.automation.testcases.Restassured_Automation_MethodologyItemFinancialStatment"/>
  <testcase name="MethodologyItem_FinancialStatement_MoveFinancialStatementForAWorkProgramStatus_404" time="19.042" classname="restassured.automation.testcases.Restassured_Automation_MethodologyItemFinancialStatment"/>
  <testcase name="MethodologyItem_FinancialStatement_DeleteFinancialStatementForAWorkProgramStatus_204" time="19.404" classname="restassured.automation.testcases.Restassured_Automation_MethodologyItemFinancialStatment"/>
  <testcase name="MethodologyItem_FinancialStatement_CreateANewFinancialStatementForAWorkProgramStatus_404" time="15.972" classname="restassured.automation.testcases.Restassured_Automation_MethodologyItemFinancialStatment"/>
  <testcase name="MethodologyItem_FinancialStatement_UpdateFinancialStatementForAWorkProgramStatus_400" time="19.971" classname="restassured.automation.testcases.Restassured_Automation_MethodologyItemFinancialStatment"/>
  <testcase name="MethodologyItem_FinancialStatement_CreateANewFinancialStatementForAWorkProgramStatus_200" time="16.140" classname="restassured.automation.testcases.Restassured_Automation_MethodologyItemFinancialStatment"/>
  <testcase name="MethodologyItem_FinancialStatement_UpdateFinancialStatementForAWorkProgramStatus_404" time="19.869" classname="restassured.automation.testcases.Restassured_Automation_MethodologyItemFinancialStatment"/>
  <testcase name="MethodologyItem_FinancialStatement_CreateANewFinancialStatementForAWorkProgramStatus_400" time="17.608" classname="restassured.automation.testcases.Restassured_Automation_MethodologyItemFinancialStatment"/>
  <testcase name="MethodologyItem_FinancialStatement_UpdateFinancialStatementForAWorkProgramStatus_409" time="18.651" classname="restassured.automation.testcases.Restassured_Automation_MethodologyItemFinancialStatment"/>
  <testcase name="MethodologyItem_FinancialStatement_DeleteFinancialStatementForAWorkProgramStatus_404" time="19.543" classname="restassured.automation.testcases.Restassured_Automation_MethodologyItemFinancialStatment"/>
</testsuite> <!-- restassured.automation.testcases.Restassured_Automation_MethodologyItemFinancialStatment -->
