<?xml version="1.0" encoding="UTF-8"?>
<!-- Generated by org.testng.reporters.JUnitReportReporter -->
<testsuite hostname="LTCH-5CD105HTG9" name="restassured.automation.testcases.Restassured_Automation_MethodologyItemFinancialStatment" tests="13" failures="0" timestamp="14 Jun 2021 11:56:08 GMT" time="232.536" errors="0">
  <testcase name="MethodologyItem_FinancialStatement_MoveFinancialStatementForAWorkProgramStatus_400" time="16.269" classname="restassured.automation.testcases.Restassured_Automation_MethodologyItemFinancialStatment"/>
  <testcase name="MethodologyItem_FinancialStatement_CreateANewFinancialStatementForAWorkProgramStatus_400" time="15.212" classname="restassured.automation.testcases.Restassured_Automation_MethodologyItemFinancialStatment"/>
  <testcase name="MethodologyItem_FinancialStatement_DeleteFinancialStatementForAWorkProgramStatus_204" time="20.327" classname="restassured.automation.testcases.Restassured_Automation_MethodologyItemFinancialStatment"/>
  <testcase name="MethodologyItem_FinancialStatement_DeleteFinancialStatementForAWorkProgramStatus_400" time="16.523" classname="restassured.automation.testcases.Restassured_Automation_MethodologyItemFinancialStatment"/>
  <testcase name="MethodologyItem_FinancialStatement_MoveFinancialStatementForAWorkProgramStatus_204" time="17.764" classname="restassured.automation.testcases.Restassured_Automation_MethodologyItemFinancialStatment"/>
  <testcase name="MethodologyItem_FinancialStatement_MoveFinancialStatementForAWorkProgramStatus_404" time="16.814" classname="restassured.automation.testcases.Restassured_Automation_MethodologyItemFinancialStatment"/>
  <testcase name="MethodologyItem_FinancialStatement_CreateANewFinancialStatementForAWorkProgramStatus_404" time="15.253" classname="restassured.automation.testcases.Restassured_Automation_MethodologyItemFinancialStatment"/>
  <testcase name="MethodologyItem_FinancialStatement_DeleteFinancialStatementForAWorkProgramStatus_404" time="16.718" classname="restassured.automation.testcases.Restassured_Automation_MethodologyItemFinancialStatment"/>
  <testcase name="MethodologyItem_FinancialStatement_UpdateFinancialStatementForAWorkProgramStatus_400" time="16.241" classname="restassured.automation.testcases.Restassured_Automation_MethodologyItemFinancialStatment"/>
  <testcase name="MethodologyItem_FinancialStatement_UpdateFinancialStatementForAWorkProgramStatus_204" time="27.266" classname="restassured.automation.testcases.Restassured_Automation_MethodologyItemFinancialStatment"/>
  <testcase name="MethodologyItem_FinancialStatement_CreateANewFinancialStatementForAWorkProgramStatus_200" time="16.371" classname="restassured.automation.testcases.Restassured_Automation_MethodologyItemFinancialStatment"/>
  <testcase name="MethodologyItem_FinancialStatement_UpdateFinancialStatementForAWorkProgramStatus_409" time="17.745" classname="restassured.automation.testcases.Restassured_Automation_MethodologyItemFinancialStatment"/>
  <testcase name="MethodologyItem_FinancialStatement_UpdateFinancialStatementForAWorkProgramStatus_404" time="20.033" classname="restassured.automation.testcases.Restassured_Automation_MethodologyItemFinancialStatment"/>
</testsuite> <!-- restassured.automation.testcases.Restassured_Automation_MethodologyItemFinancialStatment -->
