<?xml version="1.0" encoding="UTF-8"?>
<!-- Generated by org.testng.reporters.JUnitReportReporter -->
<testsuite hostname="LTCH-5CD105HTG9" name="restassured.automation.ETTestcases.Restassured_Automation_ETPortalRoles" tests="1" failures="0" timestamp="27 Apr 2021 13:30:45 GMT" time="3.938" errors="0">
  <testcase name="PortalRoles_GetRolesPortal_Status200" time="3.938" classname="restassured.automation.ETTestcases.Restassured_Automation_ETPortalRoles"/>
</testsuite> <!-- restassured.automation.ETTestcases.Restassured_Automation_ETPortalRoles -->
