<?xml version="1.0" encoding="UTF-8"?>
<!-- Generated by org.testng.reporters.JUnitReportReporter -->
<testsuite hostname="LTCH-5CD105HTG9" name="restassured.automation.ETTestcases.Restassured_Automation_ETPortalRoles" tests="7" failures="0" timestamp="26 May 2021 06:37:51 GMT" time="17.429" errors="0">
  <testcase name="PortalRoles_PostRolesPortal_Status200" time="1.658" classname="restassured.automation.ETTestcases.Restassured_Automation_ETPortalRoles"/>
  <testcase name="PortalRoles_GetRolesPortalMyPermission_Status200" time="0.602" classname="restassured.automation.ETTestcases.Restassured_Automation_ETPortalRoles"/>
  <testcase name="PortalRoles_GetRolesPortalAssignments_Status200" time="0.631" classname="restassured.automation.ETTestcases.Restassured_Automation_ETPortalRoles"/>
  <testcase name="PortalRoles_PutRolesPortalAssignments_Status204" time="1.716" classname="restassured.automation.ETTestcases.Restassured_Automation_ETPortalRoles"/>
  <testcase name="PortalRoles_GetRolesPortal_Status200" time="0.644" classname="restassured.automation.ETTestcases.Restassured_Automation_ETPortalRoles"/>
  <testcase name="PortalRoles_DeleteRolesPortal_Status204" time="7.381" classname="restassured.automation.ETTestcases.Restassured_Automation_ETPortalRoles"/>
  <testcase name="PortalRoles_PatchRolesPortal_Status204" time="4.797" classname="restassured.automation.ETTestcases.Restassured_Automation_ETPortalRoles"/>
</testsuite> <!-- restassured.automation.ETTestcases.Restassured_Automation_ETPortalRoles -->
