<?xml version="1.0" encoding="UTF-8"?>
<!-- Generated by org.testng.reporters.JUnitReportReporter -->
<testsuite hostname="LTCH-5CD105HTG9" name="restassured.automation.testcases.Restassured_Automation_EngagementType" tests="6" failures="0" timestamp="4 May 2021 08:53:28 GMT" time="5.569" errors="0">
  <testcase name="EngagementType_PostcreateANewEngagementType_status200" time="0.729" classname="restassured.automation.testcases.Restassured_Automation_EngagementType"/>
  <testcase name="EngagementType_PostcreateANewEngagementType_status400" time="0.428" classname="restassured.automation.testcases.Restassured_Automation_EngagementType"/>
  <testcase name="EngagementType_PatchUpdateAnEngagementType_status400" time="1.593" classname="restassured.automation.testcases.Restassured_Automation_EngagementType"/>
  <testcase name="EngagementType_GetListAllEngagementType" time="0.954" classname="restassured.automation.testcases.Restassured_Automation_EngagementType"/>
  <testcase name="EngagementType_PostcreateANewEngagementType_status409" time="0.452" classname="restassured.automation.testcases.Restassured_Automation_EngagementType"/>
  <testcase name="EngagementType_PatchUpdateAnEngagementType_status409" time="1.413" classname="restassured.automation.testcases.Restassured_Automation_EngagementType"/>
</testsuite> <!-- restassured.automation.testcases.Restassured_Automation_EngagementType -->
