<?xml version="1.0" encoding="UTF-8"?>
<!-- Generated by org.testng.reporters.JUnitReportReporter -->
<testsuite hostname="LTCH-5CD105HTG9" name="restassured.automation.testcases.Restassured_Automation_EngagementTeamRoles" tests="24" failures="0" timestamp="14 Jun 2021 11:56:07 GMT" time="92.075" errors="1">
  <testcase name="EngagementTeamRoles_PostCreateAnEngagementRoleForAnOrganization_status404" time="2.219" classname="restassured.automation.testcases.Restassured_Automation_EngagementTeamRoles"/>
  <testcase name="EngagementTeamRoles_PostCreateAnEngagementRoleForAMethodology_status200" time="4.083" classname="restassured.automation.testcases.Restassured_Automation_EngagementTeamRoles"/>
  <testcase name="EngagementTeamRoles_PostCreateAnEngagementRoleForAnOrganization_status400" time="2.205" classname="restassured.automation.testcases.Restassured_Automation_EngagementTeamRoles"/>
  <testcase name="EngagementTeamRoles_PatchUpdateAnEngagementRoleForAMethodology_status204" time="5.419" classname="restassured.automation.testcases.Restassured_Automation_EngagementTeamRoles"/>
  <testcase name="EngagementTeamRoles_DeleteDeleteAnEngagementRoleForAnOrganization_status204" time="3.395" classname="restassured.automation.testcases.Restassured_Automation_EngagementTeamRoles"/>
  <testcase name="EngagementTeamRoles_PatchUpdateAnEngagementRoleForAMethodology_status404" time="4.855" classname="restassured.automation.testcases.Restassured_Automation_EngagementTeamRoles"/>
  <testcase name="EngagementTeamRoles_DeleteAnEngagementRoleForAnOrganization_status400" time="3.403" classname="restassured.automation.testcases.Restassured_Automation_EngagementTeamRoles"/>
  <testcase name="EngagementTeamRoles_DeleteAnEngagementRoleForAMethodology_status404" time="5.115" classname="restassured.automation.testcases.Restassured_Automation_EngagementTeamRoles"/>
  <testcase name="EngagementTeamRoles_GetLoadAllEngagementRolesInformationForAnOrganization_status200" time="2.360" classname="restassured.automation.testcases.Restassured_Automation_EngagementTeamRoles"/>
  <testcase name="EngagementTeamRoles_GetLoadAllEngagementRolesInformationForARevision_status200" time="3.811" classname="restassured.automation.testcases.Restassured_Automation_EngagementTeamRoles"/>
  <testcase name="EngagementTeamRoles_PatchUpdateAnEngagementRoleForAnOrganization_status204" time="3.687" classname="restassured.automation.testcases.Restassured_Automation_EngagementTeamRoles"/>
  <testcase name="EngagementTeamRoles_PatchUpdateAnEngagementRoleForAnOrganization_status409" time="3.680" classname="restassured.automation.testcases.Restassured_Automation_EngagementTeamRoles"/>
  <testcase name="EngagementTeamRoles_PatchUpdateAnEngagementRoleForAnOrganization_status404" time="3.331" classname="restassured.automation.testcases.Restassured_Automation_EngagementTeamRoles"/>
  <testcase name="EngagementTeamRoles_PostCreateAnEngagementRoleForAMethodology_status400" time="3.543" classname="restassured.automation.testcases.Restassured_Automation_EngagementTeamRoles"/>
  <testcase name="EngagementTeamRoles_PatchUpdateAnEngagementRoleForAMethodology_status409" time="5.389" classname="restassured.automation.testcases.Restassured_Automation_EngagementTeamRoles"/>
  <testcase name="EngagementTeamRoles_PostCreateAnEngagementRoleForAnOrganization_status200" time="1.116" classname="restassured.automation.testcases.Restassured_Automation_EngagementTeamRoles">
    <error type="java.lang.StringIndexOutOfBoundsException" message="String index out of range: 38">
      <![CDATA[java.lang.StringIndexOutOfBoundsException: String index out of range: 38
	at java.lang.String.substring(Unknown Source)
	at restassured.automation.testcases.Restassured_Automation_EngagementTeamRoles.getRandomAlphaNum(Restassured_Automation_EngagementTeamRoles.java:49)
	at restassured.automation.testcases.Restassured_Automation_EngagementTeamRoles.EngagementTeamRoles_PostCreateAnEngagementRoleForAnOrganization_status200(Restassured_Automation_EngagementTeamRoles.java:122)
	at sun.reflect.NativeMethodAccessorImpl.invoke0(Native Method)
	at sun.reflect.NativeMethodAccessorImpl.invoke(Unknown Source)
	at sun.reflect.DelegatingMethodAccessorImpl.invoke(Unknown Source)
	at java.lang.reflect.Method.invoke(Unknown Source)
	at org.testng.internal.MethodInvocationHelper.invokeMethod(MethodInvocationHelper.java:86)
	at org.testng.internal.Invoker.invokeMethod(Invoker.java:645)
	at org.testng.internal.Invoker.invokeTestMethod(Invoker.java:822)
	at org.testng.internal.Invoker.invokeTestMethods(Invoker.java:1130)
	at org.testng.internal.TestMethodWorker.invokeTestMethods(TestMethodWorker.java:129)
	at org.testng.internal.TestMethodWorker.run(TestMethodWorker.java:112)
	at org.testng.TestRunner.privateRun(TestRunner.java:782)
	at org.testng.TestRunner.run(TestRunner.java:632)
	at org.testng.SuiteRunner.runTest(SuiteRunner.java:366)
	at org.testng.SuiteRunner.runSequentially(SuiteRunner.java:361)
	at org.testng.SuiteRunner.privateRun(SuiteRunner.java:319)
	at org.testng.SuiteRunner.run(SuiteRunner.java:268)
	at org.testng.SuiteRunnerWorker.runSuite(SuiteRunnerWorker.java:52)
	at org.testng.SuiteRunnerWorker.run(SuiteRunnerWorker.java:86)
	at org.testng.TestNG.runSuitesSequentially(TestNG.java:1244)
	at org.testng.TestNG.runSuitesLocally(TestNG.java:1169)
	at org.testng.TestNG.run(TestNG.java:1064)
	at org.testng.remote.RemoteTestNG.run(RemoteTestNG.java:113)
	at org.testng.remote.RemoteTestNG.initAndRun(RemoteTestNG.java:206)
	at org.testng.remote.RemoteTestNG.main(RemoteTestNG.java:177)
]]>
    </error>
  </testcase> <!-- EngagementTeamRoles_PostCreateAnEngagementRoleForAnOrganization_status200 -->
  <testcase name="EngagementTeamRoles_PatchUpdateAnEngagementRoleForAMethodology_status400" time="4.853" classname="restassured.automation.testcases.Restassured_Automation_EngagementTeamRoles"/>
  <testcase name="EngagementTeamRoles_PatchUpdateAnEngagementRoleForAnOrganization_status400" time="3.334" classname="restassured.automation.testcases.Restassured_Automation_EngagementTeamRoles"/>
  <testcase name="EngagementTeamRoles_PostCreateAnEngagementRoleForAMethodology_status404" time="3.532" classname="restassured.automation.testcases.Restassured_Automation_EngagementTeamRoles"/>
  <testcase name="EngagementTeamRoles_PostCreateAnEngagementRoleForAnOrganization_status409" time="2.586" classname="restassured.automation.testcases.Restassured_Automation_EngagementTeamRoles"/>
  <testcase name="EngagementTeamRoles_DeleteAnEngagementRoleForAMethodology_status204" time="5.139" classname="restassured.automation.testcases.Restassured_Automation_EngagementTeamRoles"/>
  <testcase name="EngagementTeamRoles_PostCreateAnEngagementRoleForAMethodology_status409" time="5.193" classname="restassured.automation.testcases.Restassured_Automation_EngagementTeamRoles"/>
  <testcase name="EngagementTeamRoles_DeleteAnEngagementRoleForAMethodology_status400" time="6.473" classname="restassured.automation.testcases.Restassured_Automation_EngagementTeamRoles"/>
  <testcase name="EngagementTeamRoles_DeleteDeleteAnEngagementRoleForAnOrganization_status404" time="3.354" classname="restassured.automation.testcases.Restassured_Automation_EngagementTeamRoles"/>
</testsuite> <!-- restassured.automation.testcases.Restassured_Automation_EngagementTeamRoles -->
