<?xml version="1.0" encoding="UTF-8"?>
<!-- Generated by org.testng.reporters.JUnitReportReporter -->
<testsuite hostname="LTCH-5CD105HTG9" name="restassured.automation.testcases.Restassured_Automation_ItemSelectQuestion" tests="27" failures="1" timestamp="9 Jun 2021 11:00:10 GMT" time="200.403" errors="0">
  <testcase name="ItemSelectQuestion_PutSafelyInitializeNewOptionsForASelectQuestion_status400" time="6.162" classname="restassured.automation.testcases.Restassured_Automation_ItemSelectQuestion"/>
  <testcase name="ItemSelectQuestion_DeleteAnOptionGroupFromAnItemSelectQuestion_404" time="8.947" classname="restassured.automation.testcases.Restassured_Automation_ItemSelectQuestion"/>
  <testcase name="ItemSelectQuestion_GetOptionsForASpecificItemSelectQuestionMethodologyItem_status200" time="6.242" classname="restassured.automation.testcases.Restassured_Automation_ItemSelectQuestion"/>
  <testcase name="ItemSelectQuestion_PostCreateANewOptionForAnItemSelectQuestion_status400" time="5.324" classname="restassured.automation.testcases.Restassured_Automation_ItemSelectQuestion"/>
  <testcase name="ItemSelectQuestion_PutSafelyInitializeNewOptionsForASelectQuestion_status404" time="5.337" classname="restassured.automation.testcases.Restassured_Automation_ItemSelectQuestion"/>
  <testcase name="ItemSelectQuestion_CreateANewOptionGroupForAnItemSelectQuestionStatus_400" time="6.611" classname="restassured.automation.testcases.Restassured_Automation_ItemSelectQuestion"/>
  <testcase name="ItemSelectQuestion_CreateANewOptionGroupForAnItemSelectQuestionStatus_404" time="6.578" classname="restassured.automation.testcases.Restassured_Automation_ItemSelectQuestion"/>
  <testcase name="ItemSelectQuestion_DeleteAnOptionFromAnItemSelectQuestion_Status400" time="10.690" classname="restassured.automation.testcases.Restassured_Automation_ItemSelectQuestion"/>
  <testcase name="ItemSelectQuestion_CreateANewOptionGroupForAnItemSelectQuestionStatus_200" time="9.084" classname="restassured.automation.testcases.Restassured_Automation_ItemSelectQuestion"/>
  <testcase name="ItemSelectQuestion_MoveASelectQuestionFromItemOption_status404" time="7.601" classname="restassured.automation.testcases.Restassured_Automation_ItemSelectQuestion"/>
  <testcase name="ItemSelectQuestion_DeleteAnOptionFromAnItemSelectQuestion_status404" time="6.520" classname="restassured.automation.testcases.Restassured_Automation_ItemSelectQuestion"/>
  <testcase name="ItemSelectQuestion_PostCreateANewOptionForAnItemSelectQuestion_status200" time="5.579" classname="restassured.automation.testcases.Restassured_Automation_ItemSelectQuestion"/>
  <testcase name="ItemSelectQuestion_PostCreateANewOptionForAnItemSelectQuestion_status404" time="5.350" classname="restassured.automation.testcases.Restassured_Automation_ItemSelectQuestion"/>
  <testcase name="ItemSelectQuestion_UpdateASelectQuestionItemOptionGroup_404" time="8.944" classname="restassured.automation.testcases.Restassured_Automation_ItemSelectQuestion"/>
  <testcase name="ItemSelectQuestion_PatchUpdateASelectQuestionItemOption_status200" time="8.509" classname="restassured.automation.testcases.Restassured_Automation_ItemSelectQuestion"/>
  <testcase name="ItemSelectQuestion_GetOptionsForASpecificItemSelectQuestionMethodologyItem_status400" time="6.177" classname="restassured.automation.testcases.Restassured_Automation_ItemSelectQuestion"/>
  <testcase name="ItemSelectQuestion_GetOptionsForASpecificItemSelectQuestionMethodologyItem_status404" time="5.914" classname="restassured.automation.testcases.Restassured_Automation_ItemSelectQuestion"/>
  <testcase name="ItemSelectQuestion_UpdateASelectQuestionItemOptionGroup_204" time="8.954" classname="restassured.automation.testcases.Restassured_Automation_ItemSelectQuestion"/>
  <testcase name="ItemSelectQuestion_PutSafelyInitializeNewOptionsForASelectQuestion_status200" time="5.363" classname="restassured.automation.testcases.Restassured_Automation_ItemSelectQuestion"/>
  <testcase name="ItemSelectQuestion_DeleteAnOptionGroupFromAnItemSelectQuestion_400" time="10.871" classname="restassured.automation.testcases.Restassured_Automation_ItemSelectQuestion">
    <failure type="java.lang.AssertionError" message="expected [400] but found [500]">
      <![CDATA[java.lang.AssertionError: expected [400] but found [500]
	at org.testng.Assert.fail(Assert.java:94)
	at org.testng.Assert.failNotEquals(Assert.java:513)
	at org.testng.Assert.assertEqualsImpl(Assert.java:135)
	at org.testng.Assert.assertEquals(Assert.java:116)
	at org.testng.Assert.assertEquals(Assert.java:389)
	at org.testng.Assert.assertEquals(Assert.java:399)
	at restassured.automation.testcases.Restassured_Automation_ItemSelectQuestion.ItemSelectQuestion_DeleteAnOptionGroupFromAnItemSelectQuestion_400(Restassured_Automation_ItemSelectQuestion.java:1771)
	at sun.reflect.NativeMethodAccessorImpl.invoke0(Native Method)
	at sun.reflect.NativeMethodAccessorImpl.invoke(Unknown Source)
	at sun.reflect.DelegatingMethodAccessorImpl.invoke(Unknown Source)
	at java.lang.reflect.Method.invoke(Unknown Source)
	at org.testng.internal.MethodInvocationHelper.invokeMethod(MethodInvocationHelper.java:86)
	at org.testng.internal.Invoker.invokeMethod(Invoker.java:645)
	at org.testng.internal.Invoker.invokeTestMethod(Invoker.java:822)
	at org.testng.internal.Invoker.invokeTestMethods(Invoker.java:1130)
	at org.testng.internal.TestMethodWorker.invokeTestMethods(TestMethodWorker.java:129)
	at org.testng.internal.TestMethodWorker.run(TestMethodWorker.java:112)
	at org.testng.TestRunner.privateRun(TestRunner.java:782)
	at org.testng.TestRunner.run(TestRunner.java:632)
	at org.testng.SuiteRunner.runTest(SuiteRunner.java:366)
	at org.testng.SuiteRunner.runSequentially(SuiteRunner.java:361)
	at org.testng.SuiteRunner.privateRun(SuiteRunner.java:319)
	at org.testng.SuiteRunner.run(SuiteRunner.java:268)
	at org.testng.SuiteRunnerWorker.runSuite(SuiteRunnerWorker.java:52)
	at org.testng.SuiteRunnerWorker.run(SuiteRunnerWorker.java:86)
	at org.testng.TestNG.runSuitesSequentially(TestNG.java:1244)
	at org.testng.TestNG.runSuitesLocally(TestNG.java:1169)
	at org.testng.TestNG.run(TestNG.java:1064)
	at org.testng.remote.RemoteTestNG.run(RemoteTestNG.java:113)
	at org.testng.remote.RemoteTestNG.initAndRun(RemoteTestNG.java:206)
	at org.testng.remote.RemoteTestNG.main(RemoteTestNG.java:177)
]]>
    </failure>
  </testcase> <!-- ItemSelectQuestion_DeleteAnOptionGroupFromAnItemSelectQuestion_400 -->
  <testcase name="ItemSelectQuestion_DeleteAnOptionGroupFromAnItemSelectQuestion_204" time="10.550" classname="restassured.automation.testcases.Restassured_Automation_ItemSelectQuestion"/>
  <testcase name="ItemSelectQuestion_MoveASelectQuestionFromItemOption_status400" time="7.704" classname="restassured.automation.testcases.Restassured_Automation_ItemSelectQuestion"/>
  <testcase name="ItemSelectQuestion_DeleteAnOptionFromAnItemSelectQuestion_status200" time="7.336" classname="restassured.automation.testcases.Restassured_Automation_ItemSelectQuestion"/>
  <testcase name="ItemSelectQuestion_UpdateASelectQuestionItemOptionGroup_400" time="9.719" classname="restassured.automation.testcases.Restassured_Automation_ItemSelectQuestion"/>
  <testcase name="ItemSelectQuestion_MoveASelectQuestionFromItemOption_status200" time="6.563" classname="restassured.automation.testcases.Restassured_Automation_ItemSelectQuestion"/>
  <testcase name="ItemSelectQuestion_PatchUpdateASelectQuestionItemOption_status400" time="7.334" classname="restassured.automation.testcases.Restassured_Automation_ItemSelectQuestion"/>
  <testcase name="ItemSelectQuestion_PatchUpdateASelectQuestionItemOption_status404" time="6.440" classname="restassured.automation.testcases.Restassured_Automation_ItemSelectQuestion"/>
</testsuite> <!-- restassured.automation.testcases.Restassured_Automation_ItemSelectQuestion -->
