<?xml version="1.0" encoding="UTF-8"?>
<!-- Generated by org.testng.reporters.JUnitReportReporter -->
<testsuite hostname="LTCH-5CD105HTG9" name="restassured.automation.testcases.Restassured_Automation_ItemSelectQuestion" tests="27" failures="1" timestamp="26 May 2021 07:42:07 GMT" time="417.344" errors="0">
  <testcase name="ItemSelectQuestion_PatchUpdateASelectQuestionItemOption_status400" time="10.471" classname="restassured.automation.testcases.Restassured_Automation_ItemSelectQuestion"/>
  <testcase name="ItemSelectQuestion_PostCreateANewOptionForAnItemSelectQuestion_status400" time="9.318" classname="restassured.automation.testcases.Restassured_Automation_ItemSelectQuestion"/>
  <testcase name="ItemSelectQuestion_CreateANewOptionGroupForAnItemSelectQuestionStatus_200" time="17.856" classname="restassured.automation.testcases.Restassured_Automation_ItemSelectQuestion"/>
  <testcase name="ItemSelectQuestion_PostCreateANewOptionForAnItemSelectQuestion_status200" time="7.987" classname="restassured.automation.testcases.Restassured_Automation_ItemSelectQuestion"/>
  <testcase name="ItemSelectQuestion_DeleteAnOptionFromAnItemSelectQuestion_status200" time="15.911" classname="restassured.automation.testcases.Restassured_Automation_ItemSelectQuestion"/>
  <testcase name="ItemSelectQuestion_DeleteAnOptionGroupFromAnItemSelectQuestion_404" time="31.002" classname="restassured.automation.testcases.Restassured_Automation_ItemSelectQuestion"/>
  <testcase name="ItemSelectQuestion_CreateANewOptionGroupForAnItemSelectQuestionStatus_404" time="12.550" classname="restassured.automation.testcases.Restassured_Automation_ItemSelectQuestion"/>
  <testcase name="ItemSelectQuestion_DeleteAnOptionGroupFromAnItemSelectQuestion_400" time="21.985" classname="restassured.automation.testcases.Restassured_Automation_ItemSelectQuestion">
    <failure type="java.lang.AssertionError" message="expected [400] but found [500]">
      <![CDATA[java.lang.AssertionError: expected [400] but found [500]
	at org.testng.Assert.fail(Assert.java:94)
	at org.testng.Assert.failNotEquals(Assert.java:513)
	at org.testng.Assert.assertEqualsImpl(Assert.java:135)
	at org.testng.Assert.assertEquals(Assert.java:116)
	at org.testng.Assert.assertEquals(Assert.java:389)
	at org.testng.Assert.assertEquals(Assert.java:399)
	at restassured.automation.testcases.Restassured_Automation_ItemSelectQuestion.ItemSelectQuestion_DeleteAnOptionGroupFromAnItemSelectQuestion_400(Restassured_Automation_ItemSelectQuestion.java:1746)
	at sun.reflect.NativeMethodAccessorImpl.invoke0(Native Method)
	at sun.reflect.NativeMethodAccessorImpl.invoke(Unknown Source)
	at sun.reflect.DelegatingMethodAccessorImpl.invoke(Unknown Source)
	at java.lang.reflect.Method.invoke(Unknown Source)
	at org.testng.internal.MethodInvocationHelper.invokeMethod(MethodInvocationHelper.java:86)
	at org.testng.internal.Invoker.invokeMethod(Invoker.java:645)
	at org.testng.internal.Invoker.invokeTestMethod(Invoker.java:822)
	at org.testng.internal.Invoker.invokeTestMethods(Invoker.java:1130)
	at org.testng.internal.TestMethodWorker.invokeTestMethods(TestMethodWorker.java:129)
	at org.testng.internal.TestMethodWorker.run(TestMethodWorker.java:112)
	at org.testng.TestRunner.privateRun(TestRunner.java:782)
	at org.testng.TestRunner.run(TestRunner.java:632)
	at org.testng.SuiteRunner.runTest(SuiteRunner.java:366)
	at org.testng.SuiteRunner.runSequentially(SuiteRunner.java:361)
	at org.testng.SuiteRunner.privateRun(SuiteRunner.java:319)
	at org.testng.SuiteRunner.run(SuiteRunner.java:268)
	at org.testng.SuiteRunnerWorker.runSuite(SuiteRunnerWorker.java:52)
	at org.testng.SuiteRunnerWorker.run(SuiteRunnerWorker.java:86)
	at org.testng.TestNG.runSuitesSequentially(TestNG.java:1244)
	at org.testng.TestNG.runSuitesLocally(TestNG.java:1169)
	at org.testng.TestNG.run(TestNG.java:1064)
	at org.testng.remote.RemoteTestNG.run(RemoteTestNG.java:113)
	at org.testng.remote.RemoteTestNG.initAndRun(RemoteTestNG.java:206)
	at org.testng.remote.RemoteTestNG.main(RemoteTestNG.java:177)
]]>
    </failure>
  </testcase> <!-- ItemSelectQuestion_DeleteAnOptionGroupFromAnItemSelectQuestion_400 -->
  <testcase name="ItemSelectQuestion_GetOptionsForASpecificItemSelectQuestionMethodologyItem_status404" time="11.266" classname="restassured.automation.testcases.Restassured_Automation_ItemSelectQuestion"/>
  <testcase name="ItemSelectQuestion_PatchUpdateASelectQuestionItemOption_status404" time="15.098" classname="restassured.automation.testcases.Restassured_Automation_ItemSelectQuestion"/>
  <testcase name="ItemSelectQuestion_UpdateASelectQuestionItemOptionGroup_204" time="26.931" classname="restassured.automation.testcases.Restassured_Automation_ItemSelectQuestion"/>
  <testcase name="ItemSelectQuestion_DeleteAnOptionFromAnItemSelectQuestion_status404" time="13.519" classname="restassured.automation.testcases.Restassured_Automation_ItemSelectQuestion"/>
  <testcase name="ItemSelectQuestion_PutSafelyInitializeNewOptionsForASelectQuestion_status200" time="8.845" classname="restassured.automation.testcases.Restassured_Automation_ItemSelectQuestion"/>
  <testcase name="ItemSelectQuestion_MoveASelectQuestionFromItemOption_status200" time="10.754" classname="restassured.automation.testcases.Restassured_Automation_ItemSelectQuestion"/>
  <testcase name="ItemSelectQuestion_DeleteAnOptionGroupFromAnItemSelectQuestion_204" time="18.365" classname="restassured.automation.testcases.Restassured_Automation_ItemSelectQuestion"/>
  <testcase name="ItemSelectQuestion_CreateANewOptionGroupForAnItemSelectQuestionStatus_400" time="11.945" classname="restassured.automation.testcases.Restassured_Automation_ItemSelectQuestion"/>
  <testcase name="ItemSelectQuestion_PatchUpdateASelectQuestionItemOption_status200" time="20.401" classname="restassured.automation.testcases.Restassured_Automation_ItemSelectQuestion"/>
  <testcase name="ItemSelectQuestion_PutSafelyInitializeNewOptionsForASelectQuestion_status404" time="8.673" classname="restassured.automation.testcases.Restassured_Automation_ItemSelectQuestion"/>
  <testcase name="ItemSelectQuestion_UpdateASelectQuestionItemOptionGroup_400" time="26.829" classname="restassured.automation.testcases.Restassured_Automation_ItemSelectQuestion"/>
  <testcase name="ItemSelectQuestion_GetOptionsForASpecificItemSelectQuestionMethodologyItem_status400" time="9.832" classname="restassured.automation.testcases.Restassured_Automation_ItemSelectQuestion"/>
  <testcase name="ItemSelectQuestion_PutSafelyInitializeNewOptionsForASelectQuestion_status400" time="15.344" classname="restassured.automation.testcases.Restassured_Automation_ItemSelectQuestion"/>
  <testcase name="ItemSelectQuestion_MoveASelectQuestionFromItemOption_status404" time="13.926" classname="restassured.automation.testcases.Restassured_Automation_ItemSelectQuestion"/>
  <testcase name="ItemSelectQuestion_GetOptionsForASpecificItemSelectQuestionMethodologyItem_status200" time="12.384" classname="restassured.automation.testcases.Restassured_Automation_ItemSelectQuestion"/>
  <testcase name="ItemSelectQuestion_MoveASelectQuestionFromItemOption_status400" time="21.493" classname="restassured.automation.testcases.Restassured_Automation_ItemSelectQuestion"/>
  <testcase name="ItemSelectQuestion_PostCreateANewOptionForAnItemSelectQuestion_status404" time="10.135" classname="restassured.automation.testcases.Restassured_Automation_ItemSelectQuestion"/>
  <testcase name="ItemSelectQuestion_DeleteAnOptionFromAnItemSelectQuestion_Status400" time="17.113" classname="restassured.automation.testcases.Restassured_Automation_ItemSelectQuestion"/>
  <testcase name="ItemSelectQuestion_UpdateASelectQuestionItemOptionGroup_404" time="17.411" classname="restassured.automation.testcases.Restassured_Automation_ItemSelectQuestion"/>
</testsuite> <!-- restassured.automation.testcases.Restassured_Automation_ItemSelectQuestion -->
