<?xml version="1.0" encoding="UTF-8"?>
<!-- Generated by org.testng.reporters.JUnitReportReporter -->
<testsuite hostname="LTCH-5CD105HTG9" name="restassured.automation.ETTestcases.Restassured_Automation_ETFinancialStatement" tests="4" failures="0" timestamp="9 Jun 2021 07:34:17 GMT" time="12.147" errors="0">
  <testcase name="ETEngagement_CreateAnNewFsliItem_Status204" time="2.117" classname="restassured.automation.ETTestcases.Restassured_Automation_ETFinancialStatement"/>
  <testcase name="ETEngagement_DeleteFsli_Status204" time="3.479" classname="restassured.automation.ETTestcases.Restassured_Automation_ETFinancialStatement"/>
  <testcase name="ETEngagement_PatchFsli_Status204" time="3.277" classname="restassured.automation.ETTestcases.Restassured_Automation_ETFinancialStatement"/>
  <testcase name="ETEngagement_PutFsli_Status204" time="3.274" classname="restassured.automation.ETTestcases.Restassured_Automation_ETFinancialStatement"/>
</testsuite> <!-- restassured.automation.ETTestcases.Restassured_Automation_ETFinancialStatement -->
