<?xml version="1.0" encoding="UTF-8"?>
<!-- Generated by org.testng.reporters.JUnitReportReporter -->
<testsuite hostname="LTCH-5CD105HTG9" name="restassured.automation.testcases.Restassured_Automation_Publish" tests="2" failures="0" timestamp="14 Jun 2021 11:56:08 GMT" time="27.915" errors="0">
  <testcase name="Publish_PostPublish_status200" time="14.956" classname="restassured.automation.testcases.Restassured_Automation_Publish"/>
  <testcase name="Publish_PostValidate_status200" time="12.959" classname="restassured.automation.testcases.Restassured_Automation_Publish"/>
</testsuite> <!-- restassured.automation.testcases.Restassured_Automation_Publish -->
