<?xml version="1.0" encoding="UTF-8"?>
<!-- Generated by org.testng.reporters.JUnitReportReporter -->
<testsuite hostname="LTCH-5CD105HTG9" name="restassured.automation.testcases.Restassured_Automation_MethodologyItemRelations" tests="1" failures="0" timestamp="24 Mar 2021 12:05:11 GMT" time="10.687" errors="0">
  <testcase name="MethodologyItemRelation_MethodologyItemRelation_EndToEnd_Scenario" time="10.687" classname="restassured.automation.testcases.Restassured_Automation_MethodologyItemRelations"/>
</testsuite> <!-- restassured.automation.testcases.Restassured_Automation_MethodologyItemRelations -->
