<?xml version="1.0" encoding="UTF-8"?>
<!-- Generated by org.testng.reporters.JUnitReportReporter -->
<testsuite hostname="LTCH-5CD105HTG9" name="restassured.automation.testcases.Restassured_Automation_ItemSelectQuestion" tests="1" failures="0" timestamp="18 Mar 2021 08:27:00 GMT" time="6.489" errors="0">
  <testcase name="ItemSelectQuestion_CreateANewOptionGroupForAnItemSelectQuestionStatus_200" time="6.489" classname="restassured.automation.testcases.Restassured_Automation_ItemSelectQuestion"/>
</testsuite> <!-- restassured.automation.testcases.Restassured_Automation_ItemSelectQuestion -->
