<?xml version="1.0" encoding="UTF-8"?>
<!-- Generated by org.testng.reporters.JUnitReportReporter -->
<testsuite hostname="LTCH-5CD105HTG9" name="restassured.automation.testcases.Restassured_Automation_OrgRoles" tests="10" failures="0" timestamp="30 Mar 2021 06:38:29 GMT" time="24.813" errors="0">
  <testcase name="OrganisationRoles_SUPER_USE_ENDPOINT_DeleteARole_WithStatus_200" time="1.228" classname="restassured.automation.testcases.Restassured_Automation_OrgRoles"/>
  <testcase name="OrganisationRoles_DeleteAnNewRoleAssignmentForAnOrganizationWithStatus_200" time="6.241" classname="restassured.automation.testcases.Restassured_Automation_OrgRoles"/>
  <testcase name="OrganisationRoles_PostSuperUserFuntionCreateANewUserPremission_status200" time="3.479" classname="restassured.automation.testcases.Restassured_Automation_OrgRoles"/>
  <testcase name="OrganisationRoles_SUPER_USE_ENDPOINT_CreateARole_WithStatus_200" time="0.509" classname="restassured.automation.testcases.Restassured_Automation_OrgRoles"/>
  <testcase name="OrganisationRoles_LoadAllRolesInformationForAnOrganizationWithStatus_200" time="1.871" classname="restassured.automation.testcases.Restassured_Automation_OrgRoles"/>
  <testcase name="OrganisationRoles_GetSuperUserFuntionGetAListOfAllPremissionForAUser_status200" time="2.946" classname="restassured.automation.testcases.Restassured_Automation_OrgRoles"/>
  <testcase name="OrganisationRoles_SUPER_USE_ENDPOINT_UpdateARolePermissionWithStatus_200" time="1.125" classname="restassured.automation.testcases.Restassured_Automation_OrgRoles"/>
  <testcase name="OrganisationRoles_CreateAnNewRoleAssignmentForAnOrganizationWithStatus_200" time="2.613" classname="restassured.automation.testcases.Restassured_Automation_OrgRoles"/>
  <testcase name="OrganisationRoles_GetTheListOfRoleDefinationsForTheOrganization_status200" time="0.637" classname="restassured.automation.testcases.Restassured_Automation_OrgRoles"/>
  <testcase name="OrganisationRoles_OrganisationRolesScenario" time="4.164" classname="restassured.automation.testcases.Restassured_Automation_OrgRoles"/>
</testsuite> <!-- restassured.automation.testcases.Restassured_Automation_OrgRoles -->
