<?xml version="1.0" encoding="UTF-8"?>
<!-- Generated by org.testng.reporters.JUnitReportReporter -->
<testsuite hostname="LTCH-5CD105HTG9" name="restassured.automation.testcases.Restassured_Automation_ItemSelectQuestion" tests="1" failures="0" timestamp="30 Mar 2021 11:54:37 GMT" time="10.716" errors="0">
  <testcase name="ItemSelectQuestion_MoveASelectQuestionFromItemOption_status200" time="10.716" classname="restassured.automation.testcases.Restassured_Automation_ItemSelectQuestion"/>
</testsuite> <!-- restassured.automation.testcases.Restassured_Automation_ItemSelectQuestion -->
