<?xml version="1.0" encoding="UTF-8"?>
<!-- Generated by org.testng.reporters.JUnitReportReporter -->
<testsuite hostname="LTCH-5CD105HTG9" name="restassured.automation.testcases.Restassured_Automation_Organizations" tests="6" failures="0" timestamp="17 Mar 2021 13:00:40 GMT" time="6.888" errors="0">
  <testcase name="Organisation_GetQueryForUsers_status200" time="1.338" classname="restassured.automation.testcases.Restassured_Automation_Organizations"/>
  <testcase name="Organisation_GetThePermissionForTheAuthUser" time="0.431" classname="restassured.automation.testcases.Restassured_Automation_Organizations"/>
  <testcase name="Organisation_EndToEnd_Organizations_Scenario" time="3.334" classname="restassured.automation.testcases.Restassured_Automation_Organizations"/>
  <testcase name="Organisation_PatchCreateNewOrg200" time="0.913" classname="restassured.automation.testcases.Restassured_Automation_Organizations"/>
  <testcase name="Organisation_GetTheListOfOrganization" time="0.436" classname="restassured.automation.testcases.Restassured_Automation_Organizations"/>
  <testcase name="Organisation_GetQueryForUsers_status400" time="0.436" classname="restassured.automation.testcases.Restassured_Automation_Organizations"/>
</testsuite> <!-- restassured.automation.testcases.Restassured_Automation_Organizations -->
