<?xml version="1.0" encoding="UTF-8"?>
<!-- Generated by org.testng.reporters.JUnitReportReporter -->
<testsuite hostname="LTCH-5CD105HTG9" name="restassured.automation.testcases.Restassured_Automation_MethodologItem" tests="1" failures="0" timestamp="23 Mar 2021 07:04:44 GMT" time="9.414" errors="0">
  <testcase name="MethodologyItem_GetAllMethodologyItemsForARevision_status200" time="9.414" classname="restassured.automation.testcases.Restassured_Automation_MethodologItem"/>
</testsuite> <!-- restassured.automation.testcases.Restassured_Automation_MethodologItem -->
