<?xml version="1.0" encoding="UTF-8"?>
<!-- Generated by org.testng.reporters.JUnitReportReporter -->
<testsuite hostname="LT-34679A" name="restassured.automation.utils.Restassured_Automation_Engagementtype" tests="1" failures="0" timestamp="11 Dec 2020 01:49:55 GMT" time="2.975" errors="0">
  <testcase name="Organizations_Add" time="2.975" classname="restassured.automation.utils.Restassured_Automation_Engagementtype"/>
</testsuite> <!-- restassured.automation.utils.Restassured_Automation_Engagementtype -->
