<?xml version="1.0" encoding="UTF-8"?>
<!-- Generated by org.testng.reporters.JUnitReportReporter -->
<testsuite hostname="LTCH-5CD105HTG9" name="restassured.automation.testcases.Restassured_Automation_MethodologItem" tests="21" failures="1" timestamp="30 Mar 2021 07:16:51 GMT" time="101.235" errors="0">
  <testcase name="MethodologyItem_PostInitialiseAWorkProgram_status204" time="4.876" classname="restassured.automation.testcases.Restassured_Automation_MethodologItem"/>
  <testcase name="MethodologyItem_EndToEnd_Scenario" time="6.577" classname="restassured.automation.testcases.Restassured_Automation_MethodologItem"/>
  <testcase name="MethodologyItem_PutMoveATreeItemToAFolderAtSpecifiedIndex_status409" time="4.710" classname="restassured.automation.testcases.Restassured_Automation_MethodologItem"/>
  <testcase name="MethodologyItem_PutMoveATreeItemToAFolderAtSpecifiedIndex_status204" time="4.912" classname="restassured.automation.testcases.Restassured_Automation_MethodologItem"/>
  <testcase name="MethodologyItem_UpdateItemsWorkFlowWithStatus_400" time="4.447" classname="restassured.automation.testcases.Restassured_Automation_MethodologItem"/>
  <testcase name="MethodologyItem_PostInitialiseAWorkProgram_status400" time="4.845" classname="restassured.automation.testcases.Restassured_Automation_MethodologItem"/>
  <testcase name="MethodologyItem_DeleteMarkAnItemAsDeleted_status400" time="5.987" classname="restassured.automation.testcases.Restassured_Automation_MethodologItem"/>
  <testcase name="MethodologyItem_DeleteMarkAnItemAsDeleted_status200" time="8.580" classname="restassured.automation.testcases.Restassured_Automation_MethodologItem"/>
  <testcase name="MethodologyItem_UpdateItemsWorkFlowWithStatus_204" time="5.080" classname="restassured.automation.testcases.Restassured_Automation_MethodologItem"/>
  <testcase name="MethodologyItem_PostInitialiseAWorkProgram_status404" time="5.117" classname="restassured.automation.testcases.Restassured_Automation_MethodologItem"/>
  <testcase name="MethodologyItem_GetAllMethodologyItemsForARevision_status200" time="4.723" classname="restassured.automation.testcases.Restassured_Automation_MethodologItem"/>
  <testcase name="MethodologyItem_PostCreateANewMethodologyItemWithinTheMethodologyTree_status200" time="3.889" classname="restassured.automation.testcases.Restassured_Automation_MethodologItem"/>
  <testcase name="MethodologyItem_PutMoveATreeItemToAFolderAtSpecifiedIndex_status400" time="4.606" classname="restassured.automation.testcases.Restassured_Automation_MethodologItem"/>
  <testcase name="MethodologyItem_GetAllMethodologyItemsForARevision_status400" time="3.873" classname="restassured.automation.testcases.Restassured_Automation_MethodologItem">
    <failure type="java.lang.AssertionError" message="expected [400] but found [500]">
      <![CDATA[java.lang.AssertionError: expected [400] but found [500]
	at org.testng.Assert.fail(Assert.java:94)
	at org.testng.Assert.failNotEquals(Assert.java:513)
	at org.testng.Assert.assertEqualsImpl(Assert.java:135)
	at org.testng.Assert.assertEquals(Assert.java:116)
	at org.testng.Assert.assertEquals(Assert.java:389)
	at org.testng.Assert.assertEquals(Assert.java:399)
	at restassured.automation.testcases.Restassured_Automation_MethodologItem.MethodologyItem_GetAllMethodologyItemsForARevision_status400(Restassured_Automation_MethodologItem.java:145)
	at sun.reflect.NativeMethodAccessorImpl.invoke0(Native Method)
	at sun.reflect.NativeMethodAccessorImpl.invoke(Unknown Source)
	at sun.reflect.DelegatingMethodAccessorImpl.invoke(Unknown Source)
	at java.lang.reflect.Method.invoke(Unknown Source)
	at org.testng.internal.MethodInvocationHelper.invokeMethod(MethodInvocationHelper.java:86)
	at org.testng.internal.Invoker.invokeMethod(Invoker.java:645)
	at org.testng.internal.Invoker.invokeTestMethod(Invoker.java:822)
	at org.testng.internal.Invoker.invokeTestMethods(Invoker.java:1130)
	at org.testng.internal.TestMethodWorker.invokeTestMethods(TestMethodWorker.java:129)
	at org.testng.internal.TestMethodWorker.run(TestMethodWorker.java:112)
	at org.testng.TestRunner.privateRun(TestRunner.java:782)
	at org.testng.TestRunner.run(TestRunner.java:632)
	at org.testng.SuiteRunner.runTest(SuiteRunner.java:366)
	at org.testng.SuiteRunner.runSequentially(SuiteRunner.java:361)
	at org.testng.SuiteRunner.privateRun(SuiteRunner.java:319)
	at org.testng.SuiteRunner.run(SuiteRunner.java:268)
	at org.testng.SuiteRunnerWorker.runSuite(SuiteRunnerWorker.java:52)
	at org.testng.SuiteRunnerWorker.run(SuiteRunnerWorker.java:86)
	at org.testng.TestNG.runSuitesSequentially(TestNG.java:1244)
	at org.testng.TestNG.runSuitesLocally(TestNG.java:1169)
	at org.testng.TestNG.run(TestNG.java:1064)
	at org.testng.remote.RemoteTestNG.run(RemoteTestNG.java:113)
	at org.testng.remote.RemoteTestNG.initAndRun(RemoteTestNG.java:206)
	at org.testng.remote.RemoteTestNG.main(RemoteTestNG.java:177)
]]>
    </failure>
  </testcase> <!-- MethodologyItem_GetAllMethodologyItemsForARevision_status400 -->
  <testcase name="MethodologyItem_PatchUpdateAMethodologyItemForTheRevision_status400" time="4.707" classname="restassured.automation.testcases.Restassured_Automation_MethodologItem"/>
  <testcase name="MethodologyItem_getAllMethodologyItemsForARevision_status404" time="3.186" classname="restassured.automation.testcases.Restassured_Automation_MethodologItem"/>
  <testcase name="MethodologyItem_PostCreateANewMethodologyItemWithinTheMethodologyTree_status404" time="3.582" classname="restassured.automation.testcases.Restassured_Automation_MethodologItem"/>
  <testcase name="MethodologyItem_PatchUpdateAMethodologyItemForTheRevision_status404" time="4.810" classname="restassured.automation.testcases.Restassured_Automation_MethodologItem"/>
  <testcase name="MethodologyItem_PostCreateANewMethodologyItemWithinTheMethodologyTree_status400" time="3.787" classname="restassured.automation.testcases.Restassured_Automation_MethodologItem"/>
  <testcase name="MethodologyItem_UpdateItemsWorkFlowWithStatus_404" time="3.941" classname="restassured.automation.testcases.Restassured_Automation_MethodologItem"/>
  <testcase name="MethodologyItem_PatchUpdateAMethodologyItemForTheRevision_status204" time="5.000" classname="restassured.automation.testcases.Restassured_Automation_MethodologItem"/>
</testsuite> <!-- restassured.automation.testcases.Restassured_Automation_MethodologItem -->
