<?xml version="1.0" encoding="UTF-8"?>
<!-- Generated by org.testng.reporters.JUnitReportReporter -->
<testsuite hostname="LTCH-5CD105HTG9" name="restassured.automation.testcases.Restassured_Automation_Methodology" tests="9" failures="0" timestamp="30 Mar 2021 10:26:03 GMT" time="62.544" errors="0">
  <testcase name="Methodology_PatchUpdateAMethodology_status204" time="5.722" classname="restassured.automation.testcases.Restassured_Automation_Methodology"/>
  <testcase name="Methodology_PostAddANewMethodology_status200" time="9.522" classname="restassured.automation.testcases.Restassured_Automation_Methodology"/>
  <testcase name="Methodology_ENDTOEND_Scenario" time="16.410" classname="restassured.automation.testcases.Restassured_Automation_Methodology"/>
  <testcase name="Methodology_GetListAllMethodologiesTheUserHasAccessTo_Status200" time="3.859" classname="restassured.automation.testcases.Restassured_Automation_Methodology"/>
  <testcase name="Methodology_PostAddANewMethodology_status400" time="3.958" classname="restassured.automation.testcases.Restassured_Automation_Methodology"/>
  <testcase name="Methodology_getASpecificRevisionItemTree_status404" time="7.503" classname="restassured.automation.testcases.Restassured_Automation_Methodology"/>
  <testcase name="Methodology_GetDetialsAboutASpecificMethodology_status200" time="5.483" classname="restassured.automation.testcases.Restassured_Automation_Methodology"/>
  <testcase name="Methodology_PatchUpdateAMethodology_status400" time="5.360" classname="restassured.automation.testcases.Restassured_Automation_Methodology"/>
  <testcase name="Methodology_GetASpecificRevisionItemTree_status200" time="4.727" classname="restassured.automation.testcases.Restassured_Automation_Methodology"/>
</testsuite> <!-- restassured.automation.testcases.Restassured_Automation_Methodology -->
