<?xml version="1.0" encoding="UTF-8"?>
<!-- Generated by org.testng.reporters.JUnitReportReporter -->
<testsuite hostname="LTCH-5CD105HTG9" name="restassured.automation.testcases.Restassured_Automation_Organizations" tests="6" failures="0" timestamp="31 Mar 2021 10:40:40 GMT" time="6.979" errors="0">
  <testcase name="Organisation_PatchCreateNewOrg200" time="0.910" classname="restassured.automation.testcases.Restassured_Automation_Organizations"/>
  <testcase name="Organisation_GetThePermissionForTheAuthUser" time="0.435" classname="restassured.automation.testcases.Restassured_Automation_Organizations"/>
  <testcase name="Organisation_GetTheListOfOrganization" time="0.455" classname="restassured.automation.testcases.Restassured_Automation_Organizations"/>
  <testcase name="Organisation_GetQueryForUsers_status400" time="0.433" classname="restassured.automation.testcases.Restassured_Automation_Organizations"/>
  <testcase name="Organisation_GetQueryForUsers_status200" time="1.354" classname="restassured.automation.testcases.Restassured_Automation_Organizations"/>
  <testcase name="Organisation_EndToEnd_Scenario" time="3.392" classname="restassured.automation.testcases.Restassured_Automation_Organizations"/>
</testsuite> <!-- restassured.automation.testcases.Restassured_Automation_Organizations -->
