<?xml version="1.0" encoding="UTF-8"?>
<!-- Generated by org.testng.reporters.JUnitReportReporter -->
<testsuite hostname="LTCH-5CD105HTG9" name="restassured.automation.testcases.Restassured_Automation_Methodology" tests="1" failures="0" timestamp="17 Mar 2021 13:41:16 GMT" time="4.330" errors="0">
  <testcase name="Methodology_PatchUpdateASpecificMethodologiesWith_Status_204" time="4.330" classname="restassured.automation.testcases.Restassured_Automation_Methodology"/>
</testsuite> <!-- restassured.automation.testcases.Restassured_Automation_Methodology -->
