<?xml version="1.0" encoding="UTF-8"?>
<!-- Generated by org.testng.reporters.JUnitReportReporter -->
<testsuite hostname="LTCH-5CD105HTG9" name="restassured.automation.testcases.Restassured_Automation_OrgRoles" tests="1" failures="0" timestamp="23 Mar 2021 13:42:53 GMT" time="8.818" errors="0">
  <testcase name="OrganisationRoles_DeleteAnNewRoleAssignmentForAnOrganizationWithStatus_200" time="8.818" classname="restassured.automation.testcases.Restassured_Automation_OrgRoles"/>
</testsuite> <!-- restassured.automation.testcases.Restassured_Automation_OrgRoles -->
