<?xml version="1.0" encoding="UTF-8"?>
<!-- Generated by org.testng.reporters.JUnitReportReporter -->
<testsuite skipped="0" hostname="LT-CHN-33875" name="restassured.automation.testcases.Restassured_Automation_Roles" tests="1" failures="0" timestamp="07 Feb 2021 06:23:53 GMT" time="3.666" errors="0">
  <testcase name="getTheAssignedRolesForTheGivenResource_status200" time="3.666" classname="restassured.automation.testcases.Restassured_Automation_Roles"/>
</testsuite> <!-- restassured.automation.testcases.Restassured_Automation_Roles -->
