<?xml version="1.0" encoding="UTF-8"?>
<!-- Generated by org.testng.reporters.JUnitReportReporter -->
<testsuite hostname="LTCH-5CD105HTG9" name="restassured.automation.testcases.Restassured_Automation_Organizations" tests="1" failures="0" timestamp="30 Mar 2021 10:24:24 GMT" time="4.314" errors="0">
  <testcase name="Organisation_GetQueryForUsers_status200" time="4.314" classname="restassured.automation.testcases.Restassured_Automation_Organizations"/>
</testsuite> <!-- restassured.automation.testcases.Restassured_Automation_Organizations -->
