<?xml version="1.0" encoding="UTF-8"?>
<!-- Generated by org.testng.reporters.JUnitReportReporter -->
<testsuite hostname="LTCH-5CD105HTG9" name="restassured.automation.testcases.Restassured_Automation_OrgRoles" tests="5" failures="0" timestamp="17 Mar 2021 13:00:40 GMT" time="10.851" errors="0">
  <testcase name="OrganisationRoles_LoadAllRolesInformationForAnOrganizationWithStatus_200" time="1.094" classname="restassured.automation.testcases.Restassured_Automation_OrgRoles"/>
  <testcase name="OrganisationRoles_GetTheListOfRoleDefinationsForTheOrganization_status200" time="0.438" classname="restassured.automation.testcases.Restassured_Automation_OrgRoles"/>
  <testcase name="OrganisationRoles_OrganisationRolesScenario" time="3.814" classname="restassured.automation.testcases.Restassured_Automation_OrgRoles"/>
  <testcase name="OrganisationRoles_PostSuperUserFuntionCreateANewUserPremission_status200" time="2.939" classname="restassured.automation.testcases.Restassured_Automation_OrgRoles"/>
  <testcase name="OrganisationRoles_GetSuperUserFuntionGetAListOfAllPremissionForAUser_status200" time="2.566" classname="restassured.automation.testcases.Restassured_Automation_OrgRoles"/>
</testsuite> <!-- restassured.automation.testcases.Restassured_Automation_OrgRoles -->
